2023.07.28 16:03:46 INFO  Started: Metals version 1.0.0 in folders '/home/threadedstream/langshardway/scala' for client Visual Studio Code 1.77.0.[0m
Jul 28, 2023 4:03:46 PM org.flywaydb.core.internal.license.VersionPrinter printVersionOnly
INFO: Flyway Community Edition 9.20.1 by Redgate
Jul 28, 2023 4:03:46 PM org.flywaydb.core.internal.license.VersionPrinter printVersion
INFO: See release notes here: https://rd.gt/416ObMi
Jul 28, 2023 4:03:46 PM org.flywaydb.core.internal.license.VersionPrinter printVersion
INFO: 
Jul 28, 2023 4:03:47 PM org.flywaydb.core.internal.database.base.BaseDatabaseType createDatabase
INFO: Database: jdbc:h2:file:/home/threadedstream/langshardway/scala/.metals/metals (H2 2.1)
Jul 28, 2023 4:03:47 PM org.flywaydb.core.internal.schemahistory.JdbcTableSchemaHistory allAppliedMigrations
INFO: Schema history table "PUBLIC"."flyway_schema_history" does not exist yet
Jul 28, 2023 4:03:47 PM org.flywaydb.core.internal.command.DbValidate validate
INFO: Successfully validated 4 migrations (execution time 00:00.047s)
Jul 28, 2023 4:03:47 PM org.flywaydb.core.internal.schemahistory.JdbcTableSchemaHistory create
INFO: Creating Schema History table "PUBLIC"."flyway_schema_history" ...
Jul 28, 2023 4:03:47 PM org.flywaydb.core.internal.command.DbMigrate migrateGroup
INFO: Current version of schema "PUBLIC": << Empty Schema >>
Jul 28, 2023 4:03:47 PM org.flywaydb.core.internal.command.DbMigrate doMigrateGroup
INFO: Migrating schema "PUBLIC" to version "1 - Create tables"
Jul 28, 2023 4:03:47 PM org.flywaydb.core.internal.command.DbMigrate doMigrateGroup
INFO: Migrating schema "PUBLIC" to version "2 - Server discovery"
Jul 28, 2023 4:03:47 PM org.flywaydb.core.internal.command.DbMigrate doMigrateGroup
INFO: Migrating schema "PUBLIC" to version "3 - Jar symbols"
Jul 28, 2023 4:03:47 PM org.flywaydb.core.internal.command.DbMigrate doMigrateGroup
INFO: Migrating schema "PUBLIC" to version "4 - Fingerprints"
Jul 28, 2023 4:03:47 PM org.flywaydb.core.internal.command.DbMigrate logSummary
INFO: Successfully applied 4 migrations to schema "PUBLIC", now at version v4 (execution time 00:00.045s)
2023.07.28 16:03:47 INFO  time: initialize in 1.46s[0m
2023.07.28 16:03:50 WARN  Build server is not auto-connectable.[0m
2023.07.28 16:03:50 WARN  no build target for: /home/threadedstream/langshardway/scala/build.sbt[0m
2023.07.28 16:03:57 INFO  no build target found for /home/threadedstream/langshardway/scala/build.sbt. Using presentation compiler with project's scala-library version: 3.3.0[0m
2023.07.28 16:03:59 INFO  time: code lens generation in 8.85s[0m
2023.07.28 16:04:32 WARN  no build target for: /home/threadedstream/langshardway/scala/build.sbt[0m
2023.07.28 16:04:34 INFO  running '/home/threadedstream/.jabba/jdk/openjdk@1.17.0/bin/java -Djline.terminal=jline.UnsupportedTerminal -Dsbt.log.noformat=true -Dfile.encoding=UTF-8 -Dsbt.version=1.9.2 -jar /tmp/metals52097355073723474/sbt-launch.jar -Dbloop.export-jar-classifiers=sources bloopInstall'[0m
2023.07.28 16:04:34 WARN  no build target for: /home/threadedstream/langshardway/scala/project/metals.sbt[0m
2023.07.28 16:04:39 INFO  [info] Updated file /home/threadedstream/langshardway/scala/project/build.properties: set sbt.version to 1.9.2[0m
2023.07.28 16:04:39 INFO  [info] welcome to sbt 1.9.2 (Oracle Corporation Java 17)[0m
2023.07.28 16:04:42 INFO  [info] loading settings for project scala-build-build from metals.sbt ...[0m
2023.07.28 16:04:44 INFO  [info] loading project definition from /home/threadedstream/langshardway/scala/project/project[0m
2023.07.28 16:04:44 INFO  skipping build import with status 'Dismissed'[0m
2023.07.28 16:04:48 WARN  no build target for: /home/threadedstream/langshardway/scala/build.sbt[0m
2023.07.28 16:04:49 INFO  [info] loading settings for project scala-build from metals.sbt ...[0m
2023.07.28 16:04:49 WARN  no build target for: /home/threadedstream/langshardway/scala/build.sbt[0m
2023.07.28 16:04:49 INFO  [info] loading project definition from /home/threadedstream/langshardway/scala/project[0m
2023.07.28 16:04:50 WARN  no build target for: /home/threadedstream/langshardway/scala/build.sbt[0m
2023.07.28 16:04:51 WARN  no build target for: /home/threadedstream/langshardway/scala/build.sbt[0m
2023.07.28 16:04:55 WARN  no build target for: /home/threadedstream/langshardway/scala/build.sbt[0m
2023.07.28 16:04:56 INFO  [success] Generated .bloop/scala-build.json[0m
2023.07.28 16:04:56 WARN  no build target for: /home/threadedstream/langshardway/scala/build.sbt[0m
2023.07.28 16:04:57 WARN  no build target for: /home/threadedstream/langshardway/scala/build.sbt[0m
2023.07.28 16:04:56 INFO  [success] Total time: 8 s, completed Jul 28, 2023, 4:04:57 PM[0m
2023.07.28 16:04:56 INFO  skipping build import with status 'Dismissed'[0m
2023.07.28 16:04:58 INFO  [info] loading settings for project scala from build.sbt ...[0m
2023.07.28 16:04:58 INFO  [info] set current project to indexer (in build file:/home/threadedstream/langshardway/scala/)[0m
2023.07.28 16:04:58 INFO  [success] Generated .bloop/scala-test.json[0m
2023.07.28 16:04:58 INFO  [success] Generated .bloop/scala.json[0m
2023.07.28 16:04:58 INFO  [success] Total time: 0 s, completed Jul 28, 2023, 4:04:59 PM[0m
2023.07.28 16:04:59 INFO  time: ran 'sbt bloopInstall' in 25s[0m
2023.07.28 16:04:59 INFO  Attempting to connect to the build server...[0m
2023.07.28 16:04:59 INFO  Setting up current java home /home/threadedstream/.jabba/jdk/openjdk@1.17.0 in /home/threadedstream/.bloop/bloop.json[0m
2023.07.28 16:05:07 INFO  tracing is disabled for protocol BSP, to enable tracing of incoming and outgoing JSON messages create an empty file at /home/threadedstream/langshardway/scala/.metals/bsp.trace.json or /home/threadedstream/.cache/metals/bsp.trace.json[0m
2023.07.28 16:05:12 INFO  Attempting to connect to the build server...[0m
2023.07.28 16:05:12 INFO  Bloop uses /home/threadedstream/.jabba/jdk/openjdk@1.17.0 defined at /home/threadedstream/.bloop/bloop.json[0m
2023.07.28 16:05:12 INFO  tracing is disabled for protocol BSP, to enable tracing of incoming and outgoing JSON messages create an empty file at /home/threadedstream/langshardway/scala/project/.metals/bsp.trace.json or /home/threadedstream/.cache/metals/bsp.trace.json[0m
2023.07.28 16:05:12 INFO  time: Connected to build server in 12s[0m
2023.07.28 16:05:12 INFO  Connected to Build server: Bloop v1.5.8[0m
2023.07.28 16:05:12 INFO  time: Imported build in 0.15s[0m
2023.07.28 16:05:21 INFO  skipping build import with status 'Dismissed'[0m
2023.07.28 16:05:22 INFO  time: code lens generation in 4.76s[0m
2023.07.28 16:05:22 INFO  time: code lens generation in 2.23s[0m
2023.07.28 16:05:22 INFO  time: code lens generation in 4.29s[0m
2023.07.28 16:05:22 INFO  time: code lens generation in 2.99s[0m
2023.07.28 16:05:22 INFO  time: indexed workspace in 10s[0m
Jul 28, 2023 4:05:24 PM org.eclipse.lsp4j.jsonrpc.RemoteEndpoint handleCancellation
WARNING: Unmatched cancel notification for request id 117
Jul 28, 2023 4:05:24 PM org.eclipse.lsp4j.jsonrpc.RemoteEndpoint handleCancellation
WARNING: Unmatched cancel notification for request id 115
2023.07.28 16:05:29 INFO  skipping build import with status 'Dismissed'[0m
2023.07.28 16:05:35 INFO  skipping build import with status 'Dismissed'[0m
2023.07.28 16:05:35 INFO  skipping build import with status 'Dismissed'[0m
2023.07.28 16:05:35 INFO  skipping build import with status 'Dismissed'[0m
2023.07.28 16:05:41 INFO  skipping build import with status 'Dismissed'[0m
2023.07.28 16:05:41 INFO  skipping build import with status 'Dismissed'[0m
2023.07.28 16:05:50 INFO  compiling scala (1 scala source)[0m
Jul 28, 2023 4:05:52 PM org.eclipse.lsp4j.jsonrpc.RemoteEndpoint handleCancellation
WARNING: Unmatched cancel notification for request id 184
2023.07.28 16:06:07 INFO  time: compiled scala in 16s[0m
2023.07.28 16:06:10 INFO  compiling scala (1 scala source)[0m
2023.07.28 16:06:11 INFO  time: compiled scala in 1.08s[0m
Jul 28, 2023 4:06:20 PM org.eclipse.lsp4j.jsonrpc.RemoteEndpoint handleCancellation
WARNING: Unmatched cancel notification for request id 320
2023.07.28 16:06:21 INFO  skipping build import with status 'Dismissed'[0m
2023.07.28 16:06:22 INFO  skipping build import with status 'Dismissed'[0m
2023.07.28 16:06:22 INFO  skipping build import with status 'Dismissed'[0m
2023.07.28 16:06:24 INFO  skipping build import with status 'Dismissed'[0m
2023.07.28 16:07:15 INFO  compiling scala (1 scala source)[0m
2023.07.28 16:07:16 INFO  time: compiled scala in 1.01s[0m
2023.07.28 16:07:16 INFO  compiling scala (1 scala source)[0m
2023.07.28 16:07:16 INFO  time: compiled scala in 0.54s[0m
2023.07.28 16:11:52 INFO  compiling scala (1 scala source)[0m
2023.07.28 16:11:54 INFO  time: compiled scala in 1.66s[0m
2023.07.28 16:14:42 INFO  compiling scala (1 scala source)[0m
2023.07.28 16:14:42 INFO  time: compiled scala in 0.89s[0m
2023.07.28 16:15:05 INFO  compiling scala (1 scala source)[0m
2023.07.28 16:15:05 WARN  Could not load snapshot text for /home/threadedstream/langshardway/scala/src/main/scala/Main.scala[0m
2023.07.28 16:15:05 INFO  time: compiled scala in 0.59s[0m
2023.07.28 16:15:09 INFO  compiling scala (1 scala source)[0m
2023.07.28 16:15:09 INFO  time: compiled scala in 0.58s[0m
Jul 28, 2023 4:15:10 PM org.eclipse.lsp4j.jsonrpc.RemoteEndpoint handleCancellation
WARNING: Unmatched cancel notification for request id 485
2023.07.28 16:15:09 INFO  compiling scala (1 scala source)[0m
2023.07.28 16:15:10 INFO  time: compiled scala in 0.3s[0m
2023.07.28 16:15:10 INFO  compiling scala (1 scala source)[0m
2023.07.28 16:15:10 INFO  time: compiled scala in 0.3s[0m
2023.07.28 16:21:24 INFO  compiling scala (1 scala source)[0m
2023.07.28 16:21:24 INFO  time: compiled scala in 0.54s[0m
2023.07.28 16:23:36 INFO  compiling scala (1 scala source)[0m
2023.07.28 16:23:36 INFO  time: compiled scala in 0.46s[0m
2023.07.28 16:23:38 INFO  compiling scala (1 scala source)[0m
2023.07.28 16:23:38 INFO  time: compiled scala in 0.51s[0m
2023.07.28 16:43:04 INFO  compiling scala (1 scala source)[0m
2023.07.28 16:43:04 INFO  time: compiled scala in 0.49s[0m
Jul 28, 2023 4:45:01 PM org.eclipse.lsp4j.jsonrpc.RemoteEndpoint handleCancellation
WARNING: Unmatched cancel notification for request id 577
2023.07.28 16:45:05 INFO  compiling scala (1 scala source)[0m
2023.07.28 16:45:05 INFO  time: compiled scala in 0.13s[0m
2023.07.28 16:45:09 INFO  compiling scala (1 scala source)[0m
2023.07.28 16:45:09 INFO  time: compiled scala in 53ms[0m
2023.07.28 16:45:09 INFO  compiling scala (1 scala source)[0m
2023.07.28 16:45:10 INFO  time: compiled scala in 0.54s[0m
2023.07.28 16:45:44 WARN  Could not load snapshot text for /home/threadedstream/langshardway/scala/src/main/scala/Main.scala[0m
2023.07.28 16:45:44 INFO  compiling scala (1 scala source)[0m
2023.07.28 16:45:44 INFO  time: compiled scala in 0.47s[0m
2023.07.28 16:45:58 INFO  compiling scala (1 scala source)[0m
2023.07.28 16:45:58 INFO  time: compiled scala in 0.41s[0m
2023.07.28 16:46:03 INFO  compiling scala (1 scala source)[0m
2023.07.28 16:46:03 INFO  time: compiled scala in 0.34s[0m
2023.07.28 16:46:21 INFO  compiling scala (1 scala source)[0m
2023.07.28 16:46:21 INFO  time: compiled scala in 90ms[0m
2023.07.28 16:46:25 WARN  Using indexes to guess the definition of FileReader[0m
2023.07.28 16:46:27 INFO  compiling scala (1 scala source)[0m
2023.07.28 16:46:27 INFO  time: compiled scala in 64ms[0m
2023.07.28 16:50:24 INFO  compiling scala (1 scala source)[0m
2023.07.28 16:50:24 INFO  time: compiled scala in 91ms[0m
2023.07.28 16:50:24 INFO  compiling scala (1 scala source)[0m
2023.07.28 16:50:24 INFO  time: compiled scala in 46ms[0m
2023.07.28 16:50:25 INFO  compiling scala (1 scala source)[0m
2023.07.28 16:50:25 INFO  time: compiled scala in 68ms[0m
2023.07.28 16:50:28 INFO  compiling scala (1 scala source)[0m
2023.07.28 16:50:28 INFO  time: compiled scala in 0.1s[0m
2023.07.28 16:50:35 INFO  compiling scala (1 scala source)[0m
2023.07.28 16:50:35 INFO  time: compiled scala in 77ms[0m
/java.base/java/io/FileReader.java:26: error: package exists in another module: java.base
package java.io;
^
/java.base/java/io/FileReader.java:46: error: cannot find symbol
public class FileReader extends InputStreamReader {
                                ^
  symbol: class InputStreamReader
/java.base/java/io/FileReader.java:59: error: cannot find symbol
    public FileReader(String fileName) throws FileNotFoundException {
                                              ^
  symbol:   class FileNotFoundException
  location: class FileReader
/java.base/java/io/FileReader.java:74: error: cannot find symbol
    public FileReader(File file) throws FileNotFoundException {
                      ^
  symbol:   class File
  location: class FileReader
/java.base/java/io/FileReader.java:74: error: cannot find symbol
    public FileReader(File file) throws FileNotFoundException {
                                        ^
  symbol:   class FileNotFoundException
  location: class FileReader
/java.base/java/io/FileReader.java:85: error: cannot find symbol
    public FileReader(FileDescriptor fd) {
                      ^
  symbol:   class FileDescriptor
  location: class FileReader
/java.base/java/io/FileReader.java:102: error: cannot find symbol
    public FileReader(String fileName, Charset charset) throws IOException {
                                                               ^
  symbol:   class IOException
  location: class FileReader
/java.base/java/io/FileReader.java:119: error: cannot find symbol
    public FileReader(File file, Charset charset) throws IOException {
                      ^
  symbol:   class File
  location: class FileReader
/java.base/java/io/FileReader.java:119: error: cannot find symbol
    public FileReader(File file, Charset charset) throws IOException {
                                                         ^
  symbol:   class IOException
  location: class FileReader
/java.base/java/io/FileReader.java:60: error: cannot find symbol
        super(new FileInputStream(fileName));
                  ^
  symbol:   class FileInputStream
  location: class FileReader
/java.base/java/io/FileReader.java:75: error: cannot find symbol
        super(new FileInputStream(file));
                  ^
  symbol:   class FileInputStream
  location: class FileReader
/java.base/java/io/FileReader.java:86: error: cannot find symbol
        super(new FileInputStream(fd));
                  ^
  symbol:   class FileInputStream
  location: class FileReader
/java.base/java/io/FileReader.java:103: error: cannot find symbol
        super(new FileInputStream(fileName), charset);
                  ^
  symbol:   class FileInputStream
  location: class FileReader
/java.base/java/io/FileReader.java:120: error: cannot find symbol
        super(new FileInputStream(file), charset);
                  ^
  symbol:   class FileInputStream
  location: class FileReader
2023.07.28 16:52:37 INFO  compiling scala (1 scala source)[0m
2023.07.28 16:52:37 INFO  time: compiled scala in 79ms[0m
2023.07.28 16:52:37 INFO  compiling scala (1 scala source)[0m
2023.07.28 16:52:37 INFO  time: compiled scala in 44ms[0m
2023.07.28 16:53:05 INFO  compiling scala (1 scala source)[0m
2023.07.28 16:53:05 INFO  time: compiled scala in 53ms[0m
2023.07.28 16:53:25 INFO  compiling scala (1 scala source)[0m
2023.07.28 16:53:25 INFO  time: compiled scala in 65ms[0m
2023.07.28 16:53:27 INFO  compiling scala (1 scala source)[0m
2023.07.28 16:53:27 INFO  time: compiled scala in 95ms[0m
2023.07.28 16:53:34 INFO  compiling scala (1 scala source)[0m
2023.07.28 16:53:34 INFO  time: compiled scala in 0.12s[0m
2023.07.28 16:53:37 INFO  compiling scala (1 scala source)[0m
2023.07.28 16:53:37 INFO  time: compiled scala in 60ms[0m
2023.07.28 16:53:38 INFO  compiling scala (1 scala source)[0m
2023.07.28 16:53:38 INFO  time: compiled scala in 0.11s[0m
2023.07.28 16:53:38 INFO  compiling scala (1 scala source)[0m
2023.07.28 16:53:38 INFO  time: compiled scala in 73ms[0m
2023.07.28 16:53:40 INFO  compiling scala (1 scala source)[0m
2023.07.28 16:53:40 INFO  time: compiled scala in 0.1s[0m
2023.07.28 16:55:05 INFO  compiling scala (1 scala source)[0m
2023.07.28 16:55:05 INFO  time: compiled scala in 80ms[0m
2023.07.28 16:55:09 INFO  compiling scala (1 scala source)[0m
2023.07.28 16:55:09 INFO  time: compiled scala in 70ms[0m
2023.07.28 16:55:10 INFO  compiling scala (1 scala source)[0m
2023.07.28 16:55:10 INFO  time: compiled scala in 90ms[0m
2023.07.28 16:55:19 INFO  compiling scala (1 scala source)[0m
2023.07.28 16:55:19 INFO  time: compiled scala in 0.26s[0m
2023.07.28 16:55:19 INFO  compiling scala (1 scala source)[0m
2023.07.28 16:55:19 INFO  time: compiled scala in 61ms[0m
2023.07.28 16:55:20 INFO  compiling scala (1 scala source)[0m
2023.07.28 16:55:20 INFO  time: compiled scala in 82ms[0m
2023.07.28 16:55:22 INFO  compiling scala (1 scala source)[0m
2023.07.28 16:55:22 INFO  time: compiled scala in 63ms[0m
2023.07.28 16:55:23 INFO  compiling scala (1 scala source)[0m
2023.07.28 16:55:23 INFO  time: compiled scala in 45ms[0m
2023.07.28 16:55:28 INFO  compiling scala (1 scala source)[0m
2023.07.28 16:55:28 INFO  time: compiled scala in 77ms[0m
2023.07.28 16:55:35 INFO  compiling scala (1 scala source)[0m
2023.07.28 16:55:35 INFO  time: compiled scala in 45ms[0m
2023.07.28 16:55:35 INFO  compiling scala (1 scala source)[0m
2023.07.28 16:55:35 INFO  time: compiled scala in 23ms[0m
2023.07.28 16:55:37 INFO  compiling scala (1 scala source)[0m
2023.07.28 16:55:37 INFO  time: compiled scala in 37ms[0m
2023.07.28 16:55:48 INFO  compiling scala (1 scala source)[0m
2023.07.28 16:55:48 INFO  time: compiled scala in 60ms[0m
2023.07.28 16:55:50 INFO  compiling scala (1 scala source)[0m
2023.07.28 16:55:50 INFO  time: compiled scala in 46ms[0m
2023.07.28 16:55:54 INFO  compiling scala (1 scala source)[0m
2023.07.28 16:55:54 INFO  time: compiled scala in 59ms[0m
2023.07.28 16:55:57 INFO  compiling scala (1 scala source)[0m
2023.07.28 16:55:57 INFO  time: compiled scala in 88ms[0m
2023.07.28 16:55:57 INFO  compiling scala (1 scala source)[0m
2023.07.28 16:55:57 INFO  time: compiled scala in 74ms[0m
2023.07.28 16:56:02 INFO  compiling scala (1 scala source)[0m
2023.07.28 16:56:02 INFO  time: compiled scala in 89ms[0m
2023.07.28 16:56:05 INFO  compiling scala (1 scala source)[0m
2023.07.28 16:56:05 INFO  time: compiled scala in 47ms[0m
/java.base/java/io/BufferedInputStream.java:26: error: package exists in another module: java.base
package java.io;
^
/java.base/java/io/BufferedInputStream.java:28: error: package jdk.internal.misc is not visible
import jdk.internal.misc.Unsafe;
                   ^
  (package jdk.internal.misc is declared in module java.base, which does not export it to the unnamed module)
/java.base/java/io/BufferedInputStream.java:29: error: package jdk.internal.util is not visible
import jdk.internal.util.ArraysSupport;
                   ^
  (package jdk.internal.util is declared in module java.base, which does not export it to the unnamed module)
/java.base/java/io/BufferedInputStream.java:52: error: cannot find symbol
public class BufferedInputStream extends FilterInputStream {
                                         ^
  symbol: class FilterInputStream
/java.base/java/io/BufferedInputStream.java:154: error: cannot find symbol
    private InputStream getInIfOpen() throws IOException {
            ^
  symbol:   class InputStream
  location: class BufferedInputStream
/java.base/java/io/BufferedInputStream.java:154: error: cannot find symbol
    private InputStream getInIfOpen() throws IOException {
                                             ^
  symbol:   class IOException
  location: class BufferedInputStream
/java.base/java/io/BufferedInputStream.java:165: error: cannot find symbol
    private byte[] getBufIfOpen() throws IOException {
                                         ^
  symbol:   class IOException
  location: class BufferedInputStream
/java.base/java/io/BufferedInputStream.java:180: error: cannot find symbol
    public BufferedInputStream(InputStream in) {
                               ^
  symbol:   class InputStream
  location: class BufferedInputStream
/java.base/java/io/BufferedInputStream.java:196: error: cannot find symbol
    public BufferedInputStream(InputStream in, int size) {
                               ^
  symbol:   class InputStream
  location: class BufferedInputStream
/java.base/java/io/BufferedInputStream.java:211: error: cannot find symbol
    private void fill() throws IOException {
                               ^
  symbol:   class IOException
  location: class BufferedInputStream
/java.base/java/io/BufferedInputStream.java:261: error: cannot find symbol
    public synchronized int read() throws IOException {
                                          ^
  symbol:   class IOException
  location: class BufferedInputStream
/java.base/java/io/BufferedInputStream.java:274: error: cannot find symbol
    private int read1(byte[] b, int off, int len) throws IOException {
                                                         ^
  symbol:   class IOException
  location: class BufferedInputStream
/java.base/java/io/BufferedInputStream.java:332: error: cannot find symbol
        throws IOException
               ^
  symbol:   class IOException
  location: class BufferedInputStream
/java.base/java/io/BufferedInputStream.java:365: error: cannot find symbol
    public synchronized long skip(long n) throws IOException {
                                                 ^
  symbol:   class IOException
  location: class BufferedInputStream
/java.base/java/io/BufferedInputStream.java:406: error: cannot find symbol
    public synchronized int available() throws IOException {
                                               ^
  symbol:   class IOException
  location: class BufferedInputStream
/java.base/java/io/BufferedInputStream.java:443: error: cannot find symbol
    public synchronized void reset() throws IOException {
                                            ^
  symbol:   class IOException
  location: class BufferedInputStream
/java.base/java/io/BufferedInputStream.java:474: error: cannot find symbol
    public void close() throws IOException {
                               ^
  symbol:   class IOException
  location: class BufferedInputStream
/java.base/java/io/BufferedInputStream.java:155: error: cannot find symbol
        InputStream input = in;
        ^
  symbol:   class InputStream
  location: class BufferedInputStream
/java.base/java/io/BufferedInputStream.java:155: error: cannot find symbol
        InputStream input = in;
                            ^
  symbol:   variable in
  location: class BufferedInputStream
/java.base/java/io/BufferedInputStream.java:157: error: cannot find symbol
            throw new IOException("Stream closed");
                      ^
  symbol:   class IOException
  location: class BufferedInputStream
/java.base/java/io/BufferedInputStream.java:168: error: cannot find symbol
            throw new IOException("Stream closed");
                      ^
  symbol:   class IOException
  location: class BufferedInputStream
/java.base/java/io/BufferedInputStream.java:238: error: cannot find symbol
                    throw new IOException("Stream closed");
                              ^
  symbol:   class IOException
  location: class BufferedInputStream
/java.base/java/io/BufferedInputStream.java:350: error: cannot find symbol
            InputStream input = in;
            ^
  symbol:   class InputStream
  location: class BufferedInputStream
/java.base/java/io/BufferedInputStream.java:350: error: cannot find symbol
            InputStream input = in;
                                ^
  symbol:   variable in
  location: class BufferedInputStream
/java.base/java/io/BufferedInputStream.java:446: error: cannot find symbol
            throw new IOException("Resetting to invalid mark");
                      ^
  symbol:   class IOException
  location: class BufferedInputStream
/java.base/java/io/BufferedInputStream.java:478: error: cannot find symbol
                InputStream input = in;
                ^
  symbol:   class InputStream
  location: class BufferedInputStream
/java.base/java/io/BufferedInputStream.java:478: error: cannot find symbol
                InputStream input = in;
                                    ^
  symbol:   variable in
  location: class BufferedInputStream
/java.base/java/io/BufferedInputStream.java:479: error: cannot find symbol
                in = null;
                ^
  symbol:   variable in
  location: class BufferedInputStream
2023.07.28 16:56:15 INFO  compiling scala (1 scala source)[0m
2023.07.28 16:56:15 INFO  time: compiled scala in 57ms[0m
2023.07.28 16:56:23 INFO  compiling scala (1 scala source)[0m
2023.07.28 16:56:23 INFO  time: compiled scala in 91ms[0m
/java.base/java/io/FileInputStream.java:26: error: package exists in another module: java.base
package java.io;
^
/java.base/java/io/FileInputStream.java:30: error: package jdk.internal.util is not visible
import jdk.internal.util.ArraysSupport;
                   ^
  (package jdk.internal.util is declared in module java.base, which does not export it to the unnamed module)
/java.base/java/io/FileInputStream.java:31: error: package sun.nio.ch is not visible
import sun.nio.ch.FileChannelImpl;
              ^
  (package sun.nio.ch is declared in module java.base, which does not export it to the unnamed module)
/java.base/java/io/FileInputStream.java:64: error: cannot find symbol
public class FileInputStream extends InputStream
                                     ^
  symbol: class InputStream
/java.base/java/io/FileInputStream.java:69: error: cannot find symbol
    private final FileDescriptor fd;
                  ^
  symbol:   class FileDescriptor
  location: class FileInputStream
/java.base/java/io/FileInputStream.java:110: error: cannot find symbol
    public FileInputStream(String name) throws FileNotFoundException {
                                               ^
  symbol:   class FileNotFoundException
  location: class FileInputStream
/java.base/java/io/FileInputStream.java:141: error: cannot find symbol
    public FileInputStream(File file) throws FileNotFoundException {
                           ^
  symbol:   class File
  location: class FileInputStream
/java.base/java/io/FileInputStream.java:141: error: cannot find symbol
    public FileInputStream(File file) throws FileNotFoundException {
                                             ^
  symbol:   class FileNotFoundException
  location: class FileInputStream
/java.base/java/io/FileInputStream.java:185: error: cannot find symbol
    public FileInputStream(FileDescriptor fdObj) {
                           ^
  symbol:   class FileDescriptor
  location: class FileInputStream
/java.base/java/io/FileInputStream.java:208: error: cannot find symbol
    private native void open0(String name) throws FileNotFoundException;
                                                  ^
  symbol:   class FileNotFoundException
  location: class FileInputStream
/java.base/java/io/FileInputStream.java:215: error: cannot find symbol
    private void open(String name) throws FileNotFoundException {
                                          ^
  symbol:   class FileNotFoundException
  location: class FileInputStream
/java.base/java/io/FileInputStream.java:227: error: cannot find symbol
    public int read() throws IOException {
                             ^
  symbol:   class IOException
  location: class FileInputStream
/java.base/java/io/FileInputStream.java:231: error: cannot find symbol
    private native int read0() throws IOException;
                                      ^
  symbol:   class IOException
  location: class FileInputStream
/java.base/java/io/FileInputStream.java:240: error: cannot find symbol
    private native int readBytes(byte b[], int off, int len) throws IOException;
                                                                    ^
  symbol:   class IOException
  location: class FileInputStream
/java.base/java/io/FileInputStream.java:253: error: cannot find symbol
    public int read(byte b[]) throws IOException {
                                     ^
  symbol:   class IOException
  location: class FileInputStream
/java.base/java/io/FileInputStream.java:275: error: cannot find symbol
    public int read(byte b[], int off, int len) throws IOException {
                                                       ^
  symbol:   class IOException
  location: class FileInputStream
/java.base/java/io/FileInputStream.java:279: error: cannot find symbol
    public byte[] readAllBytes() throws IOException {
                                        ^
  symbol:   class IOException
  location: class FileInputStream
/java.base/java/io/FileInputStream.java:321: error: cannot find symbol
    public byte[] readNBytes(int len) throws IOException {
                                             ^
  symbol:   class IOException
  location: class FileInputStream
/java.base/java/io/FileInputStream.java:357: error: cannot find symbol
    private long length() throws IOException {
                                 ^
  symbol:   class IOException
  location: class FileInputStream
/java.base/java/io/FileInputStream.java:360: error: cannot find symbol
    private native long length0() throws IOException;
                                         ^
  symbol:   class IOException
  location: class FileInputStream
/java.base/java/io/FileInputStream.java:362: error: cannot find symbol
    private long position() throws IOException {
                                   ^
  symbol:   class IOException
  location: class FileInputStream
/java.base/java/io/FileInputStream.java:365: error: cannot find symbol
    private native long position0() throws IOException;
                                           ^
  symbol:   class IOException
  location: class FileInputStream
/java.base/java/io/FileInputStream.java:391: error: cannot find symbol
    public long skip(long n) throws IOException {
                                    ^
  symbol:   class IOException
  location: class FileInputStream
/java.base/java/io/FileInputStream.java:395: error: cannot find symbol
    private native long skip0(long n) throws IOException;
                                             ^
  symbol:   class IOException
  location: class FileInputStream
/java.base/java/io/FileInputStream.java:414: error: cannot find symbol
    public int available() throws IOException {
                                  ^
  symbol:   class IOException
  location: class FileInputStream
/java.base/java/io/FileInputStream.java:418: error: cannot find symbol
    private native int available0() throws IOException;
                                           ^
  symbol:   class IOException
  location: class FileInputStream
/java.base/java/io/FileInputStream.java:439: error: cannot find symbol
    public void close() throws IOException {
                               ^
  symbol:   class IOException
  location: class FileInputStream
/java.base/java/io/FileInputStream.java:474: error: cannot find symbol
    public final FileDescriptor getFD() throws IOException {
                 ^
  symbol:   class FileDescriptor
  location: class FileInputStream
/java.base/java/io/FileInputStream.java:474: error: cannot find symbol
    public final FileDescriptor getFD() throws IOException {
                                               ^
  symbol:   class IOException
  location: class FileInputStream
/java.base/java/io/FileInputStream.java:111: error: cannot find symbol
        this(name != null ? new File(name) : null);
                                ^
  symbol:   class File
  location: class FileInputStream
/java.base/java/io/FileInputStream.java:152: error: cannot find symbol
            throw new FileNotFoundException("Invalid file path");
                      ^
  symbol:   class FileNotFoundException
  location: class FileInputStream
/java.base/java/io/FileInputStream.java:154: error: cannot find symbol
        fd = new FileDescriptor();
                 ^
  symbol:   class FileDescriptor
  location: class FileInputStream
/java.base/java/io/FileInputStream.java:158: error: cannot find symbol
        FileCleanable.register(fd);       // open set the fd, register the cleanup
        ^
  symbol:   variable FileCleanable
  location: class FileInputStream
/java.base/java/io/FileInputStream.java:285: error: cannot find symbol
            return super.readAllBytes();
                   ^
  symbol:   variable super
  location: class FileInputStream
/java.base/java/io/FileInputStream.java:332: error: cannot find symbol
            return super.readNBytes(len);
                   ^
  symbol:   variable super
  location: class FileInputStream
/java.base/java/io/FileInputStream.java:457: error: cannot find symbol
        fd.closeAll(new Closeable() {
                        ^
  symbol:   class Closeable
  location: class FileInputStream
/java.base/java/io/FileInputStream.java:458: error: cannot find symbol
            public void close() throws IOException {
                                       ^
  symbol: class IOException
/java.base/java/io/FileInputStream.java:478: error: cannot find symbol
        throw new IOException();
                  ^
  symbol:   class IOException
  location: class FileInputStream
/java.base/java/io/FileInputStream.java:509: error: cannot find symbol
                        } catch (IOException ioe) {
                                 ^
  symbol:   class IOException
  location: class FileInputStream
2023.07.28 16:57:20 INFO  compiling scala (1 scala source)[0m
2023.07.28 16:57:20 INFO  time: compiled scala in 54ms[0m
2023.07.28 17:09:54 INFO  compiling scala (1 scala source)[0m
2023.07.28 17:09:54 INFO  time: compiled scala in 46ms[0m
2023.07.28 17:10:21 INFO  compiling scala (1 scala source)[0m
2023.07.28 17:10:21 INFO  time: compiled scala in 57ms[0m
2023.07.28 17:10:21 INFO  compiling scala (1 scala source)[0m
2023.07.28 17:10:21 INFO  time: compiled scala in 32ms[0m
2023.07.28 17:10:29 INFO  compiling scala (1 scala source)[0m
2023.07.28 17:10:29 INFO  time: compiled scala in 41ms[0m
2023.07.28 17:10:31 INFO  compiling scala (1 scala source)[0m
2023.07.28 17:10:31 INFO  time: compiled scala in 49ms[0m
2023.07.28 17:10:33 INFO  compiling scala (1 scala source)[0m
2023.07.28 17:10:33 INFO  time: compiled scala in 45ms[0m
2023.07.28 17:10:33 INFO  compiling scala (1 scala source)[0m
2023.07.28 17:10:33 INFO  time: compiled scala in 58ms[0m
2023.07.28 17:10:33 INFO  compiling scala (1 scala source)[0m
2023.07.28 17:10:34 INFO  time: compiled scala in 63ms[0m
2023.07.28 17:10:34 INFO  compiling scala (1 scala source)[0m
2023.07.28 17:10:34 INFO  time: compiled scala in 65ms[0m
2023.07.28 17:10:36 INFO  compiling scala (1 scala source)[0m
2023.07.28 17:10:36 INFO  time: compiled scala in 60ms[0m
2023.07.28 17:10:36 INFO  compiling scala (1 scala source)[0m
2023.07.28 17:10:36 INFO  time: compiled scala in 51ms[0m
2023.07.28 17:10:39 INFO  compiling scala (1 scala source)[0m
2023.07.28 17:10:39 INFO  time: compiled scala in 52ms[0m
2023.07.28 17:10:49 INFO  compiling scala (1 scala source)[0m
2023.07.28 17:10:49 INFO  time: compiled scala in 53ms[0m
2023.07.28 17:12:49 INFO  compiling scala (1 scala source)[0m
2023.07.28 17:12:49 INFO  time: compiled scala in 64ms[0m
2023.07.28 17:12:54 INFO  compiling scala (1 scala source)[0m
2023.07.28 17:12:54 INFO  time: compiled scala in 57ms[0m
2023.07.28 17:12:58 INFO  compiling scala (1 scala source)[0m
2023.07.28 17:12:58 INFO  time: compiled scala in 72ms[0m
2023.07.28 17:13:01 INFO  compiling scala (1 scala source)[0m
2023.07.28 17:13:01 INFO  time: compiled scala in 0.12s[0m
2023.07.28 17:13:03 INFO  compiling scala (1 scala source)[0m
2023.07.28 17:13:03 INFO  time: compiled scala in 76ms[0m
2023.07.28 17:13:05 INFO  compiling scala (1 scala source)[0m
2023.07.28 17:13:05 INFO  time: compiled scala in 45ms[0m
2023.07.28 17:13:05 INFO  compiling scala (1 scala source)[0m
2023.07.28 17:13:05 INFO  time: compiled scala in 78ms[0m
/java.base/java/io/File.java:26: error: package exists in another module: java.base
package java.io;
^
/java.base/java/io/File.java:38: error: package sun.security.action is not visible
import sun.security.action.GetPropertyAction;
                   ^
  (package sun.security.action is declared in module java.base, which does not export it to the unnamed module)
/java.base/java/io/File.java:149: error: cannot find symbol
    implements Serializable, Comparable<File>
               ^
  symbol: class Serializable
/java.base/java/io/File.java:155: error: cannot find symbol
    private static final FileSystem fs = DefaultFileSystem.getFileSystem();
                         ^
  symbol:   class FileSystem
  location: class File
/java.base/java/io/File.java:169: error: PathStatus has private access in File
    private static enum PathStatus { INVALID, CHECKED };
                   ^
/java.base/java/io/File.java:622: error: cannot find symbol
    public String getCanonicalPath() throws IOException {
                                            ^
  symbol:   class IOException
  location: class File
/java.base/java/io/File.java:650: error: cannot find symbol
    public File getCanonicalFile() throws IOException {
                                          ^
  symbol:   class IOException
  location: class File
/java.base/java/io/File.java:1036: error: cannot find symbol
    public boolean createNewFile() throws IOException {
                                          ^
  symbol:   class IOException
  location: class File
/java.base/java/io/File.java:1216: error: cannot find symbol
    public String[] list(FilenameFilter filter) {
                         ^
  symbol:   class FilenameFilter
  location: class File
/java.base/java/io/File.java:1309: error: cannot find symbol
    public File[] listFiles(FilenameFilter filter) {
                            ^
  symbol:   class FilenameFilter
  location: class File
/java.base/java/io/File.java:1347: error: cannot find symbol
    public File[] listFiles(FileFilter filter) {
                            ^
  symbol:   class FileFilter
  location: class File
/java.base/java/io/File.java:2141: error: cannot find symbol
        throws IOException
               ^
  symbol:   class IOException
  location: class File
/java.base/java/io/File.java:2214: error: cannot find symbol
        throws IOException
               ^
  symbol:   class IOException
  location: class File
/java.base/java/io/File.java:2310: error: cannot find symbol
        throws IOException
               ^
  symbol:   class IOException
  location: class File
/java.base/java/io/File.java:2328: error: cannot find symbol
         throws IOException, ClassNotFoundException
                ^
  symbol:   class IOException
  location: class File
/java.base/java/io/File.java:2340: error: package jdk.internal.misc is not visible
    private static final jdk.internal.misc.Unsafe UNSAFE
                                     ^
  (package jdk.internal.misc is declared in module java.base, which does not export it to the unnamed module)
/java.base/java/io/File.java:2005: error: cannot find symbol
            throws IOException
                   ^
  symbol:   class IOException
  location: class TempDirectory
/java.base/java/io/File.java:155: error: cannot find symbol
    private static final FileSystem fs = DefaultFileSystem.getFileSystem();
                                         ^
  symbol:   variable DefaultFileSystem
  location: class File
/java.base/java/io/File.java:261: error: path has private access in File
        assert parent.path != null;
                     ^
/java.base/java/io/File.java:262: error: path has private access in File
        assert (!parent.path.isEmpty());
                       ^
/java.base/java/io/File.java:263: error: path has private access in File
        this.path = fs.resolve(parent.path, child);
                                     ^
/java.base/java/io/File.java:264: error: prefixLength has private access in File
        this.prefixLength = parent.prefixLength;
                                  ^
/java.base/java/io/File.java:364: error: path has private access in File
            if (parent.path.isEmpty()) {
                      ^
/java.base/java/io/File.java:368: error: path has private access in File
                this.path = fs.resolve(parent.path,
                                             ^
/java.base/java/io/File.java:503: error: incomparable types: Class<CAP#1> and Class<java.io.File>
        if (getClass() != File.class) {
                       ^
  where CAP#1 is a fresh type-variable:
    CAP#1 extends java.io.File from capture of ? extends java.io.File
/java.base/java/io/File.java:506: error: no suitable constructor found for File(String,int)
        return new File(p, this.prefixLength);
               ^
    constructor File.File(String,int) is not applicable
      (File(String,int) has private access in File)
    constructor File.File(String,File) is not applicable
      (argument mismatch; int cannot be converted to File)
    constructor File.File(String,String) is not applicable
      (argument mismatch; int cannot be converted to String)
    constructor File.File(File,String) is not applicable
      (argument mismatch; String cannot be converted to File)
/java.base/java/io/File.java:578: error: incomparable types: Class<CAP#1> and Class<java.io.File>
        if (getClass() != File.class) {
                       ^
  where CAP#1 is a fresh type-variable:
    CAP#1 extends java.io.File from capture of ? extends java.io.File
/java.base/java/io/File.java:624: error: cannot find symbol
            throw new IOException("Invalid file path");
                      ^
  symbol:   class IOException
  location: class File
/java.base/java/io/File.java:652: error: incomparable types: Class<CAP#1> and Class<java.io.File>
        if (getClass() != File.class) {
                       ^
  where CAP#1 is a fresh type-variable:
    CAP#1 extends java.io.File from capture of ? extends java.io.File
/java.base/java/io/File.java:781: error: cannot find symbol
        return fs.checkAccess(this, FileSystem.ACCESS_READ);
                                    ^
  symbol:   variable FileSystem
  location: class File
/java.base/java/io/File.java:810: error: cannot find symbol
        return fs.checkAccess(this, FileSystem.ACCESS_WRITE);
                                    ^
  symbol:   variable FileSystem
  location: class File
/java.base/java/io/File.java:834: error: cannot find symbol
        return fs.hasBooleanAttributes(this, FileSystem.BA_EXISTS);
                                             ^
  symbol:   variable FileSystem
  location: class File
/java.base/java/io/File.java:865: error: cannot find symbol
        return fs.hasBooleanAttributes(this, FileSystem.BA_DIRECTORY);
                                             ^
  symbol:   variable FileSystem
  location: class File
/java.base/java/io/File.java:898: error: cannot find symbol
        return fs.hasBooleanAttributes(this, FileSystem.BA_REGULAR);
                                             ^
  symbol:   variable FileSystem
  location: class File
/java.base/java/io/File.java:928: error: cannot find symbol
        return fs.hasBooleanAttributes(this, FileSystem.BA_HIDDEN);
                                             ^
  symbol:   variable FileSystem
  location: class File
/java.base/java/io/File.java:1041: error: cannot find symbol
            throw new IOException("Invalid file path");
                      ^
  symbol:   class IOException
  location: class File
/java.base/java/io/File.java:1112: error: cannot find symbol
        DeleteOnExitHook.add(path);
        ^
  symbol:   variable DeleteOnExitHook
  location: class File
/java.base/java/io/File.java:1177: error: incomparable types: Class<CAP#1> and Class<java.io.File>
        if (s != null && getClass() != File.class) {
                                    ^
  where CAP#1 is a fresh type-variable:
    CAP#1 extends java.io.File from capture of ? extends java.io.File
/java.base/java/io/File.java:1274: error: no suitable constructor found for File(String,java.io.File)
            fs[i] = new File(ss[i], this);
                    ^
    constructor java.io.File.java.io.File(String,int) is not applicable
      (argument mismatch; java.io.File cannot be converted to int)
    constructor java.io.File.java.io.File(String,java.io.File) is not applicable
      (argument mismatch; java.io.File cannot be converted to java.io.File)
    constructor java.io.File.java.io.File(String,String) is not applicable
      (argument mismatch; java.io.File cannot be converted to String)
    constructor java.io.File.java.io.File(java.io.File,String) is not applicable
      (argument mismatch; String cannot be converted to java.io.File)
/java.base/java/io/File.java:1315: error: no suitable constructor found for File(String,java.io.File)
                files.add(new File(s, this));
                          ^
    constructor java.io.File.java.io.File(String,int) is not applicable
      (argument mismatch; java.io.File cannot be converted to int)
    constructor java.io.File.java.io.File(String,java.io.File) is not applicable
      (argument mismatch; java.io.File cannot be converted to java.io.File)
    constructor java.io.File.java.io.File(String,String) is not applicable
      (argument mismatch; java.io.File cannot be converted to String)
    constructor java.io.File.java.io.File(java.io.File,String) is not applicable
      (argument mismatch; String cannot be converted to java.io.File)
/java.base/java/io/File.java:1352: error: no suitable constructor found for File(String,java.io.File)
            File f = new File(s, this);
                     ^
    constructor java.io.File.java.io.File(String,int) is not applicable
      (argument mismatch; java.io.File cannot be converted to int)
    constructor java.io.File.java.io.File(String,java.io.File) is not applicable
      (argument mismatch; java.io.File cannot be converted to java.io.File)
    constructor java.io.File.java.io.File(String,String) is not applicable
      (argument mismatch; java.io.File cannot be converted to String)
    constructor java.io.File.java.io.File(java.io.File,String) is not applicable
      (argument mismatch; String cannot be converted to java.io.File)
/java.base/java/io/File.java:1412: error: cannot find symbol
        } catch (IOException e) {
                 ^
  symbol:   class IOException
  location: class File
/java.base/java/io/File.java:1458: error: path has private access in File
            security.checkWrite(dest.path);
                                    ^
/java.base/java/io/File.java:1460: error: isInvalid() is not public in File; cannot be accessed from outside package
        if (this.isInvalid() || dest.isInvalid()) {
                                    ^
/java.base/java/io/File.java:1577: error: cannot find symbol
        return fs.setPermission(this, FileSystem.ACCESS_WRITE, writable, ownerOnly);
                                      ^
  symbol:   variable FileSystem
  location: class File
/java.base/java/io/File.java:1656: error: cannot find symbol
        return fs.setPermission(this, FileSystem.ACCESS_READ, readable, ownerOnly);
                                      ^
  symbol:   variable FileSystem
  location: class File
/java.base/java/io/File.java:1738: error: cannot find symbol
        return fs.setPermission(this, FileSystem.ACCESS_EXECUTE, executable, ownerOnly);
                                      ^
  symbol:   variable FileSystem
  location: class File
/java.base/java/io/File.java:1802: error: cannot find symbol
        return fs.checkAccess(this, FileSystem.ACCESS_EXECUTE);
                                    ^
  symbol:   variable FileSystem
  location: class File
/java.base/java/io/File.java:1886: error: cannot find symbol
        long space = fs.getSpace(this, FileSystem.SPACE_TOTAL);
                                       ^
  symbol:   variable FileSystem
  location: class File
/java.base/java/io/File.java:1930: error: cannot find symbol
        long space = fs.getSpace(this, FileSystem.SPACE_FREE);
                                       ^
  symbol:   variable FileSystem
  location: class File
/java.base/java/io/File.java:1977: error: cannot find symbol
        long space = fs.getSpace(this, FileSystem.SPACE_USABLE);
                                       ^
  symbol:   variable FileSystem
  location: class File
/java.base/java/io/File.java:2059: error: isInvalid() is not public in File; cannot be accessed from outside package
            if (!name.equals(f.getName()) || f.isInvalid()) {
                                              ^
/java.base/java/io/File.java:2061: error: cannot find symbol
                    throw new IOException("Unable to create temporary file");
                              ^
  symbol:   class IOException
  location: class TempDirectory
/java.base/java/io/File.java:2063: error: cannot find symbol
                    throw new IOException("Unable to create temporary file, "
                              ^
  symbol:   class IOException
  location: class TempDirectory
/java.base/java/io/File.java:2168: error: cannot find symbol
        } while (fs.hasBooleanAttributes(f, FileSystem.BA_EXISTS));
                                            ^
  symbol:   variable FileSystem
  location: class File
/java.base/java/io/File.java:2171: error: cannot find symbol
            throw new IOException("Unable to create temporary file");
                      ^
  symbol:   class IOException
  location: class File
/java.base/java/io/File.java:2330: error: package ObjectInputStream does not exist
        ObjectInputStream.GetField fields = s.readFields();
                         ^
/java.base/java/io/File.java:2341: error: package jdk.internal.misc is not visible
            = jdk.internal.misc.Unsafe.getUnsafe();
                          ^
  (package jdk.internal.misc is declared in module java.base, which does not export it to the unnamed module)
2023.07.28 17:13:46 INFO  compiling scala (1 scala source)[0m
2023.07.28 17:13:46 INFO  time: compiled scala in 54ms[0m
2023.07.28 17:13:51 INFO  compiling scala (1 scala source)[0m
2023.07.28 17:13:51 INFO  time: compiled scala in 0.11s[0m
2023.07.28 17:13:54 INFO  compiling scala (1 scala source)[0m
2023.07.28 17:13:54 INFO  time: compiled scala in 55ms[0m
2023.07.28 17:13:57 INFO  compiling scala (1 scala source)[0m
2023.07.28 17:13:57 INFO  time: compiled scala in 53ms[0m
2023.07.28 17:13:59 INFO  compiling scala (1 scala source)[0m
2023.07.28 17:13:59 INFO  time: compiled scala in 0.48s[0m
2023.07.28 17:14:01 INFO  compiling scala (1 scala source)[0m
2023.07.28 17:14:01 INFO  time: compiled scala in 0.47s[0m
2023.07.28 17:14:01 INFO  compiling scala (1 scala source)[0m
2023.07.28 17:14:02 WARN  Could not load snapshot text for /home/threadedstream/langshardway/scala/src/main/scala/Main.scala[0m
2023.07.28 17:14:01 INFO  time: compiled scala in 0.17s[0m
2023.07.28 17:14:10 INFO  compiling scala (1 scala source)[0m
2023.07.28 17:14:10 INFO  time: compiled scala in 0.51s[0m
2023.07.28 17:14:21 INFO  compiling scala (1 scala source)[0m
2023.07.28 17:14:21 INFO  time: compiled scala in 52ms[0m
2023.07.28 17:14:21 INFO  compiling scala (1 scala source)[0m
2023.07.28 17:14:21 INFO  time: compiled scala in 60ms[0m
2023.07.28 17:14:27 INFO  compiling scala (1 scala source)[0m
2023.07.28 17:14:27 INFO  time: compiled scala in 77ms[0m
Jul 28, 2023 5:14:29 PM org.eclipse.lsp4j.jsonrpc.RemoteEndpoint fallbackResponseError
SEVERE: Internal error: java.lang.StringIndexOutOfBoundsException: begin 155, end 178, length 176
java.util.concurrent.CompletionException: java.lang.StringIndexOutOfBoundsException: begin 155, end 178, length 176
	at java.base/java.util.concurrent.CompletableFuture.encodeThrowable(CompletableFuture.java:332)
	at java.base/java.util.concurrent.CompletableFuture.completeThrowable(CompletableFuture.java:347)
	at java.base/java.util.concurrent.CompletableFuture$UniAccept.tryFire(CompletableFuture.java:708)
	at java.base/java.util.concurrent.CompletableFuture.postComplete(CompletableFuture.java:510)
	at java.base/java.util.concurrent.CompletableFuture.completeExceptionally(CompletableFuture.java:2162)
	at scala.meta.internal.metals.CancelTokens$.$anonfun$future$1(CancelTokens.scala:40)
	at scala.meta.internal.metals.CancelTokens$.$anonfun$future$1$adapted(CancelTokens.scala:38)
	at scala.concurrent.impl.Promise$Transformation.run(Promise.scala:484)
	at java.base/java.util.concurrent.ThreadPoolExecutor.runWorker(ThreadPoolExecutor.java:1136)
	at java.base/java.util.concurrent.ThreadPoolExecutor$Worker.run(ThreadPoolExecutor.java:635)
	at java.base/java.lang.Thread.run(Thread.java:833)
Caused by: java.lang.StringIndexOutOfBoundsException: begin 155, end 178, length 176
	at java.base/java.lang.String.checkBoundsBeginEnd(String.java:4601)
	at java.base/java.lang.String.substring(String.java:2704)
	at scala.meta.internal.metals.codeactions.FlatMapToForComprehensionCodeAction.getIndentForPos(FlatMapToForComprehensionCodeAction.scala:677)
	at scala.meta.internal.metals.codeactions.FlatMapToForComprehensionCodeAction.$anonfun$contribute$4(FlatMapToForComprehensionCodeAction.scala:57)
	at scala.Option.map(Option.scala:242)
	at scala.meta.internal.metals.codeactions.FlatMapToForComprehensionCodeAction.$anonfun$contribute$3(FlatMapToForComprehensionCodeAction.scala:53)
	at scala.Option.flatMap(Option.scala:283)
	at scala.meta.internal.metals.codeactions.FlatMapToForComprehensionCodeAction.$anonfun$contribute$2(FlatMapToForComprehensionCodeAction.scala:52)
	at scala.Option.flatMap(Option.scala:283)
	at scala.meta.internal.metals.codeactions.FlatMapToForComprehensionCodeAction.$anonfun$contribute$1(FlatMapToForComprehensionCodeAction.scala:51)
	at scala.concurrent.Future$.$anonfun$apply$1(Future.scala:687)
	at scala.concurrent.impl.Promise$Transformation.run(Promise.scala:467)
	... 3 more

Jul 28, 2023 5:14:29 PM org.eclipse.lsp4j.jsonrpc.RemoteEndpoint handleCancellation
WARNING: Unmatched cancel notification for request id 2178
2023.07.28 17:14:30 INFO  compiling scala (1 scala source)[0m
2023.07.28 17:14:30 INFO  time: compiled scala in 54ms[0m
Jul 28, 2023 5:14:30 PM org.eclipse.lsp4j.jsonrpc.RemoteEndpoint fallbackResponseError
SEVERE: Internal error: java.lang.StringIndexOutOfBoundsException: begin 155, end 178, length 177
java.util.concurrent.CompletionException: java.lang.StringIndexOutOfBoundsException: begin 155, end 178, length 177
	at java.base/java.util.concurrent.CompletableFuture.encodeThrowable(CompletableFuture.java:332)
	at java.base/java.util.concurrent.CompletableFuture.completeThrowable(CompletableFuture.java:347)
	at java.base/java.util.concurrent.CompletableFuture$UniAccept.tryFire(CompletableFuture.java:708)
	at java.base/java.util.concurrent.CompletableFuture.postComplete(CompletableFuture.java:510)
	at java.base/java.util.concurrent.CompletableFuture.completeExceptionally(CompletableFuture.java:2162)
	at scala.meta.internal.metals.CancelTokens$.$anonfun$future$1(CancelTokens.scala:40)
	at scala.meta.internal.metals.CancelTokens$.$anonfun$future$1$adapted(CancelTokens.scala:38)
	at scala.concurrent.impl.Promise$Transformation.run(Promise.scala:484)
	at java.base/java.util.concurrent.ThreadPoolExecutor.runWorker(ThreadPoolExecutor.java:1136)
	at java.base/java.util.concurrent.ThreadPoolExecutor$Worker.run(ThreadPoolExecutor.java:635)
	at java.base/java.lang.Thread.run(Thread.java:833)
Caused by: java.lang.StringIndexOutOfBoundsException: begin 155, end 178, length 177
	at java.base/java.lang.String.checkBoundsBeginEnd(String.java:4601)
	at java.base/java.lang.String.substring(String.java:2704)
	at scala.meta.internal.metals.codeactions.FlatMapToForComprehensionCodeAction.getIndentForPos(FlatMapToForComprehensionCodeAction.scala:677)
	at scala.meta.internal.metals.codeactions.FlatMapToForComprehensionCodeAction.$anonfun$contribute$4(FlatMapToForComprehensionCodeAction.scala:57)
	at scala.Option.map(Option.scala:242)
	at scala.meta.internal.metals.codeactions.FlatMapToForComprehensionCodeAction.$anonfun$contribute$3(FlatMapToForComprehensionCodeAction.scala:53)
	at scala.Option.flatMap(Option.scala:283)
	at scala.meta.internal.metals.codeactions.FlatMapToForComprehensionCodeAction.$anonfun$contribute$2(FlatMapToForComprehensionCodeAction.scala:52)
	at scala.Option.flatMap(Option.scala:283)
	at scala.meta.internal.metals.codeactions.FlatMapToForComprehensionCodeAction.$anonfun$contribute$1(FlatMapToForComprehensionCodeAction.scala:51)
	at scala.concurrent.Future$.$anonfun$apply$1(Future.scala:687)
	at scala.concurrent.impl.Promise$Transformation.run(Promise.scala:467)
	... 3 more

2023.07.28 17:14:32 INFO  compiling scala (1 scala source)[0m
2023.07.28 17:14:32 INFO  time: compiled scala in 50ms[0m
2023.07.28 17:14:44 INFO  compiling scala (1 scala source)[0m
2023.07.28 17:14:44 INFO  time: compiled scala in 0.54s[0m
2023.07.28 17:14:45 INFO  compiling scala (1 scala source)[0m
2023.07.28 17:14:45 INFO  time: compiled scala in 0.23s[0m
2023.07.28 17:14:47 INFO  compiling scala (1 scala source)[0m
2023.07.28 17:14:47 INFO  time: compiled scala in 0.49s[0m
2023.07.28 17:14:47 INFO  compiling scala (1 scala source)[0m
2023.07.28 17:14:47 INFO  time: compiled scala in 0.2s[0m
Jul 28, 2023 5:14:58 PM org.eclipse.lsp4j.jsonrpc.RemoteEndpoint handleCancellation
WARNING: Unmatched cancel notification for request id 2366
Jul 28, 2023 5:14:58 PM org.eclipse.lsp4j.jsonrpc.RemoteEndpoint handleCancellation
WARNING: Unmatched cancel notification for request id 2368
2023.07.28 17:14:58 INFO  compiling scala (1 scala source)[0m
2023.07.28 17:14:58 INFO  time: compiled scala in 0.56s[0m
Jul 28, 2023 5:15:01 PM org.eclipse.lsp4j.jsonrpc.RemoteEndpoint handleCancellation
WARNING: Unmatched cancel notification for request id 2388
Jul 28, 2023 5:15:01 PM org.eclipse.lsp4j.jsonrpc.RemoteEndpoint handleCancellation
WARNING: Unmatched cancel notification for request id 2389
2023.07.28 17:15:02 INFO  compiling scala (1 scala source)[0m
2023.07.28 17:15:02 INFO  time: compiled scala in 0.44s[0m
2023.07.28 17:15:02 INFO  compiling scala (1 scala source)[0m
2023.07.28 17:15:03 INFO  time: compiled scala in 0.16s[0m
2023.07.28 17:15:03 INFO  compiling scala (1 scala source)[0m
2023.07.28 17:15:04 WARN  Could not load snapshot text for /home/threadedstream/langshardway/scala/src/main/scala/Main.scala[0m
2023.07.28 17:15:03 INFO  time: compiled scala in 0.2s[0m
/java.base/java/lang/String.java:26: error: package exists in another module: java.base
package java.lang;
^
/java.base/java/lang/String.java:54: error: package jdk.internal.vm.annotation is not visible
import jdk.internal.vm.annotation.ForceInline;
                      ^
  (package jdk.internal.vm.annotation is declared in module java.base, which does not export it to the unnamed module)
/java.base/java/lang/String.java:55: error: package jdk.internal.vm.annotation is not visible
import jdk.internal.vm.annotation.IntrinsicCandidate;
                      ^
  (package jdk.internal.vm.annotation is declared in module java.base, which does not export it to the unnamed module)
/java.base/java/lang/String.java:56: error: package jdk.internal.vm.annotation is not visible
import jdk.internal.vm.annotation.Stable;
                      ^
  (package jdk.internal.vm.annotation is declared in module java.base, which does not export it to the unnamed module)
/java.base/java/lang/String.java:57: error: package sun.nio.cs is not visible
import sun.nio.cs.ArrayDecoder;
              ^
  (package sun.nio.cs is declared in module java.base, which does not export it to the unnamed module)
/java.base/java/lang/String.java:58: error: package sun.nio.cs is not visible
import sun.nio.cs.ArrayEncoder;
              ^
  (package sun.nio.cs is declared in module java.base, which does not export it to the unnamed module)
/java.base/java/lang/String.java:60: error: package sun.nio.cs is not visible
import sun.nio.cs.ISO_8859_1;
              ^
  (package sun.nio.cs is declared in module java.base, which does not export it to the unnamed module)
/java.base/java/lang/String.java:61: error: package sun.nio.cs is not visible
import sun.nio.cs.US_ASCII;
              ^
  (package sun.nio.cs is declared in module java.base, which does not export it to the unnamed module)
/java.base/java/lang/String.java:62: error: package sun.nio.cs is not visible
import sun.nio.cs.UTF_8;
              ^
  (package sun.nio.cs is declared in module java.base, which does not export it to the unnamed module)
/java.base/java/lang/String.java:1852: error: cannot find symbol
    private boolean nonSyncContentEquals(AbstractStringBuilder sb) {
                                         ^
  symbol:   class AbstractStringBuilder
  location: class String
/java.base/java/lang/String.java:4511: error: cannot find symbol
    String(AbstractStringBuilder asb, Void sig) {
           ^
  symbol:   class AbstractStringBuilder
  location: class String
/java.base/java/lang/String.java:140: error: class is not allowed to extend sealed class: ConstantDesc (as it is not listed in its permits clause)
public final class String
             ^
/java.base/java/lang/String.java:244: error: value has private access in String
        this.value = "".value;
                       ^
/java.base/java/lang/String.java:245: error: coder has private access in String
        this.coder = "".coder;
                       ^
/java.base/java/lang/String.java:260: error: value has private access in String
        this.value = original.value;
                             ^
/java.base/java/lang/String.java:261: error: coder has private access in String
        this.coder = original.coder;
                             ^
/java.base/java/lang/String.java:262: error: hash has private access in String
        this.hash = original.hash;
                            ^
/java.base/java/lang/String.java:339: error: value has private access in String
            this.value = "".value;
                           ^
/java.base/java/lang/String.java:340: error: coder has private access in String
            this.coder = "".coder;
                           ^
/java.base/java/lang/String.java:344: error: cannot find symbol
            byte[] val = StringLatin1.toBytes(codePoints, offset, count);
                         ^
  symbol:   variable StringLatin1
  location: class String
/java.base/java/lang/String.java:352: error: cannot find symbol
        this.value = StringUTF16.toBytes(codePoints, offset, count);
                     ^
  symbol:   variable StringUTF16
  location: class String
/java.base/java/lang/String.java:399: error: value has private access in String
            this.value = "".value;
                           ^
/java.base/java/lang/String.java:400: error: coder has private access in String
            this.coder = "".coder;
                           ^
/java.base/java/lang/String.java:408: error: cannot find symbol
            byte[] val = StringUTF16.newBytesFor(count);
                         ^
  symbol:   variable StringUTF16
  location: class String
/java.base/java/lang/String.java:410: error: cannot find symbol
                StringUTF16.putChar(val, i, hibyte | (ascii[offset++] & 0xff));
                ^
  symbol:   variable StringUTF16
  location: class String
/java.base/java/lang/String.java:525: error: value has private access in String
            this.value = "".value;
                           ^
/java.base/java/lang/String.java:526: error: coder has private access in String
            this.coder = "".coder;
                           ^
/java.base/java/lang/String.java:528: error: cannot find symbol
            if (COMPACT_STRINGS && !StringCoding.hasNegatives(bytes, offset, length)) {
                                    ^
  symbol:   variable StringCoding
  location: class String
/java.base/java/lang/String.java:570: error: cannot find symbol
                    StringLatin1.inflate(dst, 0, buf, 0, dp);
                    ^
  symbol:   variable StringLatin1
  location: class String
/java.base/java/lang/String.java:585: error: cannot find symbol
                this.value = StringLatin1.inflate(bytes, offset, length);
                             ^
  symbol:   variable StringLatin1
  location: class String
/java.base/java/lang/String.java:589: error: cannot find symbol
            if (COMPACT_STRINGS && !StringCoding.hasNegatives(bytes, offset, length)) {
                                    ^
  symbol:   variable StringCoding
  location: class String
/java.base/java/lang/String.java:597: error: cannot find symbol
                    StringUTF16.putChar(dst, dp++, (b >= 0) ? (char) b : REPL);
                    ^
  symbol:   variable StringUTF16
  location: class String
/java.base/java/lang/String.java:615: error: cannot find symbol
                if (ad.isASCIICompatible() && !StringCoding.hasNegatives(bytes, offset, length)) {
                                               ^
  symbol:   variable StringCoding
  location: class String
/java.base/java/lang/String.java:621: error: cannot find symbol
                    this.value = StringLatin1.inflate(bytes, offset, length);
                                 ^
  symbol:   variable StringLatin1
  location: class String
/java.base/java/lang/String.java:641: error: cannot find symbol
                    byte[] bs = StringUTF16.compress(ca, 0, clen);
                                ^
  symbol:   variable StringUTF16
  location: class String
/java.base/java/lang/String.java:649: error: cannot find symbol
                value = StringUTF16.toBytes(ca, 0, clen);
                        ^
  symbol:   variable StringUTF16
  location: class String
/java.base/java/lang/String.java:658: error: getClassLoader0() is not public in Class; cannot be accessed from outside package
            if (charset.getClass().getClassLoader0() != null &&
                                  ^
/java.base/java/lang/String.java:666: error: cannot find symbol
                byte[] bs = StringUTF16.compress(ca, 0, caLen);
                            ^
  symbol:   variable StringUTF16
  location: class String
/java.base/java/lang/String.java:674: error: cannot find symbol
            value = StringUTF16.toBytes(ca, 0, caLen);
                    ^
  symbol:   variable StringUTF16
  location: class String
/java.base/java/lang/String.java:686: error: cannot find symbol
        if (COMPACT_STRINGS && !StringCoding.hasNegatives(bytes, offset, length)) {
                                ^
  symbol:   variable StringCoding
  location: class String
/java.base/java/lang/String.java:725: error: cannot find symbol
                StringLatin1.inflate(dst, 0, buf, 0, dp);
                ^
  symbol:   variable StringLatin1
  location: class String
/java.base/java/lang/String.java:761: error: cannot find symbol
            return new String(StringLatin1.inflate(src, 0, src.length), UTF16);
                              ^
  symbol:   variable StringLatin1
  location: class String
/java.base/java/lang/String.java:764: error: cannot find symbol
            if (!StringCoding.hasNegatives(src, 0, src.length)) {
                 ^
  symbol:   variable StringCoding
  location: class String
/java.base/java/lang/String.java:767: error: cannot find symbol
                return new String(StringLatin1.inflate(src, 0, src.length), UTF16);
                                  ^
  symbol:   variable StringLatin1
  location: class String
/java.base/java/lang/String.java:777: error: cannot find symbol
                !StringCoding.hasNegatives(src, 0, src.length)) {
                 ^
  symbol:   variable StringCoding
  location: class String
/java.base/java/lang/String.java:782: error: getClassLoader0() is not public in Class; cannot be accessed from outside package
        if (cs.getClass().getClassLoader0() != null &&
                         ^
/java.base/java/lang/String.java:788: error: cannot find symbol
            byte[] bs = StringUTF16.compress(ca, 0, caLen);
                        ^
  symbol:   variable StringUTF16
  location: class String
/java.base/java/lang/String.java:793: error: cannot find symbol
        return new String(StringUTF16.toBytes(ca, 0, caLen), UTF16);
                          ^
  symbol:   variable StringUTF16
  location: class String
/java.base/java/lang/String.java:844: error: cannot find symbol
                    !StringCoding.hasNegatives(val, 0, val.length)) {
                     ^
  symbol:   variable StringCoding
  location: class String
/java.base/java/lang/String.java:871: error: cannot find symbol
        char[] ca = (coder == LATIN1 ) ? StringLatin1.toChars(val)
                                         ^
  symbol:   variable StringLatin1
  location: class String
/java.base/java/lang/String.java:872: error: cannot find symbol
                : StringUTF16.toChars(val);
                  ^
  symbol:   variable StringUTF16
  location: class String
/java.base/java/lang/String.java:889: error: getClassLoader0() is not public in Class; cannot be accessed from outside package
        return safeTrim(ba, bb.position(), cs.getClass().getClassLoader0() == null);
                                                        ^
/java.base/java/lang/String.java:896: error: coder() is not public in String; cannot be accessed from outside package
        return encodeUTF8(s.coder(), s.value(), false);
                           ^
/java.base/java/lang/String.java:896: error: value() is not public in String; cannot be accessed from outside package
        return encodeUTF8(s.coder(), s.value(), false);
                                      ^
/java.base/java/lang/String.java:900: error: cannot find symbol
        return !StringCoding.hasNegatives(src, 0, src.length);
                ^
  symbol:   variable StringCoding
  location: class String
/java.base/java/lang/String.java:920: error: value() is not public in String; cannot be accessed from outside package
        byte[] val = s.value();
                      ^
/java.base/java/lang/String.java:921: error: coder() is not public in String; cannot be accessed from outside package
        byte coder = s.coder();
                      ^
/java.base/java/lang/String.java:960: error: cannot find symbol
            char c = StringUTF16.getChar(val, i);
                     ^
  symbol:   variable StringUTF16
  location: class String
/java.base/java/lang/String.java:966: error: cannot find symbol
                    Character.isLowSurrogate(StringUTF16.getChar(val, i + 1))) {
                                             ^
  symbol:   variable StringUTF16
  location: class String
/java.base/java/lang/String.java:991: error: cannot find symbol
            int ret = StringCoding.implEncodeISOArray(val, sp, dst, dp, len);
                      ^
  symbol:   variable StringCoding
  location: class String
/java.base/java/lang/String.java:998: error: cannot find symbol
                char c = StringUTF16.getChar(val, sp++);
                         ^
  symbol:   variable StringUTF16
  location: class String
/java.base/java/lang/String.java:1000: error: cannot find symbol
                        Character.isLowSurrogate(StringUTF16.getChar(val, sp))) {
                                                 ^
  symbol:   variable StringUTF16
  location: class String
/java.base/java/lang/String.java:1024: error: cannot find symbol
        if (!StringCoding.hasNegatives(sa, sp, len)) {
             ^
  symbol:   variable StringCoding
  location: class String
/java.base/java/lang/String.java:1025: error: cannot find symbol
            StringLatin1.inflate(sa, sp, da, dp, len);
            ^
  symbol:   variable StringLatin1
  location: class String
/java.base/java/lang/String.java:1096: error: cannot find symbol
                StringUTF16.putChar(dst, dp++, (char) b1);
                ^
  symbol:   variable StringUTF16
  location: class String
/java.base/java/lang/String.java:1104: error: cannot find symbol
                        StringUTF16.putChar(dst, dp++, REPL);
                        ^
  symbol:   variable StringUTF16
  location: class String
/java.base/java/lang/String.java:1107: error: cannot find symbol
                        StringUTF16.putChar(dst, dp++, decode2(b1, b2));
                        ^
  symbol:   variable StringUTF16
  location: class String
/java.base/java/lang/String.java:1114: error: cannot find symbol
                StringUTF16.putChar(dst, dp++, REPL);
                ^
  symbol:   variable StringUTF16
  location: class String
/java.base/java/lang/String.java:1124: error: cannot find symbol
                        StringUTF16.putChar(dst, dp++, REPL);
                        ^
  symbol:   variable StringUTF16
  location: class String
/java.base/java/lang/String.java:1133: error: cannot find symbol
                            StringUTF16.putChar(dst, dp++, REPL);
                            ^
  symbol:   variable StringUTF16
  location: class String
/java.base/java/lang/String.java:1135: error: cannot find symbol
                            StringUTF16.putChar(dst, dp++, c);
                            ^
  symbol:   variable StringUTF16
  location: class String
/java.base/java/lang/String.java:1144: error: cannot find symbol
                    StringUTF16.putChar(dst, dp++, REPL);
                    ^
  symbol:   variable StringUTF16
  location: class String
/java.base/java/lang/String.java:1150: error: cannot find symbol
                StringUTF16.putChar(dst, dp++, REPL);
                ^
  symbol:   variable StringUTF16
  location: class String
/java.base/java/lang/String.java:1163: error: cannot find symbol
                        StringUTF16.putChar(dst, dp++, REPL);
                        ^
  symbol:   variable StringUTF16
  location: class String
/java.base/java/lang/String.java:1167: error: cannot find symbol
                        StringUTF16.putChar(dst, dp++, Character.highSurrogate(uc));
                        ^
  symbol:   variable StringUTF16
  location: class String
/java.base/java/lang/String.java:1168: error: cannot find symbol
                        StringUTF16.putChar(dst, dp++, Character.lowSurrogate(uc));
                        ^
  symbol:   variable StringUTF16
  location: class String
/java.base/java/lang/String.java:1177: error: cannot find symbol
                    StringUTF16.putChar(dst, dp++, REPL);
                    ^
  symbol:   variable StringUTF16
  location: class String
/java.base/java/lang/String.java:1184: error: cannot find symbol
                StringUTF16.putChar(dst, dp++, REPL);
                ^
  symbol:   variable StringUTF16
  location: class String
/java.base/java/lang/String.java:1193: error: cannot find symbol
                StringUTF16.putChar(dst, dp++, REPL);
                ^
  symbol:   variable StringUTF16
  location: class String
/java.base/java/lang/String.java:1264: error: cannot find symbol
        if (!StringCoding.hasNegatives(val, 0, val.length))
             ^
  symbol:   variable StringCoding
  location: class String
/java.base/java/lang/String.java:1288: error: cannot find symbol
        while (sp < sl && (c = StringUTF16.getChar(val, sp)) < '\u0080') {
                               ^
  symbol:   variable StringUTF16
  location: class String
/java.base/java/lang/String.java:1294: error: cannot find symbol
            c = StringUTF16.getChar(val, sp++);
                ^
  symbol:   variable StringUTF16
  location: class String
/java.base/java/lang/String.java:1304: error: cannot find symbol
                        Character.isLowSurrogate(c2 = StringUTF16.getChar(val, sp))) {
                                                      ^
  symbol:   variable StringUTF16
  location: class String
/java.base/java/lang/String.java:1512: error: cannot find symbol
            return StringLatin1.charAt(value, index);
                   ^
  symbol:   variable StringLatin1
  location: class String
/java.base/java/lang/String.java:1514: error: cannot find symbol
            return StringUTF16.charAt(value, index);
                   ^
  symbol:   variable StringUTF16
  location: class String
/java.base/java/lang/String.java:1547: error: cannot find symbol
        return StringUTF16.codePointAt(value, index, length);
               ^
  symbol:   variable StringUTF16
  location: class String
/java.base/java/lang/String.java:1580: error: cannot find symbol
        return StringUTF16.codePointBefore(value, index);
               ^
  symbol:   variable StringUTF16
  location: class String
/java.base/java/lang/String.java:1612: error: cannot find symbol
        return StringUTF16.codePointCount(value, beginIndex, endIndex);
               ^
  symbol:   variable StringUTF16
  location: class String
/java.base/java/lang/String.java:1676: error: cannot find symbol
            StringLatin1.getChars(value, srcBegin, srcEnd, dst, dstBegin);
            ^
  symbol:   variable StringLatin1
  location: class String
/java.base/java/lang/String.java:1678: error: cannot find symbol
            StringUTF16.getChars(value, srcBegin, srcEnd, dst, dstBegin);
            ^
  symbol:   variable StringUTF16
  location: class String
/java.base/java/lang/String.java:1731: error: cannot find symbol
            StringLatin1.getBytes(value, srcBegin, srcEnd, dst, dstBegin);
            ^
  symbol:   variable StringLatin1
  location: class String
/java.base/java/lang/String.java:1733: error: cannot find symbol
            StringUTF16.getBytes(value, srcBegin, srcEnd, dst, dstBegin);
            ^
  symbol:   variable StringUTF16
  location: class String
/java.base/java/lang/String.java:1826: error: coder has private access in String
                && (!COMPACT_STRINGS || this.coder == aString.coder)
                                                             ^
/java.base/java/lang/String.java:1827: error: value has private access in String
                && StringLatin1.equals(value, aString.value);
                                                     ^
/java.base/java/lang/String.java:1827: error: cannot find symbol
                && StringLatin1.equals(value, aString.value);
                   ^
  symbol:   variable StringLatin1
  location: class String
/java.base/java/lang/String.java:1871: error: cannot find symbol
            return StringUTF16.contentEquals(v1, v2, len);
                   ^
  symbol:   variable StringUTF16
  location: class String
/java.base/java/lang/String.java:1897: error: cannot find symbol
        if (cs instanceof AbstractStringBuilder) {
                          ^
  symbol:   class AbstractStringBuilder
  location: class String
/java.base/java/lang/String.java:1900: error: cannot find symbol
                   return nonSyncContentEquals((AbstractStringBuilder)cs);
                                                ^
  symbol:   class AbstractStringBuilder
  location: class String
/java.base/java/lang/String.java:1903: error: cannot find symbol
                return nonSyncContentEquals((AbstractStringBuilder)cs);
                                             ^
  symbol:   class AbstractStringBuilder
  location: class String
/java.base/java/lang/String.java:1923: error: cannot find symbol
            if (!StringUTF16.contentEquals(val, cs, n)) {
                 ^
  symbol:   variable StringUTF16
  location: class String
2023.07.28 17:15:14 INFO  compiling scala (1 scala source)[0m
2023.07.28 17:15:14 INFO  time: compiled scala in 0.43s[0m
2023.07.28 17:15:15 INFO  compiling scala (1 scala source)[0m
2023.07.28 17:15:15 INFO  time: compiled scala in 0.17s[0m
2023.07.28 17:15:15 INFO  compiling scala (1 scala source)[0m
2023.07.28 17:15:15 INFO  time: compiled scala in 0.19s[0m
2023.07.28 17:15:20 INFO  compiling scala (1 scala source)[0m
2023.07.28 17:15:20 WARN  Could not load snapshot text for /home/threadedstream/langshardway/scala/src/main/scala/Main.scala[0m
2023.07.28 17:15:20 INFO  time: compiled scala in 0.68s[0m
2023.07.28 17:15:21 INFO  compiling scala (1 scala source)[0m
2023.07.28 17:15:21 INFO  time: compiled scala in 0.17s[0m
Jul 28, 2023 5:15:28 PM org.eclipse.lsp4j.jsonrpc.services.GenericEndpoint notify
INFO: Unsupported notification method: $/setTrace
Jul 28, 2023 5:15:29 PM org.eclipse.lsp4j.jsonrpc.services.GenericEndpoint notify
INFO: Unsupported notification method: $/setTrace
2023.07.28 17:15:39 INFO  compiling scala (1 scala source)[0m
2023.07.28 17:15:39 INFO  time: compiled scala in 0.71s[0m
2023.07.28 17:15:41 INFO  compiling scala (1 scala source)[0m
2023.07.28 17:15:41 WARN  Could not load snapshot text for /home/threadedstream/langshardway/scala/src/main/scala/Main.scala[0m
2023.07.28 17:15:41 INFO  time: compiled scala in 0.48s[0m
Jul 28, 2023 5:15:43 PM org.eclipse.lsp4j.jsonrpc.RemoteEndpoint fallbackResponseError
SEVERE: Internal error: java.lang.InterruptedException
java.util.concurrent.CompletionException: java.lang.InterruptedException
	at java.base/java.util.concurrent.CompletableFuture.encodeThrowable(CompletableFuture.java:315)
	at java.base/java.util.concurrent.CompletableFuture.completeThrowable(CompletableFuture.java:320)
	at java.base/java.util.concurrent.CompletableFuture$UniAccept.tryFire(CompletableFuture.java:722)
	at java.base/java.util.concurrent.CompletableFuture.postComplete(CompletableFuture.java:510)
	at java.base/java.util.concurrent.CompletableFuture.complete(CompletableFuture.java:2147)
	at scala.meta.internal.metals.CancelTokens$.$anonfun$future$1(CancelTokens.scala:42)
	at scala.meta.internal.metals.CancelTokens$.$anonfun$future$1$adapted(CancelTokens.scala:38)
	at scala.concurrent.impl.Promise$Transformation.run(Promise.scala:484)
	at java.base/java.util.concurrent.ThreadPoolExecutor.runWorker(ThreadPoolExecutor.java:1136)
	at java.base/java.util.concurrent.ThreadPoolExecutor$Worker.run(ThreadPoolExecutor.java:635)
	at java.base/java.lang.Thread.run(Thread.java:833)
Caused by: java.lang.InterruptedException
	at scala.meta.internal.metals.FutureCancelToken.checkCanceled(FutureCancelToken.scala:29)
	at scala.meta.pc.VirtualFileParams.checkCanceled(VirtualFileParams.java:25)
	at scala.meta.internal.pc.CompletionProvider.$anonfun$completions$1(CompletionProvider.scala:77)
	at scala.collection.Iterator$$anon$10.next(Iterator.scala:461)
	at scala.collection.Iterator.toStream(Iterator.scala:1417)
	at scala.collection.Iterator.toStream$(Iterator.scala:1416)
	at scala.collection.AbstractIterator.toStream(Iterator.scala:1431)
	at scala.collection.Iterator.$anonfun$toStream$1(Iterator.scala:1417)
	at scala.collection.immutable.Stream$Cons.tail(Stream.scala:1173)
	at scala.collection.immutable.Stream$Cons.tail(Stream.scala:1163)
	at scala.collection.immutable.StreamIterator.$anonfun$next$1(Stream.scala:1061)
	at scala.collection.immutable.StreamIterator$LazyCell.v$lzycompute(Stream.scala:1050)
	at scala.collection.immutable.StreamIterator$LazyCell.v(Stream.scala:1050)
	at scala.collection.immutable.StreamIterator.hasNext(Stream.scala:1055)
	at scala.collection.convert.Wrappers$IteratorWrapper.hasNext(Wrappers.scala:32)
	at org.eclipse.lsp4j.jsonrpc.json.adapters.CollectionTypeAdapter.write(CollectionTypeAdapter.java:134)
	at org.eclipse.lsp4j.jsonrpc.json.adapters.CollectionTypeAdapter.write(CollectionTypeAdapter.java:40)
	at com.google.gson.internal.bind.TypeAdapterRuntimeTypeWrapper.write(TypeAdapterRuntimeTypeWrapper.java:70)
	at com.google.gson.internal.bind.ReflectiveTypeAdapterFactory$1.write(ReflectiveTypeAdapterFactory.java:196)
	at com.google.gson.internal.bind.ReflectiveTypeAdapterFactory$Adapter.write(ReflectiveTypeAdapterFactory.java:368)
	at com.google.gson.Gson.toJson(Gson.java:842)
	at org.eclipse.lsp4j.jsonrpc.json.adapters.MessageTypeAdapter.write(MessageTypeAdapter.java:423)
	at org.eclipse.lsp4j.jsonrpc.json.adapters.MessageTypeAdapter.write(MessageTypeAdapter.java:55)
	at com.google.gson.Gson.toJson(Gson.java:842)
	at com.google.gson.Gson.toJson(Gson.java:812)
	at org.eclipse.lsp4j.jsonrpc.json.MessageJsonHandler.serialize(MessageJsonHandler.java:145)
	at org.eclipse.lsp4j.jsonrpc.json.MessageJsonHandler.serialize(MessageJsonHandler.java:140)
	at org.eclipse.lsp4j.jsonrpc.json.StreamMessageConsumer.consume(StreamMessageConsumer.java:59)
	at org.eclipse.lsp4j.jsonrpc.RemoteEndpoint.lambda$handleRequest$1(RemoteEndpoint.java:281)
	at java.base/java.util.concurrent.CompletableFuture$UniAccept.tryFire(CompletableFuture.java:718)
	... 8 more

Jul 28, 2023 5:15:44 PM scala.meta.internal.pc.CompletionProvider expected$1
WARNING: offset 193, count -1, length 223
Jul 28, 2023 5:15:51 PM org.eclipse.lsp4j.jsonrpc.RemoteEndpoint handleCancellation
WARNING: Unmatched cancel notification for request id 2654
2023.07.28 17:15:57 INFO  compiling scala (1 scala source)[0m
2023.07.28 17:15:57 INFO  time: compiled scala in 73ms[0m
2023.07.28 17:15:57 INFO  compiling scala (1 scala source)[0m
2023.07.28 17:15:57 INFO  time: compiled scala in 83ms[0m
2023.07.28 17:16:03 INFO  compiling scala (1 scala source)[0m
2023.07.28 17:16:03 INFO  time: compiled scala in 0.43s[0m
2023.07.28 17:16:09 INFO  compiling scala (1 scala source)[0m
2023.07.28 17:16:09 WARN  Could not load snapshot text for /home/threadedstream/langshardway/scala/src/main/scala/Main.scala[0m
2023.07.28 17:16:09 INFO  time: compiled scala in 80ms[0m
2023.07.28 17:16:09 WARN  Could not load snapshot text for /home/threadedstream/langshardway/scala/src/main/scala/Main.scala[0m
2023.07.28 17:16:11 WARN  Could not load snapshot text for /home/threadedstream/langshardway/scala/src/main/scala/Main.scala[0m
2023.07.28 17:16:11 INFO  compiling scala (1 scala source)[0m
2023.07.28 17:16:11 INFO  time: compiled scala in 77ms[0m
2023.07.28 17:16:13 WARN  Could not load snapshot text for /home/threadedstream/langshardway/scala/src/main/scala/Main.scala[0m
2023.07.28 17:16:15 WARN  Could not load snapshot text for /home/threadedstream/langshardway/scala/src/main/scala/Main.scala[0m
2023.07.28 17:16:15 WARN  Could not load snapshot text for /home/threadedstream/langshardway/scala/src/main/scala/Main.scala[0m
2023.07.28 17:16:16 INFO  compiling scala (1 scala source)[0m
2023.07.28 17:16:16 INFO  time: compiled scala in 40ms[0m
2023.07.28 17:16:16 WARN  Could not load snapshot text for /home/threadedstream/langshardway/scala/src/main/scala/Main.scala[0m
2023.07.28 17:16:18 WARN  Could not load snapshot text for /home/threadedstream/langshardway/scala/src/main/scala/Main.scala[0m
2023.07.28 17:18:43 WARN  Could not load snapshot text for /home/threadedstream/langshardway/scala/src/main/scala/Main.scala[0m
2023.07.28 17:18:44 WARN  Could not load snapshot text for /home/threadedstream/langshardway/scala/src/main/scala/Main.scala[0m
2023.07.28 17:18:45 WARN  Could not load snapshot text for /home/threadedstream/langshardway/scala/src/main/scala/Main.scala[0m
2023.07.28 17:18:45 WARN  Could not load snapshot text for /home/threadedstream/langshardway/scala/src/main/scala/Main.scala[0m
2023.07.28 17:18:47 WARN  Could not load snapshot text for /home/threadedstream/langshardway/scala/src/main/scala/Main.scala[0m
2023.07.28 17:18:47 WARN  Could not load snapshot text for /home/threadedstream/langshardway/scala/src/main/scala/Main.scala[0m
2023.07.28 17:18:48 INFO  compiling scala (1 scala source)[0m
2023.07.28 17:18:48 WARN  Could not load snapshot text for /home/threadedstream/langshardway/scala/src/main/scala/Main.scala[0m
2023.07.28 17:18:48 INFO  time: compiled scala in 0.18s[0m
2023.07.28 17:18:48 WARN  Could not load snapshot text for /home/threadedstream/langshardway/scala/src/main/scala/Main.scala[0m
2023.07.28 17:18:49 WARN  Could not load snapshot text for /home/threadedstream/langshardway/scala/src/main/scala/Main.scala[0m
2023.07.28 17:18:49 WARN  Could not load snapshot text for /home/threadedstream/langshardway/scala/src/main/scala/Main.scala[0m
2023.07.28 17:18:50 INFO  compiling scala (1 scala source)[0m
2023.07.28 17:18:50 INFO  time: compiled scala in 91ms[0m
2023.07.28 17:18:50 WARN  Could not load snapshot text for /home/threadedstream/langshardway/scala/src/main/scala/Main.scala[0m
2023.07.28 17:18:51 WARN  Could not load snapshot text for /home/threadedstream/langshardway/scala/src/main/scala/Main.scala[0m
2023.07.28 17:18:52 INFO  compiling scala (1 scala source)[0m
2023.07.28 17:18:52 WARN  Could not load snapshot text for /home/threadedstream/langshardway/scala/src/main/scala/Main.scala[0m
2023.07.28 17:18:52 INFO  time: compiled scala in 43ms[0m
2023.07.28 17:18:53 WARN  Could not load snapshot text for /home/threadedstream/langshardway/scala/src/main/scala/Main.scala[0m
2023.07.28 17:18:53 WARN  Could not load snapshot text for /home/threadedstream/langshardway/scala/src/main/scala/Main.scala[0m
2023.07.28 17:18:54 WARN  Could not load snapshot text for /home/threadedstream/langshardway/scala/src/main/scala/Main.scala[0m
2023.07.28 17:18:54 WARN  Could not load snapshot text for /home/threadedstream/langshardway/scala/src/main/scala/Main.scala[0m
2023.07.28 17:18:55 WARN  Could not load snapshot text for /home/threadedstream/langshardway/scala/src/main/scala/Main.scala[0m
2023.07.28 17:18:55 INFO  compiling scala (1 scala source)[0m
2023.07.28 17:18:55 INFO  time: compiled scala in 51ms[0m
2023.07.28 17:18:56 WARN  Could not load snapshot text for /home/threadedstream/langshardway/scala/src/main/scala/Main.scala[0m
2023.07.28 17:18:56 WARN  Could not load snapshot text for /home/threadedstream/langshardway/scala/src/main/scala/Main.scala[0m
2023.07.28 17:18:57 WARN  Could not load snapshot text for /home/threadedstream/langshardway/scala/src/main/scala/Main.scala[0m
2023.07.28 17:18:57 INFO  compiling scala (1 scala source)[0m
2023.07.28 17:18:57 INFO  time: compiled scala in 0.1s[0m
2023.07.28 17:18:57 WARN  Could not load snapshot text for /home/threadedstream/langshardway/scala/src/main/scala/Main.scala[0m
2023.07.28 17:18:57 WARN  Could not load snapshot text for /home/threadedstream/langshardway/scala/src/main/scala/Main.scala[0m
2023.07.28 17:18:57 INFO  compiling scala (1 scala source)[0m
2023.07.28 17:18:58 INFO  time: compiled scala in 51ms[0m
2023.07.28 17:18:57 WARN  Could not load snapshot text for /home/threadedstream/langshardway/scala/src/main/scala/Main.scala[0m
2023.07.28 17:19:27 INFO  compiling scala (1 scala source)[0m
2023.07.28 17:19:27 WARN  Could not load snapshot text for /home/threadedstream/langshardway/scala/src/main/scala/Main.scala[0m
2023.07.28 17:19:27 INFO  time: compiled scala in 59ms[0m
2023.07.28 17:19:28 WARN  Could not load snapshot text for /home/threadedstream/langshardway/scala/src/main/scala/Main.scala[0m
2023.07.28 17:19:28 WARN  Could not load snapshot text for /home/threadedstream/langshardway/scala/src/main/scala/Main.scala[0m
2023.07.28 17:19:27 WARN  Could not load snapshot text for /home/threadedstream/langshardway/scala/src/main/scala/Main.scala[0m
2023.07.28 17:19:28 INFO  compiling scala (1 scala source)[0m
2023.07.28 17:19:28 INFO  time: compiled scala in 39ms[0m
2023.07.28 17:19:28 WARN  Could not load snapshot text for /home/threadedstream/langshardway/scala/src/main/scala/Main.scala[0m
2023.07.28 17:19:30 WARN  Could not load snapshot text for /home/threadedstream/langshardway/scala/src/main/scala/Main.scala[0m
2023.07.28 17:19:30 INFO  compiling scala (1 scala source)[0m
2023.07.28 17:19:30 INFO  time: compiled scala in 0.11s[0m
2023.07.28 17:19:31 WARN  Could not load snapshot text for /home/threadedstream/langshardway/scala/src/main/scala/Main.scala[0m
2023.07.28 17:19:32 INFO  compiling scala (1 scala source)[0m
2023.07.28 17:19:32 INFO  time: compiled scala in 91ms[0m
2023.07.28 17:19:32 WARN  Could not load snapshot text for /home/threadedstream/langshardway/scala/src/main/scala/Main.scala[0m
2023.07.28 17:19:33 WARN  Could not load snapshot text for /home/threadedstream/langshardway/scala/src/main/scala/Main.scala[0m
2023.07.28 17:20:01 WARN  Could not load snapshot text for /home/threadedstream/langshardway/scala/src/main/scala/Main.scala[0m
2023.07.28 17:20:05 WARN  Could not load snapshot text for /home/threadedstream/langshardway/scala/src/main/scala/Main.scala[0m
2023.07.28 17:21:20 WARN  Could not load snapshot text for /home/threadedstream/langshardway/scala/src/main/scala/Main.scala[0m
2023.07.28 17:21:21 WARN  Could not load snapshot text for /home/threadedstream/langshardway/scala/src/main/scala/Main.scala[0m
2023.07.28 17:21:21 WARN  Could not load snapshot text for /home/threadedstream/langshardway/scala/src/main/scala/Main.scala[0m
2023.07.28 17:21:22 WARN  Could not load snapshot text for /home/threadedstream/langshardway/scala/src/main/scala/Main.scala[0m
2023.07.28 17:21:22 INFO  compiling scala (1 scala source)[0m
2023.07.28 17:21:22 INFO  time: compiled scala in 42ms[0m
2023.07.28 17:21:22 WARN  Could not load snapshot text for /home/threadedstream/langshardway/scala/src/main/scala/Main.scala[0m
2023.07.28 17:21:24 WARN  Could not load snapshot text for /home/threadedstream/langshardway/scala/src/main/scala/Main.scala[0m
2023.07.28 17:21:26 WARN  Could not load snapshot text for /home/threadedstream/langshardway/scala/src/main/scala/Main.scala[0m
2023.07.28 17:21:26 WARN  Could not load snapshot text for /home/threadedstream/langshardway/scala/src/main/scala/Main.scala[0m
2023.07.28 17:21:30 WARN  Could not load snapshot text for /home/threadedstream/langshardway/scala/src/main/scala/Main.scala[0m
2023.07.28 17:21:33 INFO  compiling scala (1 scala source)[0m
2023.07.28 17:21:33 INFO  time: compiled scala in 48ms[0m
2023.07.28 17:21:33 WARN  Could not load snapshot text for /home/threadedstream/langshardway/scala/src/main/scala/Main.scala[0m
2023.07.28 17:21:35 WARN  Could not load snapshot text for /home/threadedstream/langshardway/scala/src/main/scala/Main.scala[0m
2023.07.28 17:21:35 WARN  Could not load snapshot text for /home/threadedstream/langshardway/scala/src/main/scala/Main.scala[0m
2023.07.28 17:21:36 WARN  Could not load snapshot text for /home/threadedstream/langshardway/scala/src/main/scala/Main.scala[0m
2023.07.28 17:21:37 WARN  Could not load snapshot text for /home/threadedstream/langshardway/scala/src/main/scala/Main.scala[0m
2023.07.28 17:21:38 WARN  Could not load snapshot text for /home/threadedstream/langshardway/scala/src/main/scala/Main.scala[0m
2023.07.28 17:21:38 WARN  Could not load snapshot text for /home/threadedstream/langshardway/scala/src/main/scala/Main.scala[0m
2023.07.28 17:21:38 INFO  compiling scala (1 scala source)[0m
2023.07.28 17:21:38 INFO  time: compiled scala in 71ms[0m
2023.07.28 17:21:39 WARN  Could not load snapshot text for /home/threadedstream/langshardway/scala/src/main/scala/Main.scala[0m
2023.07.28 17:21:39 WARN  Could not load snapshot text for /home/threadedstream/langshardway/scala/src/main/scala/Main.scala[0m
2023.07.28 17:21:38 INFO  compiling scala (1 scala source)[0m
2023.07.28 17:21:38 INFO  time: compiled scala in 24ms[0m
2023.07.28 17:21:39 WARN  Could not load snapshot text for /home/threadedstream/langshardway/scala/src/main/scala/Main.scala[0m
2023.07.28 17:21:40 INFO  compiling scala (1 scala source)[0m
2023.07.28 17:21:40 INFO  time: compiled scala in 0.13s[0m
2023.07.28 17:21:41 WARN  Could not load snapshot text for /home/threadedstream/langshardway/scala/src/main/scala/Main.scala[0m
2023.07.28 17:21:42 INFO  compiling scala (1 scala source)[0m
2023.07.28 17:21:42 INFO  time: compiled scala in 72ms[0m
2023.07.28 17:21:42 WARN  Could not load snapshot text for /home/threadedstream/langshardway/scala/src/main/scala/Main.scala[0m
2023.07.28 17:21:44 WARN  Could not load snapshot text for /home/threadedstream/langshardway/scala/src/main/scala/Main.scala[0m
2023.07.28 17:21:44 INFO  compiling scala (1 scala source)[0m
2023.07.28 17:21:44 INFO  time: compiled scala in 34ms[0m
2023.07.28 17:21:45 WARN  Could not load snapshot text for /home/threadedstream/langshardway/scala/src/main/scala/Main.scala[0m
2023.07.28 17:21:47 WARN  Could not load snapshot text for /home/threadedstream/langshardway/scala/src/main/scala/Main.scala[0m
2023.07.28 17:21:47 WARN  Could not load snapshot text for /home/threadedstream/langshardway/scala/src/main/scala/Main.scala[0m
2023.07.28 17:21:48 WARN  Could not load snapshot text for /home/threadedstream/langshardway/scala/src/main/scala/Main.scala[0m
2023.07.28 17:21:50 WARN  Could not load snapshot text for /home/threadedstream/langshardway/scala/src/main/scala/Main.scala[0m
2023.07.28 17:21:50 INFO  compiling scala (1 scala source)[0m
2023.07.28 17:21:50 INFO  time: compiled scala in 43ms[0m
2023.07.28 17:21:50 WARN  Could not load snapshot text for /home/threadedstream/langshardway/scala/src/main/scala/Main.scala[0m
2023.07.28 17:21:53 WARN  Could not load snapshot text for /home/threadedstream/langshardway/scala/src/main/scala/Main.scala[0m
2023.07.28 17:21:53 WARN  Could not load snapshot text for /home/threadedstream/langshardway/scala/src/main/scala/Main.scala[0m
2023.07.28 17:21:53 INFO  compiling scala (1 scala source)[0m
2023.07.28 17:21:53 INFO  time: compiled scala in 36ms[0m
2023.07.28 17:21:53 WARN  Could not load snapshot text for /home/threadedstream/langshardway/scala/src/main/scala/Main.scala[0m
2023.07.28 17:21:53 INFO  compiling scala (1 scala source)[0m
2023.07.28 17:21:53 INFO  time: compiled scala in 53ms[0m
2023.07.28 17:21:53 WARN  Could not load snapshot text for /home/threadedstream/langshardway/scala/src/main/scala/Main.scala[0m
2023.07.28 17:21:56 WARN  Could not load snapshot text for /home/threadedstream/langshardway/scala/src/main/scala/Main.scala[0m
2023.07.28 17:21:57 WARN  Could not load snapshot text for /home/threadedstream/langshardway/scala/src/main/scala/Main.scala[0m
2023.07.28 17:21:57 INFO  compiling scala (1 scala source)[0m
2023.07.28 17:21:57 INFO  time: compiled scala in 36ms[0m
2023.07.28 17:21:57 WARN  Could not load snapshot text for /home/threadedstream/langshardway/scala/src/main/scala/Main.scala[0m
2023.07.28 17:21:58 WARN  Could not load snapshot text for /home/threadedstream/langshardway/scala/src/main/scala/Main.scala[0m
2023.07.28 17:22:01 WARN  Could not load snapshot text for /home/threadedstream/langshardway/scala/src/main/scala/Main.scala[0m
2023.07.28 17:22:02 WARN  Could not load snapshot text for /home/threadedstream/langshardway/scala/src/main/scala/Main.scala[0m
2023.07.28 17:22:03 WARN  Could not load snapshot text for /home/threadedstream/langshardway/scala/src/main/scala/Main.scala[0m
2023.07.28 17:22:03 WARN  Could not load snapshot text for /home/threadedstream/langshardway/scala/src/main/scala/Main.scala[0m
2023.07.28 17:22:03 INFO  compiling scala (1 scala source)[0m
2023.07.28 17:22:03 INFO  time: compiled scala in 51ms[0m
2023.07.28 17:22:04 WARN  Could not load snapshot text for /home/threadedstream/langshardway/scala/src/main/scala/Main.scala[0m
2023.07.28 17:22:05 WARN  Could not load snapshot text for /home/threadedstream/langshardway/scala/src/main/scala/Main.scala[0m
2023.07.28 17:22:05 WARN  Could not load snapshot text for /home/threadedstream/langshardway/scala/src/main/scala/Main.scala[0m
2023.07.28 17:22:07 WARN  Could not load snapshot text for /home/threadedstream/langshardway/scala/src/main/scala/Main.scala[0m
2023.07.28 17:22:09 WARN  Could not load snapshot text for /home/threadedstream/langshardway/scala/src/main/scala/Main.scala[0m
2023.07.28 17:22:10 INFO  compiling scala (1 scala source)[0m
2023.07.28 17:22:10 WARN  Could not load snapshot text for /home/threadedstream/langshardway/scala/src/main/scala/Main.scala[0m
2023.07.28 17:22:10 INFO  time: compiled scala in 0.11s[0m
2023.07.28 17:22:11 WARN  Could not load snapshot text for /home/threadedstream/langshardway/scala/src/main/scala/Main.scala[0m
2023.07.28 17:22:10 INFO  compiling scala (1 scala source)[0m
2023.07.28 17:22:10 INFO  time: compiled scala in 15ms[0m
2023.07.28 17:22:11 WARN  Could not load snapshot text for /home/threadedstream/langshardway/scala/src/main/scala/Main.scala[0m
2023.07.28 17:22:13 WARN  Could not load snapshot text for /home/threadedstream/langshardway/scala/src/main/scala/Main.scala[0m
2023.07.28 17:22:13 INFO  compiling scala (1 scala source)[0m
2023.07.28 17:22:13 INFO  time: compiled scala in 43ms[0m
2023.07.28 17:22:14 WARN  Could not load snapshot text for /home/threadedstream/langshardway/scala/src/main/scala/Main.scala[0m
2023.07.28 17:22:15 WARN  Could not load snapshot text for /home/threadedstream/langshardway/scala/src/main/scala/Main.scala[0m
2023.07.28 17:22:15 INFO  compiling scala (1 scala source)[0m
2023.07.28 17:22:15 INFO  time: compiled scala in 76ms[0m
2023.07.28 17:22:16 WARN  Could not load snapshot text for /home/threadedstream/langshardway/scala/src/main/scala/Main.scala[0m
2023.07.28 17:22:16 WARN  Could not load snapshot text for /home/threadedstream/langshardway/scala/src/main/scala/Main.scala[0m
2023.07.28 17:22:16 WARN  Could not load snapshot text for /home/threadedstream/langshardway/scala/src/main/scala/Main.scala[0m
2023.07.28 17:22:16 WARN  Could not load snapshot text for /home/threadedstream/langshardway/scala/src/main/scala/Main.scala[0m
2023.07.28 17:22:16 WARN  Could not load snapshot text for /home/threadedstream/langshardway/scala/src/main/scala/Main.scala[0m
2023.07.28 17:22:16 WARN  Using indexes to guess the definition of HashMap[0m
2023.07.28 17:22:17 WARN  Could not load snapshot text for /home/threadedstream/langshardway/scala/src/main/scala/Main.scala[0m
2023.07.28 17:22:17 WARN  Could not load snapshot text for /home/threadedstream/langshardway/scala/src/main/scala/Main.scala[0m
2023.07.28 17:22:18 WARN  Using indexes to guess the definition of HashMap[0m
2023.07.28 17:22:21 INFO  time: code lens generation in 2.72s[0m
2023.07.28 17:22:24 WARN  Could not load snapshot text for /home/threadedstream/langshardway/scala/src/main/scala/Main.scala[0m
2023.07.28 17:22:24 WARN  Could not load snapshot text for /home/threadedstream/langshardway/scala/src/main/scala/Main.scala[0m
2023.07.28 17:22:26 WARN  Could not load snapshot text for /home/threadedstream/langshardway/scala/src/main/scala/Main.scala[0m
2023.07.28 17:22:27 WARN  Could not load snapshot text for /home/threadedstream/langshardway/scala/src/main/scala/Main.scala[0m
2023.07.28 17:22:32 WARN  Could not load snapshot text for /home/threadedstream/langshardway/scala/src/main/scala/Main.scala[0m
2023.07.28 17:22:33 WARN  Could not load snapshot text for /home/threadedstream/langshardway/scala/src/main/scala/Main.scala[0m
2023.07.28 17:22:34 WARN  Could not load snapshot text for /home/threadedstream/langshardway/scala/src/main/scala/Main.scala[0m
2023.07.28 17:22:35 WARN  Could not load snapshot text for /home/threadedstream/langshardway/scala/src/main/scala/Main.scala[0m
2023.07.28 17:22:35 INFO  compiling scala (1 scala source)[0m
2023.07.28 17:22:35 INFO  time: compiled scala in 52ms[0m
2023.07.28 17:22:35 WARN  Could not load snapshot text for /home/threadedstream/langshardway/scala/src/main/scala/Main.scala[0m
2023.07.28 17:22:35 WARN  Could not load snapshot text for /home/threadedstream/langshardway/scala/src/main/scala/Main.scala[0m
2023.07.28 17:22:35 INFO  compiling scala (1 scala source)[0m
2023.07.28 17:22:35 INFO  time: compiled scala in 23ms[0m
2023.07.28 17:22:37 WARN  Could not load snapshot text for /home/threadedstream/langshardway/scala/src/main/scala/Main.scala[0m
2023.07.28 17:22:38 INFO  compiling scala (1 scala source)[0m
2023.07.28 17:22:38 WARN  Could not load snapshot text for /home/threadedstream/langshardway/scala/src/main/scala/Main.scala[0m
2023.07.28 17:22:38 INFO  time: compiled scala in 61ms[0m
2023.07.28 17:22:38 WARN  Could not load snapshot text for /home/threadedstream/langshardway/scala/src/main/scala/Main.scala[0m
2023.07.28 17:22:38 WARN  Could not load snapshot text for /home/threadedstream/langshardway/scala/src/main/scala/Main.scala[0m
2023.07.28 17:22:40 WARN  Could not load snapshot text for /home/threadedstream/langshardway/scala/src/main/scala/Main.scala[0m
2023.07.28 17:22:40 WARN  Could not load snapshot text for /home/threadedstream/langshardway/scala/src/main/scala/Main.scala[0m
2023.07.28 17:22:41 WARN  Could not load snapshot text for /home/threadedstream/langshardway/scala/src/main/scala/Main.scala[0m
2023.07.28 17:22:41 INFO  compiling scala (1 scala source)[0m
2023.07.28 17:22:41 INFO  time: compiled scala in 48ms[0m
2023.07.28 17:22:41 WARN  Could not load snapshot text for /home/threadedstream/langshardway/scala/src/main/scala/Main.scala[0m
2023.07.28 17:22:43 WARN  Could not load snapshot text for /home/threadedstream/langshardway/scala/src/main/scala/Main.scala[0m
2023.07.28 17:22:44 WARN  Could not load snapshot text for /home/threadedstream/langshardway/scala/src/main/scala/Main.scala[0m
2023.07.28 17:22:45 WARN  Could not load snapshot text for /home/threadedstream/langshardway/scala/src/main/scala/Main.scala[0m
2023.07.28 17:22:46 WARN  Could not load snapshot text for /home/threadedstream/langshardway/scala/src/main/scala/Main.scala[0m
2023.07.28 17:22:46 INFO  compiling scala (1 scala source)[0m
2023.07.28 17:22:46 INFO  time: compiled scala in 0.2s[0m
2023.07.28 17:22:46 WARN  Could not load snapshot text for /home/threadedstream/langshardway/scala/src/main/scala/Main.scala[0m
2023.07.28 17:22:48 WARN  Could not load snapshot text for /home/threadedstream/langshardway/scala/src/main/scala/Main.scala[0m
2023.07.28 17:22:49 INFO  compiling scala (1 scala source)[0m
2023.07.28 17:22:49 WARN  Could not load snapshot text for /home/threadedstream/langshardway/scala/src/main/scala/Main.scala[0m
2023.07.28 17:22:49 INFO  time: compiled scala in 49ms[0m
2023.07.28 17:22:49 WARN  Could not load snapshot text for /home/threadedstream/langshardway/scala/src/main/scala/Main.scala[0m
2023.07.28 17:22:50 WARN  Could not load snapshot text for /home/threadedstream/langshardway/scala/src/main/scala/Main.scala[0m
2023.07.28 17:22:52 WARN  Could not load snapshot text for /home/threadedstream/langshardway/scala/src/main/scala/Main.scala[0m
2023.07.28 17:22:52 WARN  Could not load snapshot text for /home/threadedstream/langshardway/scala/src/main/scala/Main.scala[0m
2023.07.28 17:22:52 INFO  compiling scala (1 scala source)[0m
2023.07.28 17:22:52 INFO  time: compiled scala in 0.21s[0m
2023.07.28 17:22:52 WARN  Could not load snapshot text for /home/threadedstream/langshardway/scala/src/main/scala/Main.scala[0m
2023.07.28 17:22:54 WARN  Could not load snapshot text for /home/threadedstream/langshardway/scala/src/main/scala/Main.scala[0m
2023.07.28 17:23:00 WARN  Could not load snapshot text for /home/threadedstream/langshardway/scala/src/main/scala/Main.scala[0m
2023.07.28 17:23:08 WARN  Could not load snapshot text for /home/threadedstream/langshardway/scala/src/main/scala/Main.scala[0m
2023.07.28 17:23:09 WARN  Could not load snapshot text for /home/threadedstream/langshardway/scala/src/main/scala/Main.scala[0m
2023.07.28 17:23:32 WARN  Could not load snapshot text for /home/threadedstream/langshardway/scala/src/main/scala/Main.scala[0m
2023.07.28 17:23:35 WARN  Could not load snapshot text for /home/threadedstream/langshardway/scala/src/main/scala/Main.scala[0m
2023.07.28 17:23:35 WARN  Could not load snapshot text for /home/threadedstream/langshardway/scala/src/main/scala/Main.scala[0m
2023.07.28 17:23:37 WARN  Could not load snapshot text for /home/threadedstream/langshardway/scala/src/main/scala/Main.scala[0m
2023.07.28 17:23:39 WARN  Could not load snapshot text for /home/threadedstream/langshardway/scala/src/main/scala/Main.scala[0m
2023.07.28 17:23:41 WARN  Could not load snapshot text for /home/threadedstream/langshardway/scala/src/main/scala/Main.scala[0m
2023.07.28 17:23:42 WARN  Could not load snapshot text for /home/threadedstream/langshardway/scala/src/main/scala/Main.scala[0m
2023.07.28 17:23:42 WARN  Could not load snapshot text for /home/threadedstream/langshardway/scala/src/main/scala/Main.scala[0m
2023.07.28 17:23:44 WARN  Could not load snapshot text for /home/threadedstream/langshardway/scala/src/main/scala/Main.scala[0m
2023.07.28 17:23:46 WARN  Could not load snapshot text for /home/threadedstream/langshardway/scala/src/main/scala/Main.scala[0m
2023.07.28 17:23:46 WARN  Could not load snapshot text for /home/threadedstream/langshardway/scala/src/main/scala/Main.scala[0m
2023.07.28 17:23:46 WARN  Could not load snapshot text for /home/threadedstream/langshardway/scala/src/main/scala/Main.scala[0m
2023.07.28 17:23:47 WARN  Could not load snapshot text for /home/threadedstream/langshardway/scala/src/main/scala/Main.scala[0m
2023.07.28 17:23:48 WARN  Could not load snapshot text for /home/threadedstream/langshardway/scala/src/main/scala/Main.scala[0m
2023.07.28 17:23:48 INFO  compiling scala (1 scala source)[0m
2023.07.28 17:23:48 INFO  time: compiled scala in 50ms[0m
2023.07.28 17:23:49 WARN  Could not load snapshot text for /home/threadedstream/langshardway/scala/src/main/scala/Main.scala[0m
2023.07.28 17:23:50 WARN  Could not load snapshot text for /home/threadedstream/langshardway/scala/src/main/scala/Main.scala[0m
2023.07.28 17:23:52 WARN  Could not load snapshot text for /home/threadedstream/langshardway/scala/src/main/scala/Main.scala[0m
2023.07.28 17:23:52 INFO  compiling scala (1 scala source)[0m
2023.07.28 17:23:52 INFO  time: compiled scala in 37ms[0m
2023.07.28 17:23:52 WARN  Could not load snapshot text for /home/threadedstream/langshardway/scala/src/main/scala/Main.scala[0m
2023.07.28 17:23:53 WARN  Could not load snapshot text for /home/threadedstream/langshardway/scala/src/main/scala/Main.scala[0m
2023.07.28 17:23:53 INFO  compiling scala (1 scala source)[0m
2023.07.28 17:23:54 WARN  Could not load snapshot text for /home/threadedstream/langshardway/scala/src/main/scala/Main.scala[0m
2023.07.28 17:23:53 INFO  time: compiled scala in 60ms[0m
2023.07.28 17:23:53 WARN  Could not load snapshot text for /home/threadedstream/langshardway/scala/src/main/scala/Main.scala[0m
2023.07.28 17:23:54 WARN  Could not load snapshot text for /home/threadedstream/langshardway/scala/src/main/scala/Main.scala[0m
2023.07.28 17:23:55 WARN  Could not load snapshot text for /home/threadedstream/langshardway/scala/src/main/scala/Main.scala[0m
2023.07.28 17:23:56 WARN  Could not load snapshot text for /home/threadedstream/langshardway/scala/src/main/scala/Main.scala[0m
2023.07.28 17:23:56 INFO  compiling scala (1 scala source)[0m
2023.07.28 17:23:56 INFO  time: compiled scala in 38ms[0m
2023.07.28 17:23:56 WARN  Could not load snapshot text for /home/threadedstream/langshardway/scala/src/main/scala/Main.scala[0m
2023.07.28 17:23:56 INFO  compiling scala (1 scala source)[0m
2023.07.28 17:23:56 INFO  time: compiled scala in 24ms[0m
2023.07.28 17:23:56 WARN  Could not load snapshot text for /home/threadedstream/langshardway/scala/src/main/scala/Main.scala[0m
2023.07.28 17:23:57 INFO  compiling scala (1 scala source)[0m
2023.07.28 17:23:57 INFO  time: compiled scala in 49ms[0m
2023.07.28 17:23:57 WARN  Could not load snapshot text for /home/threadedstream/langshardway/scala/src/main/scala/Main.scala[0m
2023.07.28 17:23:57 WARN  Could not load snapshot text for /home/threadedstream/langshardway/scala/src/main/scala/Main.scala[0m
2023.07.28 17:23:59 WARN  Could not load snapshot text for /home/threadedstream/langshardway/scala/src/main/scala/Main.scala[0m
2023.07.28 17:23:59 INFO  compiling scala (1 scala source)[0m
2023.07.28 17:23:59 INFO  time: compiled scala in 42ms[0m
2023.07.28 17:23:59 WARN  Could not load snapshot text for /home/threadedstream/langshardway/scala/src/main/scala/Main.scala[0m
2023.07.28 17:24:01 INFO  compiling scala (1 scala source)[0m
2023.07.28 17:24:01 WARN  Could not load snapshot text for /home/threadedstream/langshardway/scala/src/main/scala/Main.scala[0m
2023.07.28 17:24:01 INFO  time: compiled scala in 52ms[0m
2023.07.28 17:24:01 WARN  Could not load snapshot text for /home/threadedstream/langshardway/scala/src/main/scala/Main.scala[0m
2023.07.28 17:24:04 INFO  compiling scala (1 scala source)[0m
2023.07.28 17:24:04 INFO  time: compiled scala in 46ms[0m
2023.07.28 17:24:04 WARN  Could not load snapshot text for /home/threadedstream/langshardway/scala/src/main/scala/Main.scala[0m
2023.07.28 17:24:08 WARN  Could not load snapshot text for /home/threadedstream/langshardway/scala/src/main/scala/Main.scala[0m
2023.07.28 17:24:08 INFO  compiling scala (1 scala source)[0m
2023.07.28 17:24:08 INFO  time: compiled scala in 47ms[0m
2023.07.28 17:24:08 WARN  Could not load snapshot text for /home/threadedstream/langshardway/scala/src/main/scala/Main.scala[0m
2023.07.28 17:24:10 WARN  Could not load snapshot text for /home/threadedstream/langshardway/scala/src/main/scala/Main.scala[0m
2023.07.28 17:24:10 INFO  compiling scala (1 scala source)[0m
2023.07.28 17:24:10 WARN  Could not load snapshot text for /home/threadedstream/langshardway/scala/src/main/scala/Main.scala[0m
2023.07.28 17:24:10 INFO  time: compiled scala in 82ms[0m
2023.07.28 17:24:11 WARN  Could not load snapshot text for /home/threadedstream/langshardway/scala/src/main/scala/Main.scala[0m
2023.07.28 17:24:12 WARN  Could not load snapshot text for /home/threadedstream/langshardway/scala/src/main/scala/Main.scala[0m
2023.07.28 17:24:12 WARN  Could not load snapshot text for /home/threadedstream/langshardway/scala/src/main/scala/Main.scala[0m
2023.07.28 17:24:13 WARN  Could not load snapshot text for /home/threadedstream/langshardway/scala/src/main/scala/Main.scala[0m
2023.07.28 17:24:13 INFO  compiling scala (1 scala source)[0m
2023.07.28 17:24:13 INFO  time: compiled scala in 0.14s[0m
2023.07.28 17:24:13 WARN  Could not load snapshot text for /home/threadedstream/langshardway/scala/src/main/scala/Main.scala[0m
2023.07.28 17:24:15 WARN  Could not load snapshot text for /home/threadedstream/langshardway/scala/src/main/scala/Main.scala[0m
2023.07.28 17:24:15 INFO  compiling scala (1 scala source)[0m
2023.07.28 17:24:15 INFO  time: compiled scala in 0.12s[0m
2023.07.28 17:24:16 WARN  Could not load snapshot text for /home/threadedstream/langshardway/scala/src/main/scala/Main.scala[0m
2023.07.28 17:24:23 WARN  Could not load snapshot text for /home/threadedstream/langshardway/scala/src/main/scala/Main.scala[0m
2023.07.28 17:24:24 WARN  Could not load snapshot text for /home/threadedstream/langshardway/scala/src/main/scala/Main.scala[0m
2023.07.28 17:24:24 WARN  Could not load snapshot text for /home/threadedstream/langshardway/scala/src/main/scala/Main.scala[0m
2023.07.28 17:24:25 WARN  Could not load snapshot text for /home/threadedstream/langshardway/scala/src/main/scala/Main.scala[0m
2023.07.28 17:24:26 WARN  Could not load snapshot text for /home/threadedstream/langshardway/scala/src/main/scala/Main.scala[0m
2023.07.28 17:24:27 WARN  Could not load snapshot text for /home/threadedstream/langshardway/scala/src/main/scala/Main.scala[0m
2023.07.28 17:24:28 INFO  compiling scala (1 scala source)[0m
2023.07.28 17:24:28 INFO  time: compiled scala in 49ms[0m
2023.07.28 17:24:28 INFO  compiling scala (1 scala source)[0m
2023.07.28 17:24:28 INFO  time: compiled scala in 49ms[0m
2023.07.28 17:24:28 WARN  Could not load snapshot text for /home/threadedstream/langshardway/scala/src/main/scala/Main.scala[0m
2023.07.28 17:24:29 WARN  Could not load snapshot text for /home/threadedstream/langshardway/scala/src/main/scala/Main.scala[0m
2023.07.28 17:24:28 WARN  Could not load snapshot text for /home/threadedstream/langshardway/scala/src/main/scala/Main.scala[0m
2023.07.28 17:24:30 WARN  Could not load snapshot text for /home/threadedstream/langshardway/scala/src/main/scala/Main.scala[0m
2023.07.28 17:24:31 WARN  Could not load snapshot text for /home/threadedstream/langshardway/scala/src/main/scala/Main.scala[0m
2023.07.28 17:24:33 WARN  Could not load snapshot text for /home/threadedstream/langshardway/scala/src/main/scala/Main.scala[0m
2023.07.28 17:24:33 INFO  compiling scala (1 scala source)[0m
2023.07.28 17:24:33 INFO  time: compiled scala in 95ms[0m
2023.07.28 17:24:33 WARN  Could not load snapshot text for /home/threadedstream/langshardway/scala/src/main/scala/Main.scala[0m
2023.07.28 17:24:35 WARN  Could not load snapshot text for /home/threadedstream/langshardway/scala/src/main/scala/Main.scala[0m
2023.07.28 17:24:45 WARN  Could not load snapshot text for /home/threadedstream/langshardway/scala/src/main/scala/Main.scala[0m
2023.07.28 17:24:49 WARN  Could not load snapshot text for /home/threadedstream/langshardway/scala/src/main/scala/Main.scala[0m
2023.07.28 17:24:50 WARN  Could not load snapshot text for /home/threadedstream/langshardway/scala/src/main/scala/Main.scala[0m
2023.07.28 17:24:52 WARN  Could not load snapshot text for /home/threadedstream/langshardway/scala/src/main/scala/Main.scala[0m
2023.07.28 17:24:53 WARN  Could not load snapshot text for /home/threadedstream/langshardway/scala/src/main/scala/Main.scala[0m
2023.07.28 17:25:09 WARN  Could not load snapshot text for /home/threadedstream/langshardway/scala/src/main/scala/Main.scala[0m
2023.07.28 17:25:10 WARN  Could not load snapshot text for /home/threadedstream/langshardway/scala/src/main/scala/Main.scala[0m
2023.07.28 17:25:11 WARN  Could not load snapshot text for /home/threadedstream/langshardway/scala/src/main/scala/Main.scala[0m
2023.07.28 17:25:15 WARN  Could not load snapshot text for /home/threadedstream/langshardway/scala/src/main/scala/Main.scala[0m
2023.07.28 17:25:16 WARN  Could not load snapshot text for /home/threadedstream/langshardway/scala/src/main/scala/Main.scala[0m
2023.07.28 17:25:16 WARN  Could not load snapshot text for /home/threadedstream/langshardway/scala/src/main/scala/Main.scala[0m
2023.07.28 17:25:19 WARN  Could not load snapshot text for /home/threadedstream/langshardway/scala/src/main/scala/Main.scala[0m
2023.07.28 17:25:20 WARN  Could not load snapshot text for /home/threadedstream/langshardway/scala/src/main/scala/Main.scala[0m
2023.07.28 17:25:20 INFO  compiling scala (1 scala source)[0m
2023.07.28 17:25:20 WARN  Could not load snapshot text for /home/threadedstream/langshardway/scala/src/main/scala/Main.scala[0m
2023.07.28 17:25:20 INFO  time: compiled scala in 42ms[0m
2023.07.28 17:25:21 WARN  Could not load snapshot text for /home/threadedstream/langshardway/scala/src/main/scala/Main.scala[0m
2023.07.28 17:25:21 INFO  compiling scala (1 scala source)[0m
2023.07.28 17:25:22 WARN  Could not load snapshot text for /home/threadedstream/langshardway/scala/src/main/scala/Main.scala[0m
2023.07.28 17:25:21 INFO  time: compiled scala in 73ms[0m
2023.07.28 17:25:22 WARN  Could not load snapshot text for /home/threadedstream/langshardway/scala/src/main/scala/Main.scala[0m
2023.07.28 17:25:23 WARN  Could not load snapshot text for /home/threadedstream/langshardway/scala/src/main/scala/Main.scala[0m
2023.07.28 17:25:24 WARN  Could not load snapshot text for /home/threadedstream/langshardway/scala/src/main/scala/Main.scala[0m
2023.07.28 17:25:24 INFO  compiling scala (1 scala source)[0m
2023.07.28 17:25:24 INFO  time: compiled scala in 42ms[0m
2023.07.28 17:25:24 WARN  Could not load snapshot text for /home/threadedstream/langshardway/scala/src/main/scala/Main.scala[0m
2023.07.28 17:25:27 WARN  Could not load snapshot text for /home/threadedstream/langshardway/scala/src/main/scala/Main.scala[0m
2023.07.28 17:25:29 WARN  Could not load snapshot text for /home/threadedstream/langshardway/scala/src/main/scala/Main.scala[0m
2023.07.28 17:25:31 WARN  Could not load snapshot text for /home/threadedstream/langshardway/scala/src/main/scala/Main.scala[0m
2023.07.28 17:25:33 WARN  Could not load snapshot text for /home/threadedstream/langshardway/scala/src/main/scala/Main.scala[0m
2023.07.28 17:25:33 INFO  compiling scala (1 scala source)[0m
2023.07.28 17:25:33 INFO  time: compiled scala in 41ms[0m
2023.07.28 17:25:34 WARN  Could not load snapshot text for /home/threadedstream/langshardway/scala/src/main/scala/Main.scala[0m
2023.07.28 17:25:35 INFO  compiling scala (1 scala source)[0m
2023.07.28 17:25:35 WARN  Could not load snapshot text for /home/threadedstream/langshardway/scala/src/main/scala/Main.scala[0m
2023.07.28 17:25:35 INFO  time: compiled scala in 74ms[0m
2023.07.28 17:25:36 WARN  Could not load snapshot text for /home/threadedstream/langshardway/scala/src/main/scala/Main.scala[0m
2023.07.28 17:25:36 WARN  Could not load snapshot text for /home/threadedstream/langshardway/scala/src/main/scala/Main.scala[0m
2023.07.28 17:25:36 WARN  Could not load snapshot text for /home/threadedstream/langshardway/scala/src/main/scala/Main.scala[0m
2023.07.28 17:25:37 WARN  Could not load snapshot text for /home/threadedstream/langshardway/scala/src/main/scala/Main.scala[0m
2023.07.28 17:25:38 WARN  Could not load snapshot text for /home/threadedstream/langshardway/scala/src/main/scala/Main.scala[0m
2023.07.28 17:25:38 WARN  Could not load snapshot text for /home/threadedstream/langshardway/scala/src/main/scala/Main.scala[0m
2023.07.28 17:25:41 INFO  compiling scala (1 scala source)[0m
2023.07.28 17:25:41 INFO  time: compiled scala in 41ms[0m
2023.07.28 17:25:41 WARN  Could not load snapshot text for /home/threadedstream/langshardway/scala/src/main/scala/Main.scala[0m
2023.07.28 17:25:41 INFO  compiling scala (1 scala source)[0m
2023.07.28 17:25:42 INFO  time: compiled scala in 26ms[0m
2023.07.28 17:25:43 WARN  Could not load snapshot text for /home/threadedstream/langshardway/scala/src/main/scala/Main.scala[0m
2023.07.28 17:25:45 WARN  Could not load snapshot text for /home/threadedstream/langshardway/scala/src/main/scala/Main.scala[0m
2023.07.28 17:25:46 WARN  Could not load snapshot text for /home/threadedstream/langshardway/scala/src/main/scala/Main.scala[0m
2023.07.28 17:25:49 WARN  Could not load snapshot text for /home/threadedstream/langshardway/scala/src/main/scala/Main.scala[0m
2023.07.28 17:25:49 WARN  Could not load snapshot text for /home/threadedstream/langshardway/scala/src/main/scala/Main.scala[0m
2023.07.28 17:25:49 INFO  compiling scala (1 scala source)[0m
2023.07.28 17:25:49 INFO  time: compiled scala in 36ms[0m
2023.07.28 17:25:50 WARN  Could not load snapshot text for /home/threadedstream/langshardway/scala/src/main/scala/Main.scala[0m
2023.07.28 17:25:49 INFO  compiling scala (1 scala source)[0m
2023.07.28 17:25:49 INFO  time: compiled scala in 21ms[0m
2023.07.28 17:25:50 WARN  Could not load snapshot text for /home/threadedstream/langshardway/scala/src/main/scala/Main.scala[0m
2023.07.28 17:25:52 WARN  Could not load snapshot text for /home/threadedstream/langshardway/scala/src/main/scala/Main.scala[0m
2023.07.28 17:25:52 INFO  compiling scala (1 scala source)[0m
2023.07.28 17:25:52 INFO  time: compiled scala in 80ms[0m
2023.07.28 17:25:52 WARN  Could not load snapshot text for /home/threadedstream/langshardway/scala/src/main/scala/Main.scala[0m
2023.07.28 17:25:54 INFO  compiling scala (1 scala source)[0m
2023.07.28 17:25:54 WARN  Could not load snapshot text for /home/threadedstream/langshardway/scala/src/main/scala/Main.scala[0m
2023.07.28 17:25:54 INFO  time: compiled scala in 75ms[0m
2023.07.28 17:25:54 WARN  Could not load snapshot text for /home/threadedstream/langshardway/scala/src/main/scala/Main.scala[0m
2023.07.28 17:25:57 INFO  compiling scala (1 scala source)[0m
2023.07.28 17:25:57 INFO  time: compiled scala in 55ms[0m
2023.07.28 17:25:58 WARN  Could not load snapshot text for /home/threadedstream/langshardway/scala/src/main/scala/Main.scala[0m
2023.07.28 17:25:58 WARN  Could not load snapshot text for /home/threadedstream/langshardway/scala/src/main/scala/Main.scala[0m
2023.07.28 17:25:59 WARN  Could not load snapshot text for /home/threadedstream/langshardway/scala/src/main/scala/Main.scala[0m
2023.07.28 17:25:59 INFO  compiling scala (1 scala source)[0m
2023.07.28 17:25:59 INFO  time: compiled scala in 41ms[0m
2023.07.28 17:25:59 WARN  Could not load snapshot text for /home/threadedstream/langshardway/scala/src/main/scala/Main.scala[0m
2023.07.28 17:26:00 INFO  compiling scala (1 scala source)[0m
2023.07.28 17:26:00 WARN  Could not load snapshot text for /home/threadedstream/langshardway/scala/src/main/scala/Main.scala[0m
2023.07.28 17:26:00 INFO  time: compiled scala in 97ms[0m
2023.07.28 17:26:01 WARN  Could not load snapshot text for /home/threadedstream/langshardway/scala/src/main/scala/Main.scala[0m
2023.07.28 17:26:13 WARN  Could not load snapshot text for /home/threadedstream/langshardway/scala/src/main/scala/Main.scala[0m
2023.07.28 17:26:13 INFO  compiling scala (1 scala source)[0m
2023.07.28 17:26:13 INFO  time: compiled scala in 92ms[0m
2023.07.28 17:26:13 WARN  Could not load snapshot text for /home/threadedstream/langshardway/scala/src/main/scala/Main.scala[0m
2023.07.28 17:26:17 INFO  compiling scala (1 scala source)[0m
2023.07.28 17:26:17 WARN  Could not load snapshot text for /home/threadedstream/langshardway/scala/src/main/scala/Main.scala[0m
2023.07.28 17:26:17 INFO  time: compiled scala in 96ms[0m
2023.07.28 17:26:18 WARN  Could not load snapshot text for /home/threadedstream/langshardway/scala/src/main/scala/Main.scala[0m
2023.07.28 17:26:20 WARN  Could not load snapshot text for /home/threadedstream/langshardway/scala/src/main/scala/Main.scala[0m
2023.07.28 17:26:21 WARN  Could not load snapshot text for /home/threadedstream/langshardway/scala/src/main/scala/Main.scala[0m
2023.07.28 17:26:21 WARN  Could not load snapshot text for /home/threadedstream/langshardway/scala/src/main/scala/Main.scala[0m
2023.07.28 17:26:22 INFO  compiling scala (1 scala source)[0m
2023.07.28 17:26:22 INFO  time: compiled scala in 0.81s[0m
2023.07.28 17:26:25 INFO  compiling scala (1 scala source)[0m
2023.07.28 17:26:25 INFO  time: compiled scala in 0.63s[0m
2023.07.28 17:39:26 INFO  Shut down connection with build server.[0m
2023.07.28 17:39:26 INFO  Shut down connection with build server.[0m
2023.07.29 16:18:07 INFO  Started: Metals version 1.0.0 in folders '/home/threadedstream/langshardway/scala' for client Visual Studio Code 1.77.0.[0m
Jul 29, 2023 4:18:07 PM org.flywaydb.core.internal.license.VersionPrinter printVersionOnly
INFO: Flyway Community Edition 9.20.1 by Redgate
Jul 29, 2023 4:18:07 PM org.flywaydb.core.internal.license.VersionPrinter printVersion
INFO: See release notes here: https://rd.gt/416ObMi
Jul 29, 2023 4:18:07 PM org.flywaydb.core.internal.license.VersionPrinter printVersion
INFO: 
Jul 29, 2023 4:18:07 PM org.flywaydb.core.internal.database.base.BaseDatabaseType createDatabase
INFO: Database: jdbc:h2:file:/home/threadedstream/langshardway/scala/.metals/metals (H2 2.1)
Jul 29, 2023 4:18:08 PM org.flywaydb.core.internal.command.DbValidate validate
INFO: Successfully validated 4 migrations (execution time 00:00.044s)
Jul 29, 2023 4:18:08 PM org.flywaydb.core.internal.command.DbMigrate migrateGroup
INFO: Current version of schema "PUBLIC": 4
Jul 29, 2023 4:18:08 PM org.flywaydb.core.internal.command.DbMigrate logSummary
INFO: Schema "PUBLIC" is up to date. No migration necessary.
2023.07.29 16:18:08 INFO  time: initialize in 1.36s[0m
2023.07.29 16:18:10 INFO  Attempting to connect to the build server...[0m
2023.07.29 16:18:10 INFO  Bloop uses /home/threadedstream/.jabba/jdk/openjdk@1.17.0 defined at /home/threadedstream/.bloop/bloop.json[0m
2023.07.29 16:18:20 INFO  tracing is disabled for protocol BSP, to enable tracing of incoming and outgoing JSON messages create an empty file at /home/threadedstream/langshardway/scala/.metals/bsp.trace.json or /home/threadedstream/.cache/metals/bsp.trace.json[0m
2023.07.29 16:18:20 INFO  Attempting to connect to the build server...[0m
2023.07.29 16:18:20 INFO  Bloop uses /home/threadedstream/.jabba/jdk/openjdk@1.17.0 defined at /home/threadedstream/.bloop/bloop.json[0m
2023.07.29 16:18:20 INFO  tracing is disabled for protocol BSP, to enable tracing of incoming and outgoing JSON messages create an empty file at /home/threadedstream/langshardway/scala/project/.metals/bsp.trace.json or /home/threadedstream/.cache/metals/bsp.trace.json[0m
2023.07.29 16:18:20 INFO  time: Connected to build server in 11s[0m
2023.07.29 16:18:20 INFO  Connected to Build server: Bloop v1.5.8[0m
2023.07.29 16:18:22 INFO  no build target found for /home/threadedstream/langshardway/scala/src/main/scala/Main.scala. Using presentation compiler with project's scala-library version: 3.3.0[0m
2023.07.29 16:18:22 INFO  time: code lens generation in 12s[0m
2023.07.29 16:18:22 INFO  time: Imported build in 0.24s[0m
2023.07.29 16:18:26 INFO  time: indexed workspace in 3.12s[0m
2023.07.29 16:18:27 INFO  compiling scala (1 scala source)[0m
2023.07.29 16:18:37 INFO  time: compiled scala in 9.79s[0m
2023.07.29 16:21:17 INFO  skipping build import with status 'Dismissed'[0m
2023.07.29 16:21:17 INFO  skipping build import with status 'Dismissed'[0m
2023.07.29 16:21:18 INFO  skipping build import with status 'Dismissed'[0m
2023.07.29 16:21:19 INFO  skipping build import with status 'Dismissed'[0m
2023.07.29 16:21:20 INFO  running '/home/threadedstream/.jabba/jdk/openjdk@1.17.0/bin/java -Djline.terminal=jline.UnsupportedTerminal -Dsbt.log.noformat=true -Dfile.encoding=UTF-8 -jar /tmp/metals11746579947458475674/sbt-launch.jar -Dbloop.export-jar-classifiers=sources bloopInstall'[0m
2023.07.29 16:21:24 INFO  [info] welcome to sbt 1.9.2 (Oracle Corporation Java 17)[0m
2023.07.29 16:21:25 INFO  [info] loading settings for project scala-build-build from metals.sbt ...[0m
2023.07.29 16:21:26 INFO  [info] loading project definition from /home/threadedstream/langshardway/scala/project/project[0m
2023.07.29 16:21:27 INFO  compiling scala (1 scala source)[0m
2023.07.29 16:21:29 INFO  time: compiled scala in 1.75s[0m
2023.07.29 16:21:29 INFO  [info] loading settings for project scala-build from metals.sbt ...[0m
2023.07.29 16:21:29 INFO  [info] loading project definition from /home/threadedstream/langshardway/scala/project[0m
2023.07.29 16:21:33 INFO  [success] Generated .bloop/scala-build.json[0m
2023.07.29 16:21:33 INFO  [success] Total time: 3 s, completed Jul 29, 2023, 4:21:33 PM[0m
2023.07.29 16:21:36 INFO  [info] loading settings for project scala from build.sbt ...[0m
2023.07.29 16:21:36 INFO  [info] set current project to indexer (in build file:/home/threadedstream/langshardway/scala/)[0m
2023.07.29 16:21:36 INFO  [warn] there's a key that's not used by any other settings/tasks:[0m
2023.07.29 16:21:36 INFO  [warn]  [0m
2023.07.29 16:21:36 INFO  [warn] * scala / mainClass[0m
2023.07.29 16:21:36 INFO  [warn]   +- /home/threadedstream/langshardway/scala/build.sbt:7[0m
2023.07.29 16:21:36 INFO  [warn]  [0m
2023.07.29 16:21:36 INFO  [warn] note: a setting might still be used by a command; to exclude a key from this `lintUnused` check[0m
2023.07.29 16:21:36 INFO  [warn] either append it to `Global / excludeLintKeys` or call .withRank(KeyRanks.Invisible) on the key[0m
2023.07.29 16:21:40 INFO  [success] Generated .bloop/scala-test.json[0m
2023.07.29 16:21:40 INFO  [success] Generated .bloop/scala.json[0m
2023.07.29 16:21:40 INFO  [success] Total time: 4 s, completed Jul 29, 2023, 4:21:40 PM[0m
2023.07.29 16:21:41 INFO  time: ran 'sbt bloopInstall' in 20s[0m
2023.07.29 16:21:41 INFO  Disconnecting from Bloop session...[0m
2023.07.29 16:21:41 INFO  Shut down connection with build server.[0m
2023.07.29 16:21:41 INFO  Shut down connection with build server.[0m
2023.07.29 16:21:41 INFO  Attempting to connect to the build server...[0m
2023.07.29 16:21:41 INFO  Bloop uses /home/threadedstream/.jabba/jdk/openjdk@1.17.0 defined at /home/threadedstream/.bloop/bloop.json[0m
2023.07.29 16:21:41 INFO  tracing is disabled for protocol BSP, to enable tracing of incoming and outgoing JSON messages create an empty file at /home/threadedstream/langshardway/scala/.metals/bsp.trace.json or /home/threadedstream/.cache/metals/bsp.trace.json[0m
2023.07.29 16:21:41 INFO  Attempting to connect to the build server...[0m
2023.07.29 16:21:41 INFO  Bloop uses /home/threadedstream/.jabba/jdk/openjdk@1.17.0 defined at /home/threadedstream/.bloop/bloop.json[0m
2023.07.29 16:21:41 INFO  tracing is disabled for protocol BSP, to enable tracing of incoming and outgoing JSON messages create an empty file at /home/threadedstream/langshardway/scala/project/.metals/bsp.trace.json or /home/threadedstream/.cache/metals/bsp.trace.json[0m
2023.07.29 16:21:41 INFO  time: Connected to build server in 0.22s[0m
2023.07.29 16:21:41 INFO  Connected to Build server: Bloop v1.5.8[0m
2023.07.29 16:21:44 INFO  time: indexed workspace in 2.21s[0m
2023.07.29 16:22:24 INFO  compiling scala (1 scala source)[0m
2023.07.29 16:22:28 INFO  time: compiled scala in 3.46s[0m
2023.07.29 16:23:08 INFO  compiling scala (1 scala source)[0m
2023.07.29 16:23:08 INFO  time: compiled scala in 0.81s[0m
2023.07.29 16:23:12 WARN  Could not load snapshot text for /home/threadedstream/langshardway/scala/src/main/scala/Main.scala[0m
2023.07.29 16:23:12 INFO  compiling scala (1 scala source)[0m
2023.07.29 16:23:12 WARN  Could not load snapshot text for /home/threadedstream/langshardway/scala/src/main/scala/Main.scala[0m
2023.07.29 16:23:12 INFO  time: compiled scala in 0.84s[0m
2023.07.29 16:23:19 INFO  compiling scala (1 scala source)[0m
2023.07.29 16:23:19 INFO  time: compiled scala in 0.53s[0m
2023.07.29 16:23:36 WARN  Could not load snapshot text for /home/threadedstream/langshardway/scala/src/main/scala/Main.scala[0m
2023.07.29 16:23:36 INFO  compiling scala (1 scala source)[0m
2023.07.29 16:23:36 INFO  time: compiled scala in 0.34s[0m
2023.07.29 16:23:36 INFO  compiling scala (1 scala source)[0m
2023.07.29 16:23:36 INFO  time: compiled scala in 0.11s[0m
2023.07.29 16:23:36 WARN  Could not load snapshot text for /home/threadedstream/langshardway/scala/src/main/scala/Main.scala[0m
2023.07.29 16:23:38 WARN  Could not load snapshot text for /home/threadedstream/langshardway/scala/src/main/scala/Main.scala[0m
2023.07.29 16:23:41 WARN  Could not load snapshot text for /home/threadedstream/langshardway/scala/src/main/scala/Main.scala[0m
2023.07.29 16:23:42 WARN  Could not load snapshot text for /home/threadedstream/langshardway/scala/src/main/scala/Main.scala[0m
2023.07.29 16:23:42 INFO  compiling scala (1 scala source)[0m
2023.07.29 16:23:42 INFO  time: compiled scala in 0.12s[0m
2023.07.29 16:23:43 WARN  Could not load snapshot text for /home/threadedstream/langshardway/scala/src/main/scala/Main.scala[0m
2023.07.29 16:23:43 WARN  Could not load snapshot text for /home/threadedstream/langshardway/scala/src/main/scala/Main.scala[0m
2023.07.29 16:23:43 INFO  compiling scala (1 scala source)[0m
2023.07.29 16:23:43 INFO  time: compiled scala in 0.79s[0m
2023.07.29 16:23:46 INFO  compiling scala (1 scala source)[0m
2023.07.29 16:23:46 INFO  time: compiled scala in 0.11s[0m
2023.07.29 16:24:12 INFO  compiling scala (1 scala source)[0m
2023.07.29 16:24:12 INFO  time: compiled scala in 0.9s[0m
2023.07.29 16:24:14 INFO  compiling scala (1 scala source)[0m
2023.07.29 16:24:14 WARN  Could not load snapshot text for /home/threadedstream/langshardway/scala/src/main/scala/Main.scala[0m
2023.07.29 16:24:14 INFO  time: compiled scala in 0.66s[0m
2023.07.29 16:24:15 INFO  compiling scala (1 scala source)[0m
2023.07.29 16:24:15 INFO  time: compiled scala in 0.73s[0m
2023.07.29 16:24:17 WARN  Could not load snapshot text for /home/threadedstream/langshardway/scala/src/main/scala/Main.scala[0m
2023.07.29 16:24:21 WARN  Could not load snapshot text for /home/threadedstream/langshardway/scala/src/main/scala/Main.scala[0m
2023.07.29 16:24:22 WARN  Could not load snapshot text for /home/threadedstream/langshardway/scala/src/main/scala/Main.scala[0m
2023.07.29 16:24:26 WARN  Could not load snapshot text for /home/threadedstream/langshardway/scala/src/main/scala/Main.scala[0m
2023.07.29 16:24:26 WARN  Could not load snapshot text for /home/threadedstream/langshardway/scala/src/main/scala/Main.scala[0m
2023.07.29 16:24:27 WARN  Could not load snapshot text for /home/threadedstream/langshardway/scala/src/main/scala/Main.scala[0m
2023.07.29 16:24:28 WARN  Could not load snapshot text for /home/threadedstream/langshardway/scala/src/main/scala/Main.scala[0m
2023.07.29 16:24:29 WARN  Could not load snapshot text for /home/threadedstream/langshardway/scala/src/main/scala/Main.scala[0m
2023.07.29 16:24:29 INFO  compiling scala (1 scala source)[0m
2023.07.29 16:24:29 INFO  time: compiled scala in 0.61s[0m
2023.07.29 16:24:48 INFO  compiling scala (1 scala source)[0m
2023.07.29 16:24:48 INFO  time: compiled scala in 0.19s[0m
2023.07.29 16:25:07 INFO  compiling scala (1 scala source)[0m
2023.07.29 16:25:07 INFO  time: compiled scala in 0.72s[0m
2023.07.29 16:25:12 WARN  Could not load snapshot text for /home/threadedstream/langshardway/scala/src/main/scala/Main.scala[0m
2023.07.29 16:25:12 INFO  compiling scala (1 scala source)[0m
2023.07.29 16:25:12 INFO  time: compiled scala in 0.71s[0m
2023.07.29 16:25:17 INFO  compiling scala (1 scala source)[0m
2023.07.29 16:25:17 INFO  time: compiled scala in 0.59s[0m
2023.07.29 16:25:29 WARN  Could not load snapshot text for /home/threadedstream/langshardway/scala/src/main/scala/Main.scala[0m
2023.07.29 16:25:29 INFO  compiling scala (1 scala source)[0m
2023.07.29 16:25:29 INFO  time: compiled scala in 0.56s[0m
2023.07.29 16:25:32 INFO  compiling scala (1 scala source)[0m
2023.07.29 16:25:32 INFO  time: compiled scala in 0.55s[0m
2023.07.29 16:26:09 INFO  compiling scala (1 scala source)[0m
2023.07.29 16:26:09 INFO  time: compiled scala in 0.18s[0m
2023.07.29 16:26:21 INFO  compiling scala (1 scala source)[0m
2023.07.29 16:26:21 INFO  time: compiled scala in 0.13s[0m
2023.07.29 16:26:21 INFO  compiling scala (1 scala source)[0m
2023.07.29 16:26:21 INFO  time: compiled scala in 0.13s[0m
2023.07.29 16:26:29 INFO  compiling scala (1 scala source)[0m
2023.07.29 16:26:29 INFO  time: compiled scala in 0.1s[0m
2023.07.29 16:26:50 INFO  compiling scala (1 scala source)[0m
2023.07.29 16:26:50 INFO  time: compiled scala in 0.15s[0m
2023.07.29 16:26:50 INFO  compiling scala (1 scala source)[0m
2023.07.29 16:26:50 INFO  time: compiled scala in 0.13s[0m
2023.07.29 16:26:52 INFO  compiling scala (1 scala source)[0m
2023.07.29 16:26:52 INFO  time: compiled scala in 0.18s[0m
2023.07.29 16:26:56 INFO  compiling scala (1 scala source)[0m
2023.07.29 16:26:56 INFO  time: compiled scala in 0.13s[0m
2023.07.29 16:26:56 INFO  compiling scala (1 scala source)[0m
2023.07.29 16:26:56 INFO  time: compiled scala in 0.14s[0m
2023.07.29 16:28:50 INFO  compiling scala (1 scala source)[0m
2023.07.29 16:28:50 INFO  time: compiled scala in 0.11s[0m
2023.07.29 16:28:58 INFO  compiling scala (1 scala source)[0m
2023.07.29 16:28:58 INFO  time: compiled scala in 0.22s[0m
2023.07.29 16:29:00 INFO  compiling scala (1 scala source)[0m
2023.07.29 16:29:00 INFO  time: compiled scala in 0.3s[0m
2023.07.29 16:29:07 INFO  file:///home/threadedstream/langshardway/scala/src/main/scala/Main.scala:15:9: stale bloop error: an identifier expected, but '_' found
def str[_: P]
        ^[0m
2023.07.29 16:29:07 INFO  file:///home/threadedstream/langshardway/scala/src/main/scala/Main.scala:15:14: stale bloop error: Missing return type
def str[_: P]
             ^[0m
2023.07.29 16:29:08 INFO  file:///home/threadedstream/langshardway/scala/src/main/scala/Main.scala:15:9: stale bloop error: an identifier expected, but '_' found
def str[_: P]
        ^[0m
2023.07.29 16:29:08 INFO  file:///home/threadedstream/langshardway/scala/src/main/scala/Main.scala:15:14: stale bloop error: Missing return type
def str[_: P]
             ^[0m
2023.07.29 16:29:09 INFO  compiling scala (1 scala source)[0m
2023.07.29 16:29:10 INFO  time: compiled scala in 1.21s[0m
2023.07.29 16:29:20 INFO  file:///home/threadedstream/langshardway/scala/src/main/scala/Main.scala:15:9: stale bloop error: an identifier expected, but '_' found
def str[_: P] = P("\"")
        ^[0m
2023.07.29 16:29:20 INFO  file:///home/threadedstream/langshardway/scala/src/main/scala/Main.scala:15:19: stale bloop error: Found:    ("\"" : String)
Required: fastparse.ParsingRun[Any]

The following import might make progress towards fixing the problem:

  import sourcecode.Text.generate


def str[_: P] = P("\"")
                  ^^^^[0m
2023.07.29 16:29:20 INFO  file:///home/threadedstream/langshardway/scala/src/main/scala/Main.scala:15:24: stale bloop error: No given instance of type fastparse.ParsingRun[?] was found for parameter ctx of method P in package fastparse
def str[_: P] = P("\"")
                       ^[0m
2023.07.29 16:29:20 INFO  file:///home/threadedstream/langshardway/scala/src/main/scala/Main.scala:15:9: stale bloop error: an identifier expected, but '_' found
def str[_: P] = P("\"")
        ^[0m
2023.07.29 16:29:20 INFO  file:///home/threadedstream/langshardway/scala/src/main/scala/Main.scala:15:19: stale bloop error: Found:    ("\"" : String)
Required: fastparse.ParsingRun[Any]

The following import might make progress towards fixing the problem:

  import sourcecode.Text.generate


def str[_: P] = P("\"")
                  ^^^^[0m
2023.07.29 16:29:20 INFO  file:///home/threadedstream/langshardway/scala/src/main/scala/Main.scala:15:24: stale bloop error: No given instance of type fastparse.ParsingRun[?] was found for parameter ctx of method P in package fastparse
def str[_: P] = P("\"")
                       ^[0m
2023.07.29 16:29:21 INFO  compiling scala (1 scala source)[0m
2023.07.29 16:29:21 INFO  time: compiled scala in 0.98s[0m
2023.07.29 16:29:25 INFO  compiling scala (1 scala source)[0m
2023.07.29 16:29:26 INFO  time: compiled scala in 1.22s[0m
2023.07.29 16:29:28 INFO  file:///home/threadedstream/langshardway/scala/src/main/scala/Main.scala:15:9: stale bloop error: an identifier expected, but '_' found
def str[_: P] = P("\"" ~~/ CharsWhile(_ != '"', 0))
        ^[0m
2023.07.29 16:29:28 INFO  file:///home/threadedstream/langshardway/scala/src/main/scala/Main.scala:15:19: stale bloop error: value ~~/ is not a member of String.
An extension method was tried, but could not be fully constructed:

    fastparse.~~/[T]("\"")[V, R]

    failed with:

        Found:    ("\"" : String)
        Required: fastparse.ParsingRun[Any]
        
        The following import might make progress towards fixing the problem:
        
          import sourcecode.Text.generate
        
        
def str[_: P] = P("\"" ~~/ CharsWhile(_ != '"', 0))
                  ^^^^^^^^[0m
2023.07.29 16:29:28 INFO  file:///home/threadedstream/langshardway/scala/src/main/scala/Main.scala:15:28: stale bloop error: missing argument for parameter ctx of method CharsWhile in package fastparse: (implicit ctx: fastparse.ParsingRun[?]): fastparse.ParsingRun[Unit]
def str[_: P] = P("\"" ~~/ CharsWhile(_ != '"', 0))
                           ^^^^^^^^^^^^^^^^^^^^^^^[0m
2023.07.29 16:29:28 INFO  file:///home/threadedstream/langshardway/scala/src/main/scala/Main.scala:15:52: stale bloop error: No given instance of type fastparse.ParsingRun[?] was found for parameter ctx of method P in package fastparse
def str[_: P] = P("\"" ~~/ CharsWhile(_ != '"', 0))
                                                   ^[0m
2023.07.29 16:29:28 INFO  file:///home/threadedstream/langshardway/scala/src/main/scala/Main.scala:15:9: stale bloop error: an identifier expected, but '_' found
def str[_: P] = P("\"" ~~/ CharsWhile(_ != '"', 0))
        ^[0m
2023.07.29 16:29:28 INFO  file:///home/threadedstream/langshardway/scala/src/main/scala/Main.scala:15:19: stale bloop error: value ~~/ is not a member of String.
An extension method was tried, but could not be fully constructed:

    fastparse.~~/[T]("\"")[V, R]

    failed with:

        Found:    ("\"" : String)
        Required: fastparse.ParsingRun[Any]
        
        The following import might make progress towards fixing the problem:
        
          import sourcecode.Text.generate
        
        
def str[_: P] = P("\"" ~~/ CharsWhile(_ != '"', 0))
                  ^^^^^^^^[0m
2023.07.29 16:29:28 INFO  file:///home/threadedstream/langshardway/scala/src/main/scala/Main.scala:15:28: stale bloop error: missing argument for parameter ctx of method CharsWhile in package fastparse: (implicit ctx: fastparse.ParsingRun[?]): fastparse.ParsingRun[Unit]
def str[_: P] = P("\"" ~~/ CharsWhile(_ != '"', 0))
                           ^^^^^^^^^^^^^^^^^^^^^^^[0m
2023.07.29 16:29:28 INFO  file:///home/threadedstream/langshardway/scala/src/main/scala/Main.scala:15:52: stale bloop error: No given instance of type fastparse.ParsingRun[?] was found for parameter ctx of method P in package fastparse
def str[_: P] = P("\"" ~~/ CharsWhile(_ != '"', 0))
                                                   ^[0m
2023.07.29 16:29:28 INFO  file:///home/threadedstream/langshardway/scala/src/main/scala/Main.scala:15:9: stale bloop error: an identifier expected, but '_' found
def str[_: P] = P("\"" ~~/ CharsWhile(_ != '"', 0))
        ^[0m
2023.07.29 16:29:28 INFO  file:///home/threadedstream/langshardway/scala/src/main/scala/Main.scala:15:19: stale bloop error: value ~~/ is not a member of String.
An extension method was tried, but could not be fully constructed:

    fastparse.~~/[T]("\"")[V, R]

    failed with:

        Found:    ("\"" : String)
        Required: fastparse.ParsingRun[Any]
        
        The following import might make progress towards fixing the problem:
        
          import sourcecode.Text.generate
        
        
def str[_: P] = P("\"" ~~/ CharsWhile(_ != '"', 0))
                  ^^^^^^^^[0m
2023.07.29 16:29:28 INFO  file:///home/threadedstream/langshardway/scala/src/main/scala/Main.scala:15:28: stale bloop error: missing argument for parameter ctx of method CharsWhile in package fastparse: (implicit ctx: fastparse.ParsingRun[?]): fastparse.ParsingRun[Unit]
def str[_: P] = P("\"" ~~/ CharsWhile(_ != '"', 0))
                           ^^^^^^^^^^^^^^^^^^^^^^^[0m
2023.07.29 16:29:28 INFO  file:///home/threadedstream/langshardway/scala/src/main/scala/Main.scala:15:52: stale bloop error: No given instance of type fastparse.ParsingRun[?] was found for parameter ctx of method P in package fastparse
def str[_: P] = P("\"" ~~/ CharsWhile(_ != '"', 0))
                                                   ^[0m
2023.07.29 16:29:29 INFO  file:///home/threadedstream/langshardway/scala/src/main/scala/Main.scala:15:9: stale bloop error: an identifier expected, but '_' found
def str[_: P] = P("\"" ~~/ CharsWhile(_ != '"', 0))
        ^[0m
2023.07.29 16:29:29 INFO  file:///home/threadedstream/langshardway/scala/src/main/scala/Main.scala:15:19: stale bloop error: value ~~/ is not a member of String.
An extension method was tried, but could not be fully constructed:

    fastparse.~~/[T]("\"")[V, R]

    failed with:

        Found:    ("\"" : String)
        Required: fastparse.ParsingRun[Any]
        
        The following import might make progress towards fixing the problem:
        
          import sourcecode.Text.generate
        
        
def str[_: P] = P("\"" ~~/ CharsWhile(_ != '"', 0))
                  ^^^^^^^^[0m
2023.07.29 16:29:29 INFO  file:///home/threadedstream/langshardway/scala/src/main/scala/Main.scala:15:28: stale bloop error: missing argument for parameter ctx of method CharsWhile in package fastparse: (implicit ctx: fastparse.ParsingRun[?]): fastparse.ParsingRun[Unit]
def str[_: P] = P("\"" ~~/ CharsWhile(_ != '"', 0))
                           ^^^^^^^^^^^^^^^^^^^^^^^[0m
2023.07.29 16:29:29 INFO  file:///home/threadedstream/langshardway/scala/src/main/scala/Main.scala:15:52: stale bloop error: No given instance of type fastparse.ParsingRun[?] was found for parameter ctx of method P in package fastparse
def str[_: P] = P("\"" ~~/ CharsWhile(_ != '"', 0))
                                                   ^[0m
2023.07.29 16:29:32 INFO  file:///home/threadedstream/langshardway/scala/src/main/scala/Main.scala:15:9: stale bloop error: an identifier expected, but '_' found
def str[_: P] = P("\"" ~~/ CharsWhile(_ != '"', 0))
        ^[0m
2023.07.29 16:29:32 INFO  file:///home/threadedstream/langshardway/scala/src/main/scala/Main.scala:15:19: stale bloop error: value ~~/ is not a member of String.
An extension method was tried, but could not be fully constructed:

    fastparse.~~/[T]("\"")[V, R]

    failed with:

        Found:    ("\"" : String)
        Required: fastparse.ParsingRun[Any]
        
        The following import might make progress towards fixing the problem:
        
          import sourcecode.Text.generate
        
        
def str[_: P] = P("\"" ~~/ CharsWhile(_ != '"', 0))
                  ^^^^^^^^[0m
2023.07.29 16:29:32 INFO  file:///home/threadedstream/langshardway/scala/src/main/scala/Main.scala:15:28: stale bloop error: missing argument for parameter ctx of method CharsWhile in package fastparse: (implicit ctx: fastparse.ParsingRun[?]): fastparse.ParsingRun[Unit]
def str[_: P] = P("\"" ~~/ CharsWhile(_ != '"', 0))
                           ^^^^^^^^^^^^^^^^^^^^^^^[0m
2023.07.29 16:29:32 INFO  file:///home/threadedstream/langshardway/scala/src/main/scala/Main.scala:15:52: stale bloop error: No given instance of type fastparse.ParsingRun[?] was found for parameter ctx of method P in package fastparse
def str[_: P] = P("\"" ~~/ CharsWhile(_ != '"', 0))
                                                   ^[0m
2023.07.29 16:29:32 INFO  file:///home/threadedstream/langshardway/scala/src/main/scala/Main.scala:15:9: stale bloop error: an identifier expected, but '_' found
def str[_: P] = P("\"" ~~/ CharsWhile(_ != '"', 0))
        ^[0m
2023.07.29 16:29:32 INFO  file:///home/threadedstream/langshardway/scala/src/main/scala/Main.scala:15:19: stale bloop error: value ~~/ is not a member of String.
An extension method was tried, but could not be fully constructed:

    fastparse.~~/[T]("\"")[V, R]

    failed with:

        Found:    ("\"" : String)
        Required: fastparse.ParsingRun[Any]
        
        The following import might make progress towards fixing the problem:
        
          import sourcecode.Text.generate
        
        
def str[_: P] = P("\"" ~~/ CharsWhile(_ != '"', 0))
                  ^^^^^^^^[0m
2023.07.29 16:29:32 INFO  file:///home/threadedstream/langshardway/scala/src/main/scala/Main.scala:15:28: stale bloop error: missing argument for parameter ctx of method CharsWhile in package fastparse: (implicit ctx: fastparse.ParsingRun[?]): fastparse.ParsingRun[Unit]
def str[_: P] = P("\"" ~~/ CharsWhile(_ != '"', 0))
                           ^^^^^^^^^^^^^^^^^^^^^^^[0m
2023.07.29 16:29:32 INFO  file:///home/threadedstream/langshardway/scala/src/main/scala/Main.scala:15:52: stale bloop error: No given instance of type fastparse.ParsingRun[?] was found for parameter ctx of method P in package fastparse
def str[_: P] = P("\"" ~~/ CharsWhile(_ != '"', 0))
                                                   ^[0m
2023.07.29 16:29:33 INFO  file:///home/threadedstream/langshardway/scala/src/main/scala/Main.scala:15:9: stale bloop error: an identifier expected, but '_' found
def str[_: P] = P("\"" ~~/ CharsWhile(_ != '"', 0))
        ^[0m
2023.07.29 16:29:33 INFO  file:///home/threadedstream/langshardway/scala/src/main/scala/Main.scala:15:19: stale bloop error: value ~~/ is not a member of String.
An extension method was tried, but could not be fully constructed:

    fastparse.~~/[T]("\"")[V, R]

    failed with:

        Found:    ("\"" : String)
        Required: fastparse.ParsingRun[Any]
        
        The following import might make progress towards fixing the problem:
        
          import sourcecode.Text.generate
        
        
def str[_: P] = P("\"" ~~/ CharsWhile(_ != '"', 0))
                  ^^^^^^^^[0m
2023.07.29 16:29:33 INFO  file:///home/threadedstream/langshardway/scala/src/main/scala/Main.scala:15:28: stale bloop error: missing argument for parameter ctx of method CharsWhile in package fastparse: (implicit ctx: fastparse.ParsingRun[?]): fastparse.ParsingRun[Unit]
def str[_: P] = P("\"" ~~/ CharsWhile(_ != '"', 0))
                           ^^^^^^^^^^^^^^^^^^^^^^^[0m
2023.07.29 16:29:33 INFO  file:///home/threadedstream/langshardway/scala/src/main/scala/Main.scala:15:52: stale bloop error: No given instance of type fastparse.ParsingRun[?] was found for parameter ctx of method P in package fastparse
def str[_: P] = P("\"" ~~/ CharsWhile(_ != '"', 0))
                                                   ^[0m
2023.07.29 16:29:33 INFO  file:///home/threadedstream/langshardway/scala/src/main/scala/Main.scala:15:9: stale bloop error: an identifier expected, but '_' found
def str[_: P] = P("\"" ~~/ CharsWhile(_ != '"', 0))
        ^[0m
2023.07.29 16:29:33 INFO  file:///home/threadedstream/langshardway/scala/src/main/scala/Main.scala:15:19: stale bloop error: value ~~/ is not a member of String.
An extension method was tried, but could not be fully constructed:

    fastparse.~~/[T]("\"")[V, R]

    failed with:

        Found:    ("\"" : String)
        Required: fastparse.ParsingRun[Any]
        
        The following import might make progress towards fixing the problem:
        
          import sourcecode.Text.generate
        
        
def str[_: P] = P("\"" ~~/ CharsWhile(_ != '"', 0))
                  ^^^^^^^^[0m
2023.07.29 16:29:33 INFO  file:///home/threadedstream/langshardway/scala/src/main/scala/Main.scala:15:28: stale bloop error: missing argument for parameter ctx of method CharsWhile in package fastparse: (implicit ctx: fastparse.ParsingRun[?]): fastparse.ParsingRun[Unit]
def str[_: P] = P("\"" ~~/ CharsWhile(_ != '"', 0))
                           ^^^^^^^^^^^^^^^^^^^^^^^[0m
2023.07.29 16:29:33 INFO  file:///home/threadedstream/langshardway/scala/src/main/scala/Main.scala:15:52: stale bloop error: No given instance of type fastparse.ParsingRun[?] was found for parameter ctx of method P in package fastparse
def str[_: P] = P("\"" ~~/ CharsWhile(_ != '"', 0))
                                                   ^[0m
2023.07.29 16:29:34 INFO  file:///home/threadedstream/langshardway/scala/src/main/scala/Main.scala:15:9: stale bloop error: an identifier expected, but '_' found
def str[_: P] = P("\"" ~~/ CharsWhile(_ != '"', 0))
        ^[0m
2023.07.29 16:29:34 INFO  file:///home/threadedstream/langshardway/scala/src/main/scala/Main.scala:15:19: stale bloop error: value ~~/ is not a member of String.
An extension method was tried, but could not be fully constructed:

    fastparse.~~/[T]("\"")[V, R]

    failed with:

        Found:    ("\"" : String)
        Required: fastparse.ParsingRun[Any]
        
        The following import might make progress towards fixing the problem:
        
          import sourcecode.Text.generate
        
        
def str[_: P] = P("\"" ~~/ CharsWhile(_ != '"', 0))
                  ^^^^^^^^[0m
2023.07.29 16:29:34 INFO  file:///home/threadedstream/langshardway/scala/src/main/scala/Main.scala:15:28: stale bloop error: missing argument for parameter ctx of method CharsWhile in package fastparse: (implicit ctx: fastparse.ParsingRun[?]): fastparse.ParsingRun[Unit]
def str[_: P] = P("\"" ~~/ CharsWhile(_ != '"', 0))
                           ^^^^^^^^^^^^^^^^^^^^^^^[0m
2023.07.29 16:29:34 INFO  file:///home/threadedstream/langshardway/scala/src/main/scala/Main.scala:15:52: stale bloop error: No given instance of type fastparse.ParsingRun[?] was found for parameter ctx of method P in package fastparse
def str[_: P] = P("\"" ~~/ CharsWhile(_ != '"', 0))
                                                   ^[0m
2023.07.29 16:29:34 INFO  file:///home/threadedstream/langshardway/scala/src/main/scala/Main.scala:15:9: stale bloop error: an identifier expected, but '_' found
def str[_: P] = P("\"" ~~/ CharsWhile(_ != '"', 0))
        ^[0m
2023.07.29 16:29:34 INFO  file:///home/threadedstream/langshardway/scala/src/main/scala/Main.scala:15:19: stale bloop error: value ~~/ is not a member of String.
An extension method was tried, but could not be fully constructed:

    fastparse.~~/[T]("\"")[V, R]

    failed with:

        Found:    ("\"" : String)
        Required: fastparse.ParsingRun[Any]
        
        The following import might make progress towards fixing the problem:
        
          import sourcecode.Text.generate
        
        
def str[_: P] = P("\"" ~~/ CharsWhile(_ != '"', 0))
                  ^^^^^^^^[0m
2023.07.29 16:29:34 INFO  file:///home/threadedstream/langshardway/scala/src/main/scala/Main.scala:15:28: stale bloop error: missing argument for parameter ctx of method CharsWhile in package fastparse: (implicit ctx: fastparse.ParsingRun[?]): fastparse.ParsingRun[Unit]
def str[_: P] = P("\"" ~~/ CharsWhile(_ != '"', 0))
                           ^^^^^^^^^^^^^^^^^^^^^^^[0m
2023.07.29 16:29:34 INFO  file:///home/threadedstream/langshardway/scala/src/main/scala/Main.scala:15:52: stale bloop error: No given instance of type fastparse.ParsingRun[?] was found for parameter ctx of method P in package fastparse
def str[_: P] = P("\"" ~~/ CharsWhile(_ != '"', 0))
                                                   ^[0m
2023.07.29 16:29:36 INFO  file:///home/threadedstream/langshardway/scala/src/main/scala/Main.scala:15:9: stale bloop error: an identifier expected, but '_' found
def str[_: P] = P("\"" ~~/ CharsWhile(_ != '"', 0))
        ^[0m
2023.07.29 16:29:36 INFO  file:///home/threadedstream/langshardway/scala/src/main/scala/Main.scala:15:19: stale bloop error: value ~~/ is not a member of String.
An extension method was tried, but could not be fully constructed:

    fastparse.~~/[T]("\"")[V, R]

    failed with:

        Found:    ("\"" : String)
        Required: fastparse.ParsingRun[Any]
        
        The following import might make progress towards fixing the problem:
        
          import sourcecode.Text.generate
        
        
def str[_: P] = P("\"" ~~/ CharsWhile(_ != '"', 0))
                  ^^^^^^^^[0m
2023.07.29 16:29:36 INFO  file:///home/threadedstream/langshardway/scala/src/main/scala/Main.scala:15:28: stale bloop error: missing argument for parameter ctx of method CharsWhile in package fastparse: (implicit ctx: fastparse.ParsingRun[?]): fastparse.ParsingRun[Unit]
def str[_: P] = P("\"" ~~/ CharsWhile(_ != '"', 0))
                           ^^^^^^^^^^^^^^^^^^^^^^^[0m
2023.07.29 16:29:36 INFO  file:///home/threadedstream/langshardway/scala/src/main/scala/Main.scala:15:52: stale bloop error: No given instance of type fastparse.ParsingRun[?] was found for parameter ctx of method P in package fastparse
def str[_: P] = P("\"" ~~/ CharsWhile(_ != '"', 0))
                                                   ^[0m
2023.07.29 16:29:36 INFO  file:///home/threadedstream/langshardway/scala/src/main/scala/Main.scala:15:9: stale bloop error: an identifier expected, but '_' found
def str[_: P] = P("\"" ~~/ CharsWhile(_ != '"', 0))
        ^[0m
2023.07.29 16:29:36 INFO  file:///home/threadedstream/langshardway/scala/src/main/scala/Main.scala:15:19: stale bloop error: value ~~/ is not a member of String.
An extension method was tried, but could not be fully constructed:

    fastparse.~~/[T]("\"")[V, R]

    failed with:

        Found:    ("\"" : String)
        Required: fastparse.ParsingRun[Any]
        
        The following import might make progress towards fixing the problem:
        
          import sourcecode.Text.generate
        
        
def str[_: P] = P("\"" ~~/ CharsWhile(_ != '"', 0))
                  ^^^^^^^^[0m
2023.07.29 16:29:36 INFO  file:///home/threadedstream/langshardway/scala/src/main/scala/Main.scala:15:28: stale bloop error: missing argument for parameter ctx of method CharsWhile in package fastparse: (implicit ctx: fastparse.ParsingRun[?]): fastparse.ParsingRun[Unit]
def str[_: P] = P("\"" ~~/ CharsWhile(_ != '"', 0))
                           ^^^^^^^^^^^^^^^^^^^^^^^[0m
2023.07.29 16:29:36 INFO  file:///home/threadedstream/langshardway/scala/src/main/scala/Main.scala:15:52: stale bloop error: No given instance of type fastparse.ParsingRun[?] was found for parameter ctx of method P in package fastparse
def str[_: P] = P("\"" ~~/ CharsWhile(_ != '"', 0))
                                                   ^[0m
2023.07.29 16:29:36 INFO  file:///home/threadedstream/langshardway/scala/src/main/scala/Main.scala:15:9: stale bloop error: an identifier expected, but '_' found
def str[_: P] = P("\"" ~~/ CharsWhile(_ != '"', 0))
        ^[0m
2023.07.29 16:29:36 INFO  file:///home/threadedstream/langshardway/scala/src/main/scala/Main.scala:15:19: stale bloop error: value ~~/ is not a member of String.
An extension method was tried, but could not be fully constructed:

    fastparse.~~/[T]("\"")[V, R]

    failed with:

        Found:    ("\"" : String)
        Required: fastparse.ParsingRun[Any]
        
        The following import might make progress towards fixing the problem:
        
          import sourcecode.Text.generate
        
        
def str[_: P] = P("\"" ~~/ CharsWhile(_ != '"', 0))
                  ^^^^^^^^[0m
2023.07.29 16:29:36 INFO  file:///home/threadedstream/langshardway/scala/src/main/scala/Main.scala:15:28: stale bloop error: missing argument for parameter ctx of method CharsWhile in package fastparse: (implicit ctx: fastparse.ParsingRun[?]): fastparse.ParsingRun[Unit]
def str[_: P] = P("\"" ~~/ CharsWhile(_ != '"', 0))
                           ^^^^^^^^^^^^^^^^^^^^^^^[0m
2023.07.29 16:29:36 INFO  file:///home/threadedstream/langshardway/scala/src/main/scala/Main.scala:15:52: stale bloop error: No given instance of type fastparse.ParsingRun[?] was found for parameter ctx of method P in package fastparse
def str[_: P] = P("\"" ~~/ CharsWhile(_ != '"', 0))
                                                   ^[0m
2023.07.29 16:29:43 INFO  compiling scala (1 scala source)[0m
2023.07.29 16:29:43 INFO  time: compiled scala in 0.75s[0m
2023.07.29 16:30:05 INFO  compiling scala (1 scala source)[0m
2023.07.29 16:30:05 INFO  time: compiled scala in 0.69s[0m
2023.07.29 16:30:18 INFO  compiling scala (1 scala source)[0m
2023.07.29 16:30:18 INFO  time: compiled scala in 0.14s[0m
2023.07.29 16:30:21 INFO  compiling scala (1 scala source)[0m
2023.07.29 16:30:21 INFO  time: compiled scala in 0.69s[0m
2023.07.29 16:30:27 INFO  compiling scala (1 scala source)[0m
2023.07.29 16:30:28 INFO  time: compiled scala in 1.24s[0m
2023.07.29 16:30:32 INFO  compiling scala (1 scala source)[0m
2023.07.29 16:30:32 INFO  time: compiled scala in 0.84s[0m
2023.07.29 16:30:32 INFO  compiling scala (1 scala source)[0m
2023.07.29 16:30:34 INFO  time: compiled scala in 0.48s[0m
2023.07.29 16:30:34 INFO  compiling scala (1 scala source)[0m
2023.07.29 16:30:34 INFO  time: compiled scala in 0.65s[0m
2023.07.29 16:31:49 INFO  compiling scala (1 scala source)[0m
2023.07.29 16:31:49 INFO  time: compiled scala in 0.33s[0m
2023.07.29 16:31:53 INFO  compiling scala (1 scala source)[0m
2023.07.29 16:31:53 INFO  time: compiled scala in 0.18s[0m
2023.07.29 16:32:00 WARN  Could not load snapshot text for /home/threadedstream/langshardway/scala/src/main/scala/Main.scala[0m
2023.07.29 16:32:00 INFO  compiling scala (1 scala source)[0m
2023.07.29 16:32:00 INFO  time: compiled scala in 0.16s[0m
2023.07.29 16:32:03 INFO  compiling scala (1 scala source)[0m
2023.07.29 16:32:03 INFO  time: compiled scala in 67ms[0m
2023.07.29 16:32:11 INFO  compiling scala (1 scala source)[0m
2023.07.29 16:32:11 INFO  time: compiled scala in 0.23s[0m
2023.07.29 16:32:25 INFO  compiling scala (1 scala source)[0m
2023.07.29 16:32:27 INFO  time: compiled scala in 1.12s[0m
2023.07.29 16:32:35 INFO  compiling scala (1 scala source)[0m
2023.07.29 16:32:35 INFO  time: compiled scala in 0.54s[0m
2023.07.29 16:32:36 INFO  compiling scala (1 scala source)[0m
2023.07.29 16:32:36 INFO  time: compiled scala in 0.66s[0m
2023.07.29 16:32:48 INFO  compiling scala (1 scala source)[0m
2023.07.29 16:32:48 INFO  time: compiled scala in 0.23s[0m
2023.07.29 16:33:01 INFO  compiling scala (1 scala source)[0m
2023.07.29 16:33:01 INFO  time: compiled scala in 0.34s[0m
2023.07.29 16:33:03 INFO  compiling scala (1 scala source)[0m
2023.07.29 16:33:03 INFO  time: compiled scala in 0.37s[0m
2023.07.29 16:33:14 INFO  compiling scala (1 scala source)[0m
2023.07.29 16:33:14 INFO  time: compiled scala in 0.58s[0m
2023.07.29 16:33:26 INFO  file:///home/threadedstream/langshardway/scala/src/main/scala/Main.scala:8:47: stale bloop warning: pattern's type fastparse.Parsed.Success[Unit] is more specialized than the right hand side expression's type fastparse.Parsed[Unit]

If the narrowing is intentional, this can be communicated by adding `: @unchecked` after the expression,
which may result in a MatchError at runtime.
This patch can be rewritten automatically under -rewrite -source 3.2-migration.
    val Parsed.Success(value, successIndex) = parse("a", parseA(_))
                                              ^^^^^^^^^^^^^^^^^^^^^[0m
2023.07.29 16:33:26 INFO  file:///home/threadedstream/langshardway/scala/src/main/scala/Main.scala:8:47: stale bloop warning: pattern's type fastparse.Parsed.Success[Unit] is more specialized than the right hand side expression's type fastparse.Parsed[Unit]

If the narrowing is intentional, this can be communicated by adding `: @unchecked` after the expression,
which may result in a MatchError at runtime.
This patch can be rewritten automatically under -rewrite -source 3.2-migration.
    val Parsed.Success(value, successIndex) = parse("a", parseA(_))
                                              ^^^^^^^^^^^^^^^^^^^^^[0m
2023.07.29 16:33:27 INFO  file:///home/threadedstream/langshardway/scala/src/main/scala/Main.scala:8:47: stale bloop warning: pattern's type fastparse.Parsed.Success[Unit] is more specialized than the right hand side expression's type fastparse.Parsed[Unit]

If the narrowing is intentional, this can be communicated by adding `: @unchecked` after the expression,
which may result in a MatchError at runtime.
This patch can be rewritten automatically under -rewrite -source 3.2-migration.
    val Parsed.Success(value, successIndex) = parse("a", parseA(_))
                                              ^^^^^^^^^^^^^^^^^^^^^[0m
2023.07.29 16:33:27 INFO  file:///home/threadedstream/langshardway/scala/src/main/scala/Main.scala:8:47: stale bloop warning: pattern's type fastparse.Parsed.Success[Unit] is more specialized than the right hand side expression's type fastparse.Parsed[Unit]

If the narrowing is intentional, this can be communicated by adding `: @unchecked` after the expression,
which may result in a MatchError at runtime.
This patch can be rewritten automatically under -rewrite -source 3.2-migration.
    val Parsed.Success(value, successIndex) = parse("a", parseA(_))
                                              ^^^^^^^^^^^^^^^^^^^^^[0m
2023.07.29 16:33:31 WARN  Could not load snapshot text for /home/threadedstream/langshardway/scala/src/main/scala/Main.scala[0m
2023.07.29 16:33:31 INFO  compiling scala (1 scala source)[0m
2023.07.29 16:33:31 INFO  time: compiled scala in 0.54s[0m
2023.07.29 16:33:52 INFO  compiling scala (1 scala source)[0m
2023.07.29 16:33:52 INFO  time: compiled scala in 0.15s[0m
2023.07.29 16:33:52 INFO  compiling scala (1 scala source)[0m
2023.07.29 16:33:53 INFO  time: compiled scala in 0.18s[0m
2023.07.29 16:33:55 INFO  compiling scala (1 scala source)[0m
2023.07.29 16:33:55 INFO  time: compiled scala in 0.15s[0m
2023.07.29 16:33:55 INFO  compiling scala (1 scala source)[0m
2023.07.29 16:33:55 INFO  time: compiled scala in 0.2s[0m
2023.07.29 16:34:01 INFO  compiling scala (1 scala source)[0m
2023.07.29 16:34:01 INFO  time: compiled scala in 0.15s[0m
2023.07.29 16:35:55 INFO  compiling scala (1 scala source)[0m
2023.07.29 16:35:55 INFO  time: compiled scala in 0.17s[0m
2023.07.29 16:36:09 INFO  compiling scala (1 scala source)[0m
2023.07.29 16:36:09 INFO  time: compiled scala in 0.11s[0m
2023.07.29 16:37:06 INFO  compiling scala (1 scala source)[0m
2023.07.29 16:37:06 INFO  time: compiled scala in 0.37s[0m
2023.07.29 16:37:08 WARN  Could not load snapshot text for /home/threadedstream/langshardway/scala/src/main/scala/Main.scala[0m
2023.07.29 16:37:33 INFO  compiling scala (1 scala source)[0m
2023.07.29 16:37:33 WARN  Could not load snapshot text for /home/threadedstream/langshardway/scala/src/main/scala/Main.scala[0m
2023.07.29 16:37:33 INFO  time: compiled scala in 0.35s[0m
2023.07.29 16:38:08 INFO  compiling scala (1 scala source)[0m
2023.07.29 16:38:08 INFO  time: compiled scala in 0.22s[0m
2023.07.29 16:38:31 INFO  compiling scala (1 scala source)[0m
2023.07.29 16:38:31 INFO  time: compiled scala in 87ms[0m
2023.07.29 16:38:41 INFO  compiling scala (1 scala source)[0m
2023.07.29 16:38:41 INFO  time: compiled scala in 0.49s[0m
Jul 29, 2023 4:38:44 PM org.eclipse.lsp4j.jsonrpc.RemoteEndpoint handleCancellation
WARNING: Unmatched cancel notification for request id 2467
2023.07.29 16:38:58 WARN  Could not load snapshot text for /home/threadedstream/langshardway/scala/src/main/scala/Main.scala[0m
2023.07.29 16:38:58 INFO  compiling scala (1 scala source)[0m
2023.07.29 16:38:58 INFO  time: compiled scala in 0.13s[0m
2023.07.29 16:38:58 WARN  Could not load snapshot text for /home/threadedstream/langshardway/scala/src/main/scala/Main.scala[0m
2023.07.29 16:38:59 INFO  file:///home/threadedstream/langshardway/scala/src/main/scala/Main.scala:8:40: stale bloop error: ')' expected, but string interpolator found
    val Parsed.Success(_, 8) = parse(""aaaaaaab"")
                                       ^^^^^^^^[0m
2023.07.29 16:38:58 INFO  file:///home/threadedstream/langshardway/scala/src/main/scala/Main.scala:8:40: stale bloop error: ')' expected, but string interpolator found
    val Parsed.Success(_, 8) = parse(""aaaaaaab"")
                                       ^^^^^^^^[0m
2023.07.29 16:38:59 WARN  Could not load snapshot text for /home/threadedstream/langshardway/scala/src/main/scala/Main.scala[0m
2023.07.29 16:39:00 INFO  compiling scala (1 scala source)[0m
2023.07.29 16:39:00 WARN  Could not load snapshot text for /home/threadedstream/langshardway/scala/src/main/scala/Main.scala[0m
2023.07.29 16:39:00 INFO  time: compiled scala in 0.16s[0m
2023.07.29 16:39:01 WARN  Could not load snapshot text for /home/threadedstream/langshardway/scala/src/main/scala/Main.scala[0m
2023.07.29 16:39:02 WARN  Could not load snapshot text for /home/threadedstream/langshardway/scala/src/main/scala/Main.scala[0m
2023.07.29 16:39:02 WARN  Could not load snapshot text for /home/threadedstream/langshardway/scala/src/main/scala/Main.scala[0m
2023.07.29 16:39:02 INFO  compiling scala (1 scala source)[0m
2023.07.29 16:39:02 WARN  Could not load snapshot text for /home/threadedstream/langshardway/scala/src/main/scala/Main.scala[0m
2023.07.29 16:39:02 INFO  time: compiled scala in 0.43s[0m
2023.07.29 16:40:02 INFO  compiling scala (1 scala source)[0m
2023.07.29 16:40:02 INFO  time: compiled scala in 0.11s[0m
2023.07.29 16:40:05 INFO  compiling scala (1 scala source)[0m
2023.07.29 16:40:05 INFO  time: compiled scala in 0.14s[0m
2023.07.29 16:40:47 INFO  compiling scala (1 scala source)[0m
2023.07.29 16:40:47 INFO  time: compiled scala in 0.1s[0m
2023.07.29 16:41:10 INFO  compiling scala (1 scala source)[0m
2023.07.29 16:41:10 INFO  time: compiled scala in 0.43s[0m
2023.07.29 16:42:00 INFO  compiling scala (1 scala source)[0m
2023.07.29 16:42:00 INFO  time: compiled scala in 0.54s[0m
2023.07.29 16:42:29 INFO  compiling scala (1 scala source)[0m
2023.07.29 16:42:29 INFO  time: compiled scala in 0.2s[0m
2023.07.29 16:42:29 INFO  compiling scala (1 scala source)[0m
2023.07.29 16:42:29 INFO  time: compiled scala in 0.2s[0m
2023.07.29 16:42:38 INFO  compiling scala (1 scala source)[0m
2023.07.29 16:42:38 INFO  time: compiled scala in 0.14s[0m
2023.07.29 16:42:38 INFO  compiling scala (1 scala source)[0m
2023.07.29 16:42:39 INFO  time: compiled scala in 0.15s[0m
2023.07.29 16:42:55 INFO  compiling scala (1 scala source)[0m
2023.07.29 16:42:55 INFO  time: compiled scala in 0.14s[0m
2023.07.29 16:42:55 INFO  compiling scala (1 scala source)[0m
2023.07.29 16:42:55 INFO  time: compiled scala in 0.22s[0m
2023.07.29 16:42:55 INFO  compiling scala (1 scala source)[0m
2023.07.29 16:42:56 INFO  time: compiled scala in 0.14s[0m
Jul 29, 2023 4:43:13 PM org.eclipse.lsp4j.jsonrpc.RemoteEndpoint handleCancellation
WARNING: Unmatched cancel notification for request id 3854
2023.07.29 16:43:23 INFO  compiling scala (1 scala source)[0m
2023.07.29 16:43:23 INFO  time: compiled scala in 0.35s[0m
2023.07.29 16:43:38 INFO  compiling scala (1 scala source)[0m
2023.07.29 16:43:38 INFO  time: compiled scala in 0.18s[0m
2023.07.29 16:43:40 INFO  compiling scala (1 scala source)[0m
2023.07.29 16:43:40 INFO  time: compiled scala in 0.18s[0m
2023.07.29 16:43:43 INFO  compiling scala (1 scala source)[0m
2023.07.29 16:43:43 INFO  time: compiled scala in 0.17s[0m
2023.07.29 16:44:43 INFO  compiling scala (1 scala source)[0m
2023.07.29 16:44:43 INFO  time: compiled scala in 0.7s[0m
2023.07.29 16:44:43 INFO  compiling scala (1 scala source)[0m
2023.07.29 16:44:44 INFO  time: compiled scala in 0.85s[0m
2023.07.29 16:44:46 INFO  compiling scala (1 scala source)[0m
2023.07.29 16:44:46 INFO  time: compiled scala in 0.63s[0m
2023.07.29 16:45:01 INFO  compiling scala (1 scala source)[0m
2023.07.29 16:45:01 INFO  time: compiled scala in 0.72s[0m
2023.07.29 16:45:11 INFO  compiling scala (1 scala source)[0m
2023.07.29 16:45:11 INFO  time: compiled scala in 0.89s[0m
2023.07.29 16:45:26 INFO  compiling scala (1 scala source)[0m
2023.07.29 16:45:26 INFO  time: compiled scala in 0.14s[0m
2023.07.29 16:45:31 INFO  compiling scala (1 scala source)[0m
2023.07.29 16:45:31 INFO  time: compiled scala in 0.79s[0m
2023.07.29 16:46:02 INFO  compiling scala (1 scala source)[0m
2023.07.29 16:46:02 INFO  time: compiled scala in 0.16s[0m
2023.07.29 16:46:03 INFO  compiling scala (1 scala source)[0m
2023.07.29 16:46:03 INFO  time: compiled scala in 0.93s[0m
2023.07.29 16:46:24 INFO  compiling scala (1 scala source)[0m
2023.07.29 16:46:24 INFO  time: compiled scala in 0.18s[0m
2023.07.29 16:46:24 WARN  Could not load snapshot text for /home/threadedstream/langshardway/scala/src/main/scala/Main.scala[0m
2023.07.29 16:46:25 WARN  Could not load snapshot text for /home/threadedstream/langshardway/scala/src/main/scala/Main.scala[0m
2023.07.29 16:46:25 INFO  compiling scala (1 scala source)[0m
2023.07.29 16:46:25 INFO  time: compiled scala in 0.15s[0m
2023.07.29 16:46:26 WARN  Could not load snapshot text for /home/threadedstream/langshardway/scala/src/main/scala/Main.scala[0m
2023.07.29 16:46:27 WARN  Could not load snapshot text for /home/threadedstream/langshardway/scala/src/main/scala/Main.scala[0m
2023.07.29 16:46:27 WARN  Could not load snapshot text for /home/threadedstream/langshardway/scala/src/main/scala/Main.scala[0m
2023.07.29 16:46:27 INFO  compiling scala (1 scala source)[0m
2023.07.29 16:46:27 INFO  time: compiled scala in 0.7s[0m
Jul 29, 2023 4:46:38 PM org.eclipse.lsp4j.jsonrpc.RemoteEndpoint handleCancellation
WARNING: Unmatched cancel notification for request id 4955
2023.07.29 16:46:39 INFO  compiling scala (1 scala source)[0m
2023.07.29 16:46:39 INFO  time: compiled scala in 0.18s[0m
2023.07.29 16:47:04 INFO  compiling scala (1 scala source)[0m
2023.07.29 16:47:04 INFO  time: compiled scala in 0.86s[0m
2023.07.29 16:47:30 WARN  Could not load snapshot text for /home/threadedstream/langshardway/scala/src/main/scala/Main.scala[0m
2023.07.29 16:47:30 INFO  compiling scala (1 scala source)[0m
2023.07.29 16:47:30 INFO  time: compiled scala in 0.15s[0m
2023.07.29 16:47:30 WARN  Could not load snapshot text for /home/threadedstream/langshardway/scala/src/main/scala/Main.scala[0m
2023.07.29 16:47:34 WARN  Could not load snapshot text for /home/threadedstream/langshardway/scala/src/main/scala/Main.scala[0m
2023.07.29 16:47:36 WARN  Could not load snapshot text for /home/threadedstream/langshardway/scala/src/main/scala/Main.scala[0m
2023.07.29 16:47:36 WARN  Could not load snapshot text for /home/threadedstream/langshardway/scala/src/main/scala/Main.scala[0m
2023.07.29 16:47:38 WARN  Could not load snapshot text for /home/threadedstream/langshardway/scala/src/main/scala/Main.scala[0m
2023.07.29 16:47:40 WARN  Could not load snapshot text for /home/threadedstream/langshardway/scala/src/main/scala/Main.scala[0m
2023.07.29 16:47:40 WARN  Could not load snapshot text for /home/threadedstream/langshardway/scala/src/main/scala/Main.scala[0m
2023.07.29 16:47:41 WARN  Could not load snapshot text for /home/threadedstream/langshardway/scala/src/main/scala/Main.scala[0m
2023.07.29 16:47:42 WARN  Could not load snapshot text for /home/threadedstream/langshardway/scala/src/main/scala/Main.scala[0m
2023.07.29 16:47:42 INFO  compiling scala (1 scala source)[0m
2023.07.29 16:47:42 INFO  time: compiled scala in 0.18s[0m
2023.07.29 16:47:43 WARN  Could not load snapshot text for /home/threadedstream/langshardway/scala/src/main/scala/Main.scala[0m
2023.07.29 16:47:45 WARN  Could not load snapshot text for /home/threadedstream/langshardway/scala/src/main/scala/Main.scala[0m
2023.07.29 16:47:45 WARN  Could not load snapshot text for /home/threadedstream/langshardway/scala/src/main/scala/Main.scala[0m
2023.07.29 16:47:45 WARN  Could not load snapshot text for /home/threadedstream/langshardway/scala/src/main/scala/Main.scala[0m
2023.07.29 16:47:47 WARN  Could not load snapshot text for /home/threadedstream/langshardway/scala/src/main/scala/Main.scala[0m
2023.07.29 16:47:48 WARN  Could not load snapshot text for /home/threadedstream/langshardway/scala/src/main/scala/Main.scala[0m
2023.07.29 16:47:49 WARN  Could not load snapshot text for /home/threadedstream/langshardway/scala/src/main/scala/Main.scala[0m
2023.07.29 16:47:49 WARN  Could not load snapshot text for /home/threadedstream/langshardway/scala/src/main/scala/Main.scala[0m
2023.07.29 16:47:50 WARN  Could not load snapshot text for /home/threadedstream/langshardway/scala/src/main/scala/Main.scala[0m
2023.07.29 16:52:47 WARN  Could not load snapshot text for /home/threadedstream/langshardway/scala/src/main/scala/Main.scala[0m
2023.07.29 16:52:47 WARN  Could not load snapshot text for /home/threadedstream/langshardway/scala/src/main/scala/Main.scala[0m
2023.07.29 16:52:48 WARN  Could not load snapshot text for /home/threadedstream/langshardway/scala/src/main/scala/Main.scala[0m
2023.07.29 16:52:51 WARN  Could not load snapshot text for /home/threadedstream/langshardway/scala/src/main/scala/Main.scala[0m
2023.07.29 16:52:51 WARN  Could not load snapshot text for /home/threadedstream/langshardway/scala/src/main/scala/Main.scala[0m
2023.07.29 16:52:51 WARN  Could not load snapshot text for /home/threadedstream/langshardway/scala/src/main/scala/Main.scala[0m
2023.07.29 16:52:51 WARN  Could not load snapshot text for /home/threadedstream/langshardway/scala/src/main/scala/Main.scala[0m
2023.07.29 16:52:51 WARN  Could not load snapshot text for /home/threadedstream/langshardway/scala/src/main/scala/Main.scala[0m
2023.07.29 16:52:51 WARN  Could not load snapshot text for /home/threadedstream/langshardway/scala/src/main/scala/Main.scala[0m
2023.07.29 16:52:51 WARN  Could not load snapshot text for /home/threadedstream/langshardway/scala/src/main/scala/Main.scala[0m
2023.07.29 16:52:51 WARN  Could not load snapshot text for /home/threadedstream/langshardway/scala/src/main/scala/Main.scala[0m
2023.07.29 16:52:52 WARN  Could not load snapshot text for /home/threadedstream/langshardway/scala/src/main/scala/Main.scala[0m
2023.07.29 16:52:52 WARN  Could not load snapshot text for /home/threadedstream/langshardway/scala/src/main/scala/Main.scala[0m
2023.07.29 16:52:52 WARN  Could not load snapshot text for /home/threadedstream/langshardway/scala/src/main/scala/Main.scala[0m
2023.07.29 16:52:53 WARN  Could not load snapshot text for /home/threadedstream/langshardway/scala/src/main/scala/Main.scala[0m
2023.07.29 16:52:54 WARN  Could not load snapshot text for /home/threadedstream/langshardway/scala/src/main/scala/Main.scala[0m
2023.07.29 16:56:18 INFO  compiling scala (1 scala source)[0m
2023.07.29 16:56:18 INFO  time: compiled scala in 0.13s[0m
2023.07.29 16:56:18 WARN  Could not load snapshot text for /home/threadedstream/langshardway/scala/src/main/scala/Main.scala[0m
2023.07.29 16:56:20 INFO  compiling scala (1 scala source)[0m
2023.07.29 16:56:20 INFO  time: compiled scala in 93ms[0m
2023.07.29 16:56:20 WARN  Could not load snapshot text for /home/threadedstream/langshardway/scala/src/main/scala/Main.scala[0m
2023.07.29 16:56:21 INFO  compiling scala (1 scala source)[0m
2023.07.29 16:56:21 WARN  Could not load snapshot text for /home/threadedstream/langshardway/scala/src/main/scala/Main.scala[0m
2023.07.29 16:56:21 INFO  time: compiled scala in 0.16s[0m
2023.07.29 16:56:21 INFO  compiling scala (1 scala source)[0m
2023.07.29 16:56:22 WARN  Could not load snapshot text for /home/threadedstream/langshardway/scala/src/main/scala/Main.scala[0m
2023.07.29 16:56:21 INFO  time: compiled scala in 0.2s[0m
2023.07.29 16:56:22 WARN  Could not load snapshot text for /home/threadedstream/langshardway/scala/src/main/scala/Main.scala[0m
2023.07.29 16:56:26 WARN  Could not load snapshot text for /home/threadedstream/langshardway/scala/src/main/scala/Main.scala[0m
2023.07.29 16:58:12 WARN  Could not load snapshot text for /home/threadedstream/langshardway/scala/src/main/scala/Main.scala[0m
2023.07.29 16:58:25 WARN  Could not load snapshot text for /home/threadedstream/langshardway/scala/src/main/scala/Main.scala[0m
2023.07.29 16:58:31 WARN  Could not load snapshot text for /home/threadedstream/langshardway/scala/src/main/scala/Main.scala[0m
2023.07.29 16:58:31 WARN  Could not load snapshot text for /home/threadedstream/langshardway/scala/src/main/scala/Main.scala[0m
2023.07.29 16:58:32 WARN  Could not load snapshot text for /home/threadedstream/langshardway/scala/src/main/scala/Main.scala[0m
2023.07.29 16:58:33 WARN  Could not load snapshot text for /home/threadedstream/langshardway/scala/src/main/scala/Main.scala[0m
2023.07.29 16:58:33 INFO  compiling scala (1 scala source)[0m
2023.07.29 16:58:33 INFO  time: compiled scala in 0.12s[0m
2023.07.29 16:58:33 INFO  compiling scala (1 scala source)[0m
2023.07.29 16:58:33 INFO  time: compiled scala in 0.11s[0m
2023.07.29 17:02:23 INFO  compiling scala (1 scala source)[0m
2023.07.29 17:02:23 INFO  time: compiled scala in 0.14s[0m
2023.07.29 17:02:51 INFO  compiling scala (1 scala source)[0m
2023.07.29 17:02:51 INFO  time: compiled scala in 0.17s[0m
2023.07.29 17:02:57 INFO  compiling scala (1 scala source)[0m
2023.07.29 17:02:57 INFO  time: compiled scala in 0.11s[0m
2023.07.29 17:02:59 INFO  compiling scala (1 scala source)[0m
2023.07.29 17:02:59 INFO  time: compiled scala in 0.18s[0m
2023.07.29 17:03:18 WARN  Could not load snapshot text for /home/threadedstream/langshardway/scala/src/main/scala/Main.scala[0m
2023.07.29 17:03:18 INFO  compiling scala (1 scala source)[0m
2023.07.29 17:03:18 INFO  time: compiled scala in 0.32s[0m
2023.07.29 17:03:18 INFO  compiling scala (1 scala source)[0m
2023.07.29 17:03:18 INFO  time: compiled scala in 0.2s[0m
2023.07.29 17:03:18 INFO  compiling scala (1 scala source)[0m
2023.07.29 17:03:18 INFO  time: compiled scala in 0.2s[0m
2023.07.29 17:03:19 WARN  Could not load snapshot text for /home/threadedstream/langshardway/scala/src/main/scala/Main.scala[0m
2023.07.29 17:03:26 WARN  Could not load snapshot text for /home/threadedstream/langshardway/scala/src/main/scala/Main.scala[0m
2023.07.29 17:03:27 WARN  Could not load snapshot text for /home/threadedstream/langshardway/scala/src/main/scala/Main.scala[0m
2023.07.29 17:03:28 WARN  Could not load snapshot text for /home/threadedstream/langshardway/scala/src/main/scala/Main.scala[0m
2023.07.29 17:03:28 WARN  Could not load snapshot text for /home/threadedstream/langshardway/scala/src/main/scala/Main.scala[0m
2023.07.29 17:03:29 WARN  Could not load snapshot text for /home/threadedstream/langshardway/scala/src/main/scala/Main.scala[0m
2023.07.29 17:03:31 WARN  Could not load snapshot text for /home/threadedstream/langshardway/scala/src/main/scala/Main.scala[0m
2023.07.29 17:03:31 WARN  Could not load snapshot text for /home/threadedstream/langshardway/scala/src/main/scala/Main.scala[0m
2023.07.29 17:03:32 WARN  Could not load snapshot text for /home/threadedstream/langshardway/scala/src/main/scala/Main.scala[0m
2023.07.29 17:03:33 WARN  Could not load snapshot text for /home/threadedstream/langshardway/scala/src/main/scala/Main.scala[0m
2023.07.29 17:03:33 INFO  compiling scala (1 scala source)[0m
2023.07.29 17:03:33 INFO  time: compiled scala in 50ms[0m
2023.07.29 17:03:33 INFO  compiling scala (1 scala source)[0m
2023.07.29 17:03:33 INFO  time: compiled scala in 31ms[0m
2023.07.29 17:03:34 WARN  Could not load snapshot text for /home/threadedstream/langshardway/scala/src/main/scala/Main.scala[0m
2023.07.29 17:03:34 INFO  compiling scala (1 scala source)[0m
2023.07.29 17:03:34 INFO  time: compiled scala in 37ms[0m
2023.07.29 17:03:35 WARN  Could not load snapshot text for /home/threadedstream/langshardway/scala/src/main/scala/Main.scala[0m
2023.07.29 17:04:42 WARN  Could not load snapshot text for /home/threadedstream/langshardway/scala/src/main/scala/Main.scala[0m
Jul 29, 2023 5:04:51 PM scala.meta.internal.pc.CompilerAccess handleError
SEVERE: A severe compiler error occurred, full details of the error can be found in the error report /home/threadedstream/langshardway/scala/.metals/.reports/metals-full/r_compiler-error_1690639491594
2023.07.29 17:05:04 WARN  Could not load snapshot text for /home/threadedstream/langshardway/scala/src/main/scala/Main.scala[0m
2023.07.29 17:05:05 WARN  Could not load snapshot text for /home/threadedstream/langshardway/scala/src/main/scala/Main.scala[0m
2023.07.29 17:05:06 INFO  running '/home/threadedstream/.jabba/jdk/openjdk@1.17.0/bin/java -Djline.terminal=jline.UnsupportedTerminal -Dsbt.log.noformat=true -Dfile.encoding=UTF-8 -jar /tmp/metals2089395040287594525/sbt-launch.jar -Dbloop.export-jar-classifiers=sources bloopInstall'[0m
2023.07.29 17:05:06 WARN  Could not load snapshot text for /home/threadedstream/langshardway/scala/src/main/scala/Main.scala[0m
2023.07.29 17:05:09 INFO  [info] welcome to sbt 1.9.2 (Oracle Corporation Java 17)[0m
2023.07.29 17:05:10 INFO  [info] loading settings for project scala-build-build from metals.sbt ...[0m
2023.07.29 17:05:11 INFO  [info] loading project definition from /home/threadedstream/langshardway/scala/project/project[0m
2023.07.29 17:05:12 INFO  [info] loading settings for project scala-build from metals.sbt ...[0m
2023.07.29 17:05:12 INFO  [info] loading project definition from /home/threadedstream/langshardway/scala/project[0m
2023.07.29 17:05:14 WARN  Could not load snapshot text for /home/threadedstream/langshardway/scala/src/main/scala/Main.scala[0m
2023.07.29 17:05:15 INFO  compiling scala (1 scala source)[0m
2023.07.29 17:05:15 INFO  time: compiled scala in 58ms[0m
2023.07.29 17:05:15 WARN  Could not load snapshot text for /home/threadedstream/langshardway/scala/src/main/scala/Main.scala[0m
2023.07.29 17:05:16 INFO  [success] Generated .bloop/scala-build.json[0m
2023.07.29 17:05:16 INFO  [success] Total time: 3 s, completed Jul 29, 2023, 5:05:16 PM[0m
2023.07.29 17:05:18 INFO  [info] loading settings for project scala from build.sbt ...[0m
2023.07.29 17:05:18 INFO  [info] set current project to indexer (in build file:/home/threadedstream/langshardway/scala/)[0m
2023.07.29 17:05:18 INFO  [warn] there's a key that's not used by any other settings/tasks:[0m
2023.07.29 17:05:18 INFO  [warn]  [0m
2023.07.29 17:05:18 INFO  [warn] * scala / mainClass[0m
2023.07.29 17:05:18 INFO  [warn]   +- /home/threadedstream/langshardway/scala/build.sbt:7[0m
2023.07.29 17:05:18 INFO  [warn]  [0m
2023.07.29 17:05:18 INFO  [warn] note: a setting might still be used by a command; to exclude a key from this `lintUnused` check[0m
2023.07.29 17:05:18 INFO  [warn] either append it to `Global / excludeLintKeys` or call .withRank(KeyRanks.Invisible) on the key[0m
2023.07.29 17:05:21 INFO  [success] Generated .bloop/scala.json[0m
2023.07.29 17:05:21 INFO  [success] Generated .bloop/scala-test.json[0m
2023.07.29 17:05:21 INFO  [success] Total time: 2 s, completed Jul 29, 2023, 5:05:21 PM[0m
2023.07.29 17:05:21 INFO  time: ran 'sbt bloopInstall' in 14s[0m
2023.07.29 17:05:21 INFO  Disconnecting from Bloop session...[0m
2023.07.29 17:05:21 INFO  Shut down connection with build server.[0m
2023.07.29 17:05:21 INFO  Shut down connection with build server.[0m
2023.07.29 17:05:21 INFO  Attempting to connect to the build server...[0m
2023.07.29 17:05:21 INFO  Bloop uses /home/threadedstream/.jabba/jdk/openjdk@1.17.0 defined at /home/threadedstream/.bloop/bloop.json[0m
2023.07.29 17:05:21 INFO  tracing is disabled for protocol BSP, to enable tracing of incoming and outgoing JSON messages create an empty file at /home/threadedstream/langshardway/scala/.metals/bsp.trace.json or /home/threadedstream/.cache/metals/bsp.trace.json[0m
2023.07.29 17:05:21 INFO  Attempting to connect to the build server...[0m
2023.07.29 17:05:21 INFO  Bloop uses /home/threadedstream/.jabba/jdk/openjdk@1.17.0 defined at /home/threadedstream/.bloop/bloop.json[0m
2023.07.29 17:05:21 INFO  tracing is disabled for protocol BSP, to enable tracing of incoming and outgoing JSON messages create an empty file at /home/threadedstream/langshardway/scala/project/.metals/bsp.trace.json or /home/threadedstream/.cache/metals/bsp.trace.json[0m
2023.07.29 17:05:21 INFO  time: Connected to build server in 0.15s[0m
2023.07.29 17:05:21 INFO  Connected to Build server: Bloop v1.5.8[0m
2023.07.29 17:05:23 INFO  time: indexed workspace in 1.61s[0m
2023.07.29 17:05:23 INFO  compiling scala (1 scala source)[0m
2023.07.29 17:05:25 INFO  time: compiled scala in 1.25s[0m
2023.07.29 17:05:25 WARN  Could not load snapshot text for /home/threadedstream/langshardway/scala/src/main/scala/Main.scala[0m
2023.07.29 17:05:26 WARN  Could not load snapshot text for /home/threadedstream/langshardway/scala/src/main/scala/Main.scala[0m
2023.07.29 17:05:26 WARN  Could not load snapshot text for /home/threadedstream/langshardway/scala/src/main/scala/Main.scala[0m
2023.07.29 17:05:27 WARN  Could not load snapshot text for /home/threadedstream/langshardway/scala/src/main/scala/Main.scala[0m
2023.07.29 17:05:28 WARN  Could not load snapshot text for /home/threadedstream/langshardway/scala/src/main/scala/Main.scala[0m
2023.07.29 17:05:29 WARN  Could not load snapshot text for /home/threadedstream/langshardway/scala/src/main/scala/Main.scala[0m
2023.07.29 17:05:30 WARN  Could not load snapshot text for /home/threadedstream/langshardway/scala/src/main/scala/Main.scala[0m
2023.07.29 17:05:31 WARN  Could not load snapshot text for /home/threadedstream/langshardway/scala/src/main/scala/Main.scala[0m
2023.07.29 17:05:33 WARN  Could not load snapshot text for /home/threadedstream/langshardway/scala/src/main/scala/Main.scala[0m
2023.07.29 17:05:33 WARN  Could not load snapshot text for /home/threadedstream/langshardway/scala/src/main/scala/Main.scala[0m
2023.07.29 17:05:33 INFO  compiling scala (1 scala source)[0m
2023.07.29 17:05:33 INFO  time: compiled scala in 0.12s[0m
2023.07.29 17:05:35 INFO  compiling scala (1 scala source)[0m
2023.07.29 17:05:35 INFO  time: compiled scala in 0.11s[0m
2023.07.29 17:05:59 INFO  compiling scala (1 scala source)[0m
2023.07.29 17:05:59 INFO  time: compiled scala in 0.14s[0m
2023.07.29 17:06:02 INFO  compiling scala (1 scala source)[0m
2023.07.29 17:06:02 INFO  time: compiled scala in 0.19s[0m
2023.07.29 17:06:03 WARN  Could not load snapshot text for /home/threadedstream/langshardway/scala/src/main/scala/Main.scala[0m
2023.07.29 17:06:03 INFO  compiling scala (1 scala source)[0m
2023.07.29 17:06:03 INFO  time: compiled scala in 0.14s[0m
2023.07.29 17:06:08 INFO  compiling scala (1 scala source)[0m
2023.07.29 17:06:08 INFO  time: compiled scala in 0.14s[0m
2023.07.29 17:06:34 INFO  compiling scala (1 scala source)[0m
2023.07.29 17:06:34 WARN  Could not load snapshot text for /home/threadedstream/langshardway/scala/src/main/scala/Main.scala[0m
2023.07.29 17:06:34 INFO  time: compiled scala in 0.2s[0m
2023.07.29 17:06:38 INFO  compiling scala (1 scala source)[0m
2023.07.29 17:06:38 INFO  time: compiled scala in 0.27s[0m
2023.07.29 17:07:41 INFO  compiling scala (1 scala source)[0m
2023.07.29 17:07:41 INFO  time: compiled scala in 47ms[0m
2023.07.29 17:07:41 WARN  Could not load snapshot text for /home/threadedstream/langshardway/scala/src/main/scala/Main.scala[0m
2023.07.29 17:07:41 INFO  compiling scala (1 scala source)[0m
2023.07.29 17:07:41 INFO  time: compiled scala in 69ms[0m
2023.07.29 17:07:41 WARN  Could not load snapshot text for /home/threadedstream/langshardway/scala/src/main/scala/Main.scala[0m
2023.07.29 17:07:44 WARN  Could not load snapshot text for /home/threadedstream/langshardway/scala/src/main/scala/Main.scala[0m
2023.07.29 17:07:44 WARN  Could not load snapshot text for /home/threadedstream/langshardway/scala/src/main/scala/Main.scala[0m
2023.07.29 17:07:45 INFO  compiling scala (1 scala source)[0m
2023.07.29 17:07:45 INFO  time: compiled scala in 44ms[0m
2023.07.29 17:07:44 WARN  Could not load snapshot text for /home/threadedstream/langshardway/scala/src/main/scala/Main.scala[0m
2023.07.29 17:07:46 WARN  Could not load snapshot text for /home/threadedstream/langshardway/scala/src/main/scala/Main.scala[0m
2023.07.29 17:07:46 INFO  compiling scala (1 scala source)[0m
2023.07.29 17:07:46 INFO  time: compiled scala in 44ms[0m
2023.07.29 17:07:47 WARN  Could not load snapshot text for /home/threadedstream/langshardway/scala/src/main/scala/Main.scala[0m
2023.07.29 17:07:48 WARN  Could not load snapshot text for /home/threadedstream/langshardway/scala/src/main/scala/Main.scala[0m
2023.07.29 17:07:48 WARN  Could not load snapshot text for /home/threadedstream/langshardway/scala/src/main/scala/Main.scala[0m
2023.07.29 17:07:48 INFO  compiling scala (1 scala source)[0m
2023.07.29 17:07:48 INFO  time: compiled scala in 42ms[0m
2023.07.29 17:07:49 WARN  Could not load snapshot text for /home/threadedstream/langshardway/scala/src/main/scala/Main.scala[0m
2023.07.29 17:07:50 WARN  Could not load snapshot text for /home/threadedstream/langshardway/scala/src/main/scala/Main.scala[0m
2023.07.29 17:07:51 WARN  Could not load snapshot text for /home/threadedstream/langshardway/scala/src/main/scala/Main.scala[0m
2023.07.29 17:07:54 WARN  Could not load snapshot text for /home/threadedstream/langshardway/scala/src/main/scala/Main.scala[0m
2023.07.29 17:07:56 WARN  Could not load snapshot text for /home/threadedstream/langshardway/scala/src/main/scala/Main.scala[0m
2023.07.29 17:07:56 WARN  Could not load snapshot text for /home/threadedstream/langshardway/scala/src/main/scala/Main.scala[0m
2023.07.29 17:07:58 WARN  Could not load snapshot text for /home/threadedstream/langshardway/scala/src/main/scala/Main.scala[0m
2023.07.29 17:08:00 WARN  Could not load snapshot text for /home/threadedstream/langshardway/scala/src/main/scala/Main.scala[0m
2023.07.29 17:08:02 WARN  Could not load snapshot text for /home/threadedstream/langshardway/scala/src/main/scala/Main.scala[0m
2023.07.29 17:08:04 WARN  Could not load snapshot text for /home/threadedstream/langshardway/scala/src/main/scala/Main.scala[0m
2023.07.29 17:08:04 INFO  compiling scala (1 scala source)[0m
2023.07.29 17:08:04 INFO  time: compiled scala in 48ms[0m
2023.07.29 17:08:04 WARN  Could not load snapshot text for /home/threadedstream/langshardway/scala/src/main/scala/Main.scala[0m
2023.07.29 17:08:05 WARN  Could not load snapshot text for /home/threadedstream/langshardway/scala/src/main/scala/Main.scala[0m
2023.07.29 17:08:06 WARN  Could not load snapshot text for /home/threadedstream/langshardway/scala/src/main/scala/Main.scala[0m
2023.07.29 17:08:06 INFO  compiling scala (1 scala source)[0m
2023.07.29 17:08:06 INFO  time: compiled scala in 59ms[0m
2023.07.29 17:08:06 WARN  Could not load snapshot text for /home/threadedstream/langshardway/scala/src/main/scala/Main.scala[0m
2023.07.29 17:08:06 INFO  compiling scala (1 scala source)[0m
2023.07.29 17:08:06 INFO  time: compiled scala in 43ms[0m
2023.07.29 17:08:07 WARN  Could not load snapshot text for /home/threadedstream/langshardway/scala/src/main/scala/Main.scala[0m
2023.07.29 17:08:12 WARN  Could not load snapshot text for /home/threadedstream/langshardway/scala/src/main/scala/Main.scala[0m
2023.07.29 17:08:13 WARN  Could not load snapshot text for /home/threadedstream/langshardway/scala/src/main/scala/Main.scala[0m
2023.07.29 17:08:13 INFO  compiling scala (1 scala source)[0m
2023.07.29 17:08:13 INFO  time: compiled scala in 41ms[0m
2023.07.29 17:08:14 WARN  Could not load snapshot text for /home/threadedstream/langshardway/scala/src/main/scala/Main.scala[0m
2023.07.29 17:08:16 INFO  compiling scala (1 scala source)[0m
2023.07.29 17:08:16 WARN  Could not load snapshot text for /home/threadedstream/langshardway/scala/src/main/scala/Main.scala[0m
2023.07.29 17:08:16 INFO  time: compiled scala in 0.25s[0m
2023.07.29 17:08:25 INFO  compiling scala (1 scala source)[0m
2023.07.29 17:08:25 INFO  time: compiled scala in 93ms[0m
2023.07.29 17:08:37 INFO  Shutting down server[0m
2023.07.29 17:08:37 INFO  shutting down Metals[0m
2023.07.29 17:08:37 INFO  Shut down connection with build server.[0m
2023.07.29 17:08:37 INFO  Shut down connection with build server.[0m
2023.07.29 17:08:37 INFO  Exiting server[0m
